/var/spool/slurmd/job13703533/slurm_script: line 9: SECONDS: command not found
/var/spool/slurmd/job13703533/slurm_script: line 10: cd: /home/sv496/project/metabolic_graph: No such file or directory

CommandNotFoundError: Your shell has not been properly configured to use 'conda deactivate'.
To initialize your shell, run

    $ conda init <SHELL_NAME>

Currently supported shells are:
  - bash
  - fish
  - tcsh
  - xonsh
  - zsh
  - powershell

See 'conda init --help' for more information and options.

IMPORTANT: You may need to close and restart your shell after running 'conda init'.


INFO:Logger:0, / ,100, epoch,Train loss:, 63.081107, Val loss:, 33.201912, --- 4.1260 seconds --- lr: 0.01
INFO:Logger:1, / ,100, epoch,Train loss:, 31.443380, Val loss:, 30.156872, --- 4.3112 seconds --- lr: 0.01
INFO:Logger:2, / ,100, epoch,Train loss:, 28.496828, Val loss:, 27.342743, --- 4.0404 seconds --- lr: 0.01
INFO:Logger:3, / ,100, epoch,Train loss:, 25.800935, Val loss:, 24.786913, --- 4.0759 seconds --- lr: 0.01
INFO:Logger:4, / ,100, epoch,Train loss:, 23.358988, Val loss:, 22.473940, --- 4.1549 seconds --- lr: 0.01
INFO:Logger:5, / ,100, epoch,Train loss:, 21.164833, Val loss:, 20.406685, --- 3.9189 seconds --- lr: 0.01
INFO:Logger:6, / ,100, epoch,Train loss:, 19.195148, Val loss:, 18.554216, --- 4.1021 seconds --- lr: 0.01
INFO:Logger:7, / ,100, epoch,Train loss:, 17.428661, Val loss:, 16.893670, --- 4.2127 seconds --- lr: 0.01
INFO:Logger:8, / ,100, epoch,Train loss:, 15.852801, Val loss:, 15.417272, --- 3.8419 seconds --- lr: 0.01
INFO:Logger:9, / ,100, epoch,Train loss:, 14.446520, Val loss:, 14.096328, --- 4.2897 seconds --- lr: 0.01
INFO:Logger:10, / ,100, epoch,Train loss:, 13.196032, Val loss:, 12.920364, --- 4.1685 seconds --- lr: 0.01
INFO:Logger:11, / ,100, epoch,Train loss:, 12.081663, Val loss:, 11.878970, --- 3.9896 seconds --- lr: 0.01
INFO:Logger:12, / ,100, epoch,Train loss:, 11.092418, Val loss:, 10.951641, --- 4.1133 seconds --- lr: 0.01
INFO:Logger:13, / ,100, epoch,Train loss:, 10.216531, Val loss:, 10.132341, --- 3.8642 seconds --- lr: 0.01
INFO:Logger:14, / ,100, epoch,Train loss:, 9.441178, Val loss:, 9.407610, --- 4.1572 seconds --- lr: 0.01
INFO:Logger:15, / ,100, epoch,Train loss:, 8.754090, Val loss:, 8.765830, --- 3.9941 seconds --- lr: 0.01
INFO:Logger:16, / ,100, epoch,Train loss:, 8.147924, Val loss:, 8.197000, --- 3.9657 seconds --- lr: 0.01
INFO:Logger:17, / ,100, epoch,Train loss:, 7.613473, Val loss:, 7.696243, --- 4.0637 seconds --- lr: 0.01
INFO:Logger:18, / ,100, epoch,Train loss:, 7.141883, Val loss:, 7.251639, --- 4.1065 seconds --- lr: 0.01
INFO:Logger:19, / ,100, epoch,Train loss:, 6.726006, Val loss:, 6.864917, --- 4.0209 seconds --- lr: 0.01
INFO:Logger:20, / ,100, epoch,Train loss:, 6.359404, Val loss:, 6.523024, --- 4.1419 seconds --- lr: 0.01
INFO:Logger:21, / ,100, epoch,Train loss:, 6.038395, Val loss:, 6.221385, --- 4.2772 seconds --- lr: 0.01
INFO:Logger:22, / ,100, epoch,Train loss:, 5.756413, Val loss:, 5.955284, --- 4.0987 seconds --- lr: 0.01
INFO:Logger:23, / ,100, epoch,Train loss:, 5.509076, Val loss:, 5.723839, --- 3.9921 seconds --- lr: 0.01
INFO:Logger:24, / ,100, epoch,Train loss:, 5.293175, Val loss:, 5.521979, --- 4.0231 seconds --- lr: 0.01
INFO:Logger:25, / ,100, epoch,Train loss:, 5.103329, Val loss:, 5.342100, --- 4.1178 seconds --- lr: 0.01
INFO:Logger:26, / ,100, epoch,Train loss:, 4.937767, Val loss:, 5.186512, --- 3.9260 seconds --- lr: 0.01
INFO:Logger:27, / ,100, epoch,Train loss:, 4.794343, Val loss:, 5.048739, --- 3.9984 seconds --- lr: 0.01
INFO:Logger:28, / ,100, epoch,Train loss:, 4.668620, Val loss:, 4.931090, --- 4.4228 seconds --- lr: 0.01
INFO:Logger:29, / ,100, epoch,Train loss:, 4.559593, Val loss:, 4.826956, --- 4.1089 seconds --- lr: 0.01
INFO:Logger:30, / ,100, epoch,Train loss:, 4.465087, Val loss:, 4.736286, --- 3.9768 seconds --- lr: 0.01
INFO:Logger:31, / ,100, epoch,Train loss:, 4.383077, Val loss:, 4.658458, --- 4.0879 seconds --- lr: 0.01
INFO:Logger:32, / ,100, epoch,Train loss:, 4.312903, Val loss:, 4.590316, --- 4.2119 seconds --- lr: 0.01
INFO:Logger:33, / ,100, epoch,Train loss:, 4.252907, Val loss:, 4.534114, --- 4.2109 seconds --- lr: 0.01
INFO:Logger:34, / ,100, epoch,Train loss:, 4.200950, Val loss:, 4.480521, --- 4.0623 seconds --- lr: 0.01
INFO:Logger:35, / ,100, epoch,Train loss:, 4.156676, Val loss:, 4.439210, --- 4.2110 seconds --- lr: 0.01
INFO:Logger:36, / ,100, epoch,Train loss:, 4.119876, Val loss:, 4.402042, --- 4.2557 seconds --- lr: 0.01
INFO:Logger:37, / ,100, epoch,Train loss:, 4.088326, Val loss:, 4.373952, --- 3.9674 seconds --- lr: 0.01
INFO:Logger:38, / ,100, epoch,Train loss:, 4.062101, Val loss:, 4.346808, --- 4.1470 seconds --- lr: 0.01
INFO:Logger:39, / ,100, epoch,Train loss:, 4.039915, Val loss:, 4.322860, --- 3.9197 seconds --- lr: 0.01
INFO:Logger:40, / ,100, epoch,Train loss:, 4.020984, Val loss:, 4.306526, --- 4.1576 seconds --- lr: 0.01
INFO:Logger:41, / ,100, epoch,Train loss:, 4.005767, Val loss:, 4.289043, --- 4.0259 seconds --- lr: 0.01
INFO:Logger:42, / ,100, epoch,Train loss:, 3.992726, Val loss:, 4.276799, --- 4.2516 seconds --- lr: 0.01
INFO:Logger:43, / ,100, epoch,Train loss:, 3.982267, Val loss:, 4.265749, --- 4.1327 seconds --- lr: 0.01
INFO:Logger:44, / ,100, epoch,Train loss:, 3.973537, Val loss:, 4.257065, --- 4.0706 seconds --- lr: 0.01
INFO:Logger:45, / ,100, epoch,Train loss:, 3.966807, Val loss:, 4.249284, --- 4.0066 seconds --- lr: 0.01
INFO:Logger:46, / ,100, epoch,Train loss:, 3.961482, Val loss:, 4.243313, --- 3.9151 seconds --- lr: 0.01
INFO:Logger:47, / ,100, epoch,Train loss:, 3.957079, Val loss:, 4.240074, --- 3.8640 seconds --- lr: 0.01
INFO:Logger:48, / ,100, epoch,Train loss:, 3.953843, Val loss:, 4.233639, --- 4.4792 seconds --- lr: 0.01
INFO:Logger:49, / ,100, epoch,Train loss:, 3.950804, Val loss:, 4.233089, --- 3.8943 seconds --- lr: 0.01
INFO:Logger:50, / ,100, epoch,Train loss:, 3.948866, Val loss:, 4.230030, --- 4.4775 seconds --- lr: 0.01
INFO:Logger:51, / ,100, epoch,Train loss:, 3.947309, Val loss:, 4.228479, --- 3.8820 seconds --- lr: 0.01
INFO:Logger:52, / ,100, epoch,Train loss:, 3.946110, Val loss:, 4.226446, --- 3.9199 seconds --- lr: 0.01
INFO:Logger:53, / ,100, epoch,Train loss:, 3.945255, Val loss:, 4.224724, --- 4.1245 seconds --- lr: 0.01
INFO:Logger:54, / ,100, epoch,Train loss:, 3.944812, Val loss:, 4.222828, --- 4.0198 seconds --- lr: 0.01
INFO:Logger:55, / ,100, epoch,Train loss:, 3.943886, Val loss:, 4.222318, --- 3.9606 seconds --- lr: 0.01
INFO:Logger:56, / ,100, epoch,Train loss:, 3.943561, Val loss:, 4.222320, --- 3.9900 seconds --- lr: 0.01
INFO:Logger:57, / ,100, epoch,Train loss:, 3.943451, Val loss:, 4.222174, --- 4.1678 seconds --- lr: 0.01
INFO:Logger:58, / ,100, epoch,Train loss:, 3.943113, Val loss:, 4.222271, --- 4.0185 seconds --- lr: 0.01
INFO:Logger:59, / ,100, epoch,Train loss:, 3.943153, Val loss:, 4.222528, --- 4.1935 seconds --- lr: 0.01
INFO:Logger:60, / ,100, epoch,Train loss:, 3.943540, Val loss:, 4.220388, --- 3.9095 seconds --- lr: 0.01
INFO:Logger:61, / ,100, epoch,Train loss:, 3.942814, Val loss:, 4.221354, --- 4.3855 seconds --- lr: 0.01
INFO:Logger:62, / ,100, epoch,Train loss:, 3.943266, Val loss:, 4.219158, --- 3.9726 seconds --- lr: 0.01
INFO:Logger:63, / ,100, epoch,Train loss:, 3.942921, Val loss:, 4.220584, --- 4.4730 seconds --- lr: 0.01
INFO:Logger:64, / ,100, epoch,Train loss:, 3.942622, Val loss:, 4.219143, --- 4.5206 seconds --- lr: 0.01
INFO:Logger:65, / ,100, epoch,Train loss:, 3.943346, Val loss:, 4.219622, --- 3.9754 seconds --- lr: 0.01
INFO:Logger:66, / ,100, epoch,Train loss:, 3.942840, Val loss:, 4.221707, --- 4.4569 seconds --- lr: 0.01
INFO:Logger:67, / ,100, epoch,Train loss:, 3.942398, Val loss:, 4.218803, --- 4.2665 seconds --- lr: 0.01
INFO:Logger:68, / ,100, epoch,Train loss:, 3.942389, Val loss:, 4.220771, --- 4.2279 seconds --- lr: 0.01
INFO:Logger:69, / ,100, epoch,Train loss:, 3.942554, Val loss:, 4.218195, --- 4.2247 seconds --- lr: 0.01
INFO:Logger:70, / ,100, epoch,Train loss:, 3.943166, Val loss:, 4.219086, --- 4.0479 seconds --- lr: 0.01
INFO:Logger:71, / ,100, epoch,Train loss:, 3.943265, Val loss:, 4.217038, --- 4.2219 seconds --- lr: 0.01
INFO:Logger:72, / ,100, epoch,Train loss:, 3.942756, Val loss:, 4.220378, --- 4.2214 seconds --- lr: 0.01
INFO:Logger:73, / ,100, epoch,Train loss:, 3.942746, Val loss:, 4.220938, --- 4.1838 seconds --- lr: 0.01
INFO:Logger:74, / ,100, epoch,Train loss:, 3.942700, Val loss:, 4.223396, --- 4.0487 seconds --- lr: 0.01
INFO:Logger:75, / ,100, epoch,Train loss:, 3.942848, Val loss:, 4.221048, --- 4.0205 seconds --- lr: 0.01
INFO:Logger:76, / ,100, epoch,Train loss:, 3.943072, Val loss:, 4.220315, --- 3.9514 seconds --- lr: 0.01
INFO:Logger:77, / ,100, epoch,Train loss:, 3.942939, Val loss:, 4.217504, --- 4.2662 seconds --- lr: 0.01
INFO:Logger:78, / ,100, epoch,Train loss:, 3.943218, Val loss:, 4.219974, --- 4.2171 seconds --- lr: 0.01
INFO:Logger:79, / ,100, epoch,Train loss:, 3.942817, Val loss:, 4.219642, --- 4.2207 seconds --- lr: 0.01
INFO:Logger:80, / ,100, epoch,Train loss:, 3.942814, Val loss:, 4.219920, --- 4.2109 seconds --- lr: 0.01
INFO:Logger:81, / ,100, epoch,Train loss:, 3.943198, Val loss:, 4.220673, --- 4.3445 seconds --- lr: 0.01
INFO:Logger:82, / ,100, epoch,Train loss:, 3.942919, Val loss:, 4.219043, --- 4.0801 seconds --- lr: 0.01
INFO:Logger:83, / ,100, epoch,Train loss:, 3.943089, Val loss:, 4.220576, --- 4.0822 seconds --- lr: 0.01
INFO:Logger:84, / ,100, epoch,Train loss:, 3.942838, Val loss:, 4.222355, --- 4.3003 seconds --- lr: 0.01
INFO:Logger:85, / ,100, epoch,Train loss:, 3.942979, Val loss:, 4.220946, --- 4.4637 seconds --- lr: 0.01
INFO:Logger:86, / ,100, epoch,Train loss:, 3.943022, Val loss:, 4.221856, --- 4.0299 seconds --- lr: 0.01
INFO:Logger:87, / ,100, epoch,Train loss:, 3.942907, Val loss:, 4.219356, --- 4.0557 seconds --- lr: 0.01
INFO:Logger:88, / ,100, epoch,Train loss:, 3.943360, Val loss:, 4.218168, --- 3.9993 seconds --- lr: 0.01
INFO:Logger:89, / ,100, epoch,Train loss:, 3.943117, Val loss:, 4.220472, --- 4.1563 seconds --- lr: 0.01
INFO:Logger:90, / ,100, epoch,Train loss:, 3.942999, Val loss:, 4.219774, --- 4.4443 seconds --- lr: 0.01
INFO:Logger:91, / ,100, epoch,Train loss:, 3.943485, Val loss:, 4.223958, --- 3.9507 seconds --- lr: 0.01
INFO:Logger:92, / ,100, epoch,Train loss:, 3.942862, Val loss:, 4.221334, --- 4.2133 seconds --- lr: 0.01
INFO:Logger:93, / ,100, epoch,Train loss:, 3.943375, Val loss:, 4.219757, --- 4.2703 seconds --- lr: 0.01
INFO:Logger:94, / ,100, epoch,Train loss:, 3.942906, Val loss:, 4.220445, --- 4.0748 seconds --- lr: 0.01
INFO:Logger:95, / ,100, epoch,Train loss:, 3.943599, Val loss:, 4.221789, --- 4.2046 seconds --- lr: 0.01
INFO:Logger:96, / ,100, epoch,Train loss:, 3.943200, Val loss:, 4.221944, --- 4.0483 seconds --- lr: 0.01
INFO:Logger:97, / ,100, epoch,Train loss:, 3.943704, Val loss:, 4.219883, --- 3.9514 seconds --- lr: 0.01
INFO:Logger:98, / ,100, epoch,Train loss:, 3.943359, Val loss:, 4.218874, --- 4.0648 seconds --- lr: 0.01
INFO:Logger:99, / ,100, epoch,Train loss:, 3.943280, Val loss:, 4.220957, --- 4.2474 seconds --- lr: 0.01
INFO:Logger:Test loss:, 0.035583, 
INFO:Logger:0, / ,100, epoch,Train loss:, 103.817269, Val loss:, 32.976776, --- 4.2897 seconds --- lr: 0.01
INFO:Logger:1, / ,100, epoch,Train loss:, 32.118619, Val loss:, 30.307652, --- 4.2966 seconds --- lr: 0.01
INFO:Logger:2, / ,100, epoch,Train loss:, 29.442373, Val loss:, 27.705535, --- 4.2997 seconds --- lr: 0.01
INFO:Logger:3, / ,100, epoch,Train loss:, 26.884999, Val loss:, 25.263847, --- 4.3067 seconds --- lr: 0.01
INFO:Logger:4, / ,100, epoch,Train loss:, 24.502789, Val loss:, 23.008089, --- 4.0588 seconds --- lr: 0.01
INFO:Logger:5, / ,100, epoch,Train loss:, 22.309129, Val loss:, 20.938058, --- 4.2454 seconds --- lr: 0.01
INFO:Logger:6, / ,100, epoch,Train loss:, 20.305308, Val loss:, 19.056078, --- 4.1880 seconds --- lr: 0.01
INFO:Logger:7, / ,100, epoch,Train loss:, 18.490362, Val loss:, 17.358448, --- 4.1468 seconds --- lr: 0.01
INFO:Logger:8, / ,100, epoch,Train loss:, 16.849324, Val loss:, 15.828699, --- 4.3077 seconds --- lr: 0.01
INFO:Logger:9, / ,100, epoch,Train loss:, 15.367758, Val loss:, 14.454330, --- 4.0804 seconds --- lr: 0.01
INFO:Logger:10, / ,100, epoch,Train loss:, 14.036554, Val loss:, 13.217806, --- 4.3483 seconds --- lr: 0.01
INFO:Logger:11, / ,100, epoch,Train loss:, 12.842675, Val loss:, 12.109809, --- 4.0000 seconds --- lr: 0.01
INFO:Logger:12, / ,100, epoch,Train loss:, 11.774404, Val loss:, 11.125401, --- 4.2602 seconds --- lr: 0.01
INFO:Logger:13, / ,100, epoch,Train loss:, 10.824600, Val loss:, 10.247466, --- 4.3247 seconds --- lr: 0.01
INFO:Logger:14, / ,100, epoch,Train loss:, 9.976928, Val loss:, 9.471211, --- 4.1715 seconds --- lr: 0.01
INFO:Logger:15, / ,100, epoch,Train loss:, 9.228231, Val loss:, 8.784098, --- 4.2773 seconds --- lr: 0.01
INFO:Logger:16, / ,100, epoch,Train loss:, 8.562271, Val loss:, 8.174653, --- 4.1794 seconds --- lr: 0.01
INFO:Logger:17, / ,100, epoch,Train loss:, 7.972441, Val loss:, 7.634883, --- 4.1638 seconds --- lr: 0.01
INFO:Logger:18, / ,100, epoch,Train loss:, 7.450559, Val loss:, 7.160662, --- 4.2393 seconds --- lr: 0.01
INFO:Logger:19, / ,100, epoch,Train loss:, 6.993113, Val loss:, 6.741101, --- 4.4196 seconds --- lr: 0.01
INFO:Logger:20, / ,100, epoch,Train loss:, 6.589874, Val loss:, 6.380366, --- 3.9620 seconds --- lr: 0.01
INFO:Logger:21, / ,100, epoch,Train loss:, 6.236974, Val loss:, 6.059114, --- 4.3478 seconds --- lr: 0.01
INFO:Logger:22, / ,100, epoch,Train loss:, 5.928407, Val loss:, 5.778049, --- 4.2750 seconds --- lr: 0.01
INFO:Logger:23, / ,100, epoch,Train loss:, 5.657408, Val loss:, 5.535378, --- 4.2500 seconds --- lr: 0.01
INFO:Logger:24, / ,100, epoch,Train loss:, 5.420163, Val loss:, 5.319831, --- 4.0697 seconds --- lr: 0.01
INFO:Logger:25, / ,100, epoch,Train loss:, 5.213336, Val loss:, 5.133846, --- 4.2244 seconds --- lr: 0.01
INFO:Logger:26, / ,100, epoch,Train loss:, 5.034103, Val loss:, 4.972187, --- 4.0327 seconds --- lr: 0.01
INFO:Logger:27, / ,100, epoch,Train loss:, 4.877358, Val loss:, 4.833384, --- 4.0230 seconds --- lr: 0.01
INFO:Logger:28, / ,100, epoch,Train loss:, 4.742003, Val loss:, 4.711879, --- 4.4547 seconds --- lr: 0.01
INFO:Logger:29, / ,100, epoch,Train loss:, 4.625941, Val loss:, 4.608245, --- 4.2222 seconds --- lr: 0.01
INFO:Logger:30, / ,100, epoch,Train loss:, 4.525220, Val loss:, 4.517268, --- 4.0026 seconds --- lr: 0.01
INFO:Logger:31, / ,100, epoch,Train loss:, 4.438267, Val loss:, 4.440379, --- 3.9936 seconds --- lr: 0.01
INFO:Logger:32, / ,100, epoch,Train loss:, 4.362831, Val loss:, 4.373906, --- 4.2164 seconds --- lr: 0.01
INFO:Logger:33, / ,100, epoch,Train loss:, 4.298091, Val loss:, 4.317216, --- 4.0210 seconds --- lr: 0.01
INFO:Logger:34, / ,100, epoch,Train loss:, 4.242701, Val loss:, 4.267834, --- 4.2591 seconds --- lr: 0.01
INFO:Logger:35, / ,100, epoch,Train loss:, 4.196074, Val loss:, 4.225595, --- 4.5937 seconds --- lr: 0.01
INFO:Logger:36, / ,100, epoch,Train loss:, 4.156311, Val loss:, 4.190145, --- 4.3754 seconds --- lr: 0.01
INFO:Logger:37, / ,100, epoch,Train loss:, 4.122361, Val loss:, 4.159772, --- 4.2252 seconds --- lr: 0.01
INFO:Logger:38, / ,100, epoch,Train loss:, 4.094483, Val loss:, 4.136002, --- 4.3686 seconds --- lr: 0.01
INFO:Logger:39, / ,100, epoch,Train loss:, 4.071050, Val loss:, 4.115435, --- 4.2178 seconds --- lr: 0.01
INFO:Logger:40, / ,100, epoch,Train loss:, 4.051452, Val loss:, 4.097284, --- 4.3514 seconds --- lr: 0.01
INFO:Logger:41, / ,100, epoch,Train loss:, 4.035478, Val loss:, 4.084868, --- 4.3393 seconds --- lr: 0.01
INFO:Logger:42, / ,100, epoch,Train loss:, 4.022092, Val loss:, 4.073220, --- 4.1709 seconds --- lr: 0.01
INFO:Logger:43, / ,100, epoch,Train loss:, 4.011488, Val loss:, 4.064005, --- 4.3218 seconds --- lr: 0.01
INFO:Logger:44, / ,100, epoch,Train loss:, 4.001937, Val loss:, 4.053889, --- 4.1892 seconds --- lr: 0.01
INFO:Logger:45, / ,100, epoch,Train loss:, 3.994758, Val loss:, 4.049993, --- 4.3718 seconds --- lr: 0.01
INFO:Logger:46, / ,100, epoch,Train loss:, 3.989807, Val loss:, 4.045152, --- 4.2674 seconds --- lr: 0.01
INFO:Logger:47, / ,100, epoch,Train loss:, 3.984868, Val loss:, 4.040529, --- 3.9517 seconds --- lr: 0.01
INFO:Logger:48, / ,100, epoch,Train loss:, 3.981314, Val loss:, 4.039449, --- 4.2059 seconds --- lr: 0.01
INFO:Logger:49, / ,100, epoch,Train loss:, 3.978196, Val loss:, 4.036823, --- 4.1189 seconds --- lr: 0.01
INFO:Logger:50, / ,100, epoch,Train loss:, 3.975991, Val loss:, 4.036102, --- 4.1458 seconds --- lr: 0.01
INFO:Logger:51, / ,100, epoch,Train loss:, 3.974378, Val loss:, 4.032847, --- 4.2909 seconds --- lr: 0.01
INFO:Logger:52, / ,100, epoch,Train loss:, 3.972654, Val loss:, 4.031696, --- 4.1202 seconds --- lr: 0.01
INFO:Logger:53, / ,100, epoch,Train loss:, 3.971802, Val loss:, 4.031283, --- 4.3290 seconds --- lr: 0.01
INFO:Logger:54, / ,100, epoch,Train loss:, 3.971128, Val loss:, 4.030568, --- 4.2334 seconds --- lr: 0.01
INFO:Logger:55, / ,100, epoch,Train loss:, 3.970734, Val loss:, 4.030299, --- 4.2356 seconds --- lr: 0.01
INFO:Logger:56, / ,100, epoch,Train loss:, 3.970589, Val loss:, 4.030449, --- 4.0471 seconds --- lr: 0.01
INFO:Logger:57, / ,100, epoch,Train loss:, 3.970346, Val loss:, 4.029345, --- 3.9888 seconds --- lr: 0.01
INFO:Logger:58, / ,100, epoch,Train loss:, 3.970296, Val loss:, 4.028683, --- 4.1135 seconds --- lr: 0.01
INFO:Logger:59, / ,100, epoch,Train loss:, 3.969510, Val loss:, 4.031150, --- 4.2699 seconds --- lr: 0.01
INFO:Logger:60, / ,100, epoch,Train loss:, 3.969512, Val loss:, 4.032074, --- 4.2257 seconds --- lr: 0.01
INFO:Logger:61, / ,100, epoch,Train loss:, 3.969842, Val loss:, 4.031943, --- 3.9609 seconds --- lr: 0.01
INFO:Logger:62, / ,100, epoch,Train loss:, 3.969660, Val loss:, 4.031608, --- 4.3782 seconds --- lr: 0.01
INFO:Logger:63, / ,100, epoch,Train loss:, 3.969757, Val loss:, 4.032189, --- 4.1683 seconds --- lr: 0.01
INFO:Logger:64, / ,100, epoch,Train loss:, 3.969146, Val loss:, 4.029485, --- 4.2084 seconds --- lr: 0.01
INFO:Logger:65, / ,100, epoch,Train loss:, 3.969389, Val loss:, 4.028507, --- 4.4145 seconds --- lr: 0.01
INFO:Logger:66, / ,100, epoch,Train loss:, 3.969354, Val loss:, 4.028663, --- 4.2220 seconds --- lr: 0.01
INFO:Logger:67, / ,100, epoch,Train loss:, 3.969637, Val loss:, 4.030659, --- 4.0576 seconds --- lr: 0.01
INFO:Logger:68, / ,100, epoch,Train loss:, 3.969522, Val loss:, 4.028868, --- 4.2042 seconds --- lr: 0.01
INFO:Logger:69, / ,100, epoch,Train loss:, 3.969712, Val loss:, 4.028509, --- 4.3447 seconds --- lr: 0.01
INFO:Logger:70, / ,100, epoch,Train loss:, 3.969401, Val loss:, 4.026640, --- 4.1794 seconds --- lr: 0.01
INFO:Logger:71, / ,100, epoch,Train loss:, 3.969965, Val loss:, 4.025627, --- 4.2631 seconds --- lr: 0.01
INFO:Logger:72, / ,100, epoch,Train loss:, 3.969718, Val loss:, 4.027163, --- 4.1191 seconds --- lr: 0.01
INFO:Logger:73, / ,100, epoch,Train loss:, 3.969728, Val loss:, 4.029883, --- 4.3122 seconds --- lr: 0.01
INFO:Logger:74, / ,100, epoch,Train loss:, 3.969474, Val loss:, 4.028826, --- 4.4377 seconds --- lr: 0.01
INFO:Logger:75, / ,100, epoch,Train loss:, 3.969463, Val loss:, 4.028443, --- 4.1781 seconds --- lr: 0.01
INFO:Logger:76, / ,100, epoch,Train loss:, 3.969651, Val loss:, 4.029674, --- 3.9985 seconds --- lr: 0.01
INFO:Logger:77, / ,100, epoch,Train loss:, 3.969547, Val loss:, 4.028682, --- 4.0638 seconds --- lr: 0.01
INFO:Logger:78, / ,100, epoch,Train loss:, 3.969978, Val loss:, 4.029239, --- 4.5147 seconds --- lr: 0.01
INFO:Logger:79, / ,100, epoch,Train loss:, 3.969729, Val loss:, 4.028419, --- 4.0320 seconds --- lr: 0.01
INFO:Logger:80, / ,100, epoch,Train loss:, 3.970026, Val loss:, 4.029617, --- 4.1205 seconds --- lr: 0.01
INFO:Logger:81, / ,100, epoch,Train loss:, 3.969801, Val loss:, 4.029928, --- 3.8466 seconds --- lr: 0.01
INFO:Logger:82, / ,100, epoch,Train loss:, 3.969915, Val loss:, 4.029924, --- 4.0308 seconds --- lr: 0.01
INFO:Logger:83, / ,100, epoch,Train loss:, 3.969716, Val loss:, 4.030384, --- 4.1052 seconds --- lr: 0.01
INFO:Logger:84, / ,100, epoch,Train loss:, 3.970433, Val loss:, 4.028243, --- 3.9373 seconds --- lr: 0.01
INFO:Logger:85, / ,100, epoch,Train loss:, 3.969734, Val loss:, 4.028459, --- 4.2508 seconds --- lr: 0.01
INFO:Logger:86, / ,100, epoch,Train loss:, 3.969667, Val loss:, 4.028366, --- 4.2390 seconds --- lr: 0.01
INFO:Logger:87, / ,100, epoch,Train loss:, 3.969804, Val loss:, 4.027895, --- 3.9682 seconds --- lr: 0.01
INFO:Logger:88, / ,100, epoch,Train loss:, 3.969324, Val loss:, 4.028838, --- 4.1829 seconds --- lr: 0.01
INFO:Logger:89, / ,100, epoch,Train loss:, 3.969765, Val loss:, 4.029924, --- 3.8742 seconds --- lr: 0.01
INFO:Logger:90, / ,100, epoch,Train loss:, 3.969857, Val loss:, 4.030645, --- 4.0419 seconds --- lr: 0.01
INFO:Logger:91, / ,100, epoch,Train loss:, 3.969833, Val loss:, 4.030390, --- 4.0811 seconds --- lr: 0.01
INFO:Logger:92, / ,100, epoch,Train loss:, 3.969953, Val loss:, 4.026864, --- 4.0692 seconds --- lr: 0.01
INFO:Logger:93, / ,100, epoch,Train loss:, 3.969857, Val loss:, 4.031885, --- 4.1480 seconds --- lr: 0.01
INFO:Logger:94, / ,100, epoch,Train loss:, 3.969972, Val loss:, 4.029743, --- 4.1718 seconds --- lr: 0.01
INFO:Logger:95, / ,100, epoch,Train loss:, 3.970106, Val loss:, 4.028878, --- 3.9877 seconds --- lr: 0.01
INFO:Logger:96, / ,100, epoch,Train loss:, 3.969659, Val loss:, 4.029751, --- 4.2555 seconds --- lr: 0.01
INFO:Logger:97, / ,100, epoch,Train loss:, 3.969649, Val loss:, 4.030364, --- 4.1717 seconds --- lr: 0.01
INFO:Logger:98, / ,100, epoch,Train loss:, 3.970103, Val loss:, 4.029695, --- 3.9393 seconds --- lr: 0.01
INFO:Logger:99, / ,100, epoch,Train loss:, 3.970141, Val loss:, 4.027907, --- 4.2197 seconds --- lr: 0.01
INFO:Logger:Test loss:, 0.036526, 
INFO:Logger:0, / ,100, epoch,Train loss:, 91.001744, Val loss:, 33.687777, --- 4.1400 seconds --- lr: 0.01
INFO:Logger:1, / ,100, epoch,Train loss:, 31.699866, Val loss:, 30.854087, --- 3.9633 seconds --- lr: 0.01
INFO:Logger:2, / ,100, epoch,Train loss:, 28.941606, Val loss:, 28.126355, --- 4.0070 seconds --- lr: 0.01
INFO:Logger:3, / ,100, epoch,Train loss:, 26.343838, Val loss:, 25.584565, --- 4.1433 seconds --- lr: 0.01
INFO:Logger:4, / ,100, epoch,Train loss:, 23.945073, Val loss:, 23.257924, --- 4.0934 seconds --- lr: 0.01
INFO:Logger:5, / ,100, epoch,Train loss:, 21.757117, Val loss:, 21.136547, --- 4.1846 seconds --- lr: 0.01
INFO:Logger:6, / ,100, epoch,Train loss:, 19.772026, Val loss:, 19.213441, --- 4.1769 seconds --- lr: 0.01
INFO:Logger:7, / ,100, epoch,Train loss:, 17.979550, Val loss:, 17.476451, --- 4.0259 seconds --- lr: 0.01
INFO:Logger:8, / ,100, epoch,Train loss:, 16.367937, Val loss:, 15.917762, --- 3.8352 seconds --- lr: 0.01
INFO:Logger:9, / ,100, epoch,Train loss:, 14.921077, Val loss:, 14.523472, --- 4.0745 seconds --- lr: 0.01
INFO:Logger:10, / ,100, epoch,Train loss:, 13.629574, Val loss:, 13.271553, --- 4.0536 seconds --- lr: 0.01
INFO:Logger:11, / ,100, epoch,Train loss:, 12.476506, Val loss:, 12.154020, --- 4.0110 seconds --- lr: 0.01
INFO:Logger:12, / ,100, epoch,Train loss:, 11.452811, Val loss:, 11.161017, --- 3.6958 seconds --- lr: 0.01
INFO:Logger:13, / ,100, epoch,Train loss:, 10.545822, Val loss:, 10.278995, --- 4.3706 seconds --- lr: 0.01
INFO:Logger:14, / ,100, epoch,Train loss:, 9.738290, Val loss:, 9.495056, --- 4.0713 seconds --- lr: 0.01
INFO:Logger:15, / ,100, epoch,Train loss:, 9.025827, Val loss:, 8.799347, --- 3.8269 seconds --- lr: 0.01
INFO:Logger:16, / ,100, epoch,Train loss:, 8.393396, Val loss:, 8.183264, --- 3.9811 seconds --- lr: 0.01
INFO:Logger:17, / ,100, epoch,Train loss:, 7.835434, Val loss:, 7.636678, --- 4.0181 seconds --- lr: 0.01
INFO:Logger:18, / ,100, epoch,Train loss:, 7.344838, Val loss:, 7.155188, --- 4.0186 seconds --- lr: 0.01
INFO:Logger:19, / ,100, epoch,Train loss:, 6.915075, Val loss:, 6.728333, --- 3.6116 seconds --- lr: 0.01
INFO:Logger:20, / ,100, epoch,Train loss:, 6.536271, Val loss:, 6.357952, --- 4.4117 seconds --- lr: 0.01
INFO:Logger:21, / ,100, epoch,Train loss:, 6.204261, Val loss:, 6.030028, --- 3.8775 seconds --- lr: 0.01
INFO:Logger:22, / ,100, epoch,Train loss:, 5.914076, Val loss:, 5.740771, --- 4.4113 seconds --- lr: 0.01
INFO:Logger:23, / ,100, epoch,Train loss:, 5.659585, Val loss:, 5.490355, --- 3.9326 seconds --- lr: 0.01
INFO:Logger:24, / ,100, epoch,Train loss:, 5.437779, Val loss:, 5.266320, --- 4.0530 seconds --- lr: 0.01
INFO:Logger:25, / ,100, epoch,Train loss:, 5.242401, Val loss:, 5.071850, --- 3.9777 seconds --- lr: 0.01
INFO:Logger:26, / ,100, epoch,Train loss:, 5.073170, Val loss:, 4.901979, --- 4.2621 seconds --- lr: 0.01
INFO:Logger:27, / ,100, epoch,Train loss:, 4.925064, Val loss:, 4.752400, --- 4.0795 seconds --- lr: 0.01
INFO:Logger:28, / ,100, epoch,Train loss:, 4.796753, Val loss:, 4.621965, --- 4.0734 seconds --- lr: 0.01
INFO:Logger:29, / ,100, epoch,Train loss:, 4.686306, Val loss:, 4.510259, --- 3.7560 seconds --- lr: 0.01
INFO:Logger:30, / ,100, epoch,Train loss:, 4.591350, Val loss:, 4.415171, --- 4.0148 seconds --- lr: 0.01
INFO:Logger:31, / ,100, epoch,Train loss:, 4.508297, Val loss:, 4.327946, --- 4.0560 seconds --- lr: 0.01
INFO:Logger:32, / ,100, epoch,Train loss:, 4.435937, Val loss:, 4.255806, --- 3.9120 seconds --- lr: 0.01
INFO:Logger:33, / ,100, epoch,Train loss:, 4.374269, Val loss:, 4.190583, --- 4.0259 seconds --- lr: 0.01
INFO:Logger:34, / ,100, epoch,Train loss:, 4.321144, Val loss:, 4.135435, --- 4.0797 seconds --- lr: 0.01
INFO:Logger:35, / ,100, epoch,Train loss:, 4.276326, Val loss:, 4.089211, --- 4.1948 seconds --- lr: 0.01
INFO:Logger:36, / ,100, epoch,Train loss:, 4.238568, Val loss:, 4.048671, --- 3.9571 seconds --- lr: 0.01
INFO:Logger:37, / ,100, epoch,Train loss:, 4.206386, Val loss:, 4.016049, --- 4.2727 seconds --- lr: 0.01
INFO:Logger:38, / ,100, epoch,Train loss:, 4.178932, Val loss:, 3.986554, --- 4.1524 seconds --- lr: 0.01
INFO:Logger:39, / ,100, epoch,Train loss:, 4.156291, Val loss:, 3.962080, --- 4.2056 seconds --- lr: 0.01
INFO:Logger:40, / ,100, epoch,Train loss:, 4.137227, Val loss:, 3.941292, --- 4.1315 seconds --- lr: 0.01
INFO:Logger:41, / ,100, epoch,Train loss:, 4.121692, Val loss:, 3.924195, --- 4.0841 seconds --- lr: 0.01
INFO:Logger:42, / ,100, epoch,Train loss:, 4.108372, Val loss:, 3.909863, --- 4.2959 seconds --- lr: 0.01
INFO:Logger:43, / ,100, epoch,Train loss:, 4.097880, Val loss:, 3.897676, --- 3.8771 seconds --- lr: 0.01
INFO:Logger:44, / ,100, epoch,Train loss:, 4.089188, Val loss:, 3.887577, --- 4.2612 seconds --- lr: 0.01
INFO:Logger:45, / ,100, epoch,Train loss:, 4.082226, Val loss:, 3.879048, --- 4.2258 seconds --- lr: 0.01
INFO:Logger:46, / ,100, epoch,Train loss:, 4.076699, Val loss:, 3.872925, --- 4.1739 seconds --- lr: 0.01
INFO:Logger:47, / ,100, epoch,Train loss:, 4.072261, Val loss:, 3.868784, --- 4.1924 seconds --- lr: 0.01
INFO:Logger:48, / ,100, epoch,Train loss:, 4.068589, Val loss:, 3.863619, --- 3.9961 seconds --- lr: 0.01
INFO:Logger:49, / ,100, epoch,Train loss:, 4.066077, Val loss:, 3.859174, --- 4.0126 seconds --- lr: 0.01
INFO:Logger:50, / ,100, epoch,Train loss:, 4.063797, Val loss:, 3.856392, --- 3.8026 seconds --- lr: 0.01
INFO:Logger:51, / ,100, epoch,Train loss:, 4.062228, Val loss:, 3.855502, --- 3.9075 seconds --- lr: 0.01
INFO:Logger:52, / ,100, epoch,Train loss:, 4.061077, Val loss:, 3.852553, --- 4.1785 seconds --- lr: 0.01
INFO:Logger:53, / ,100, epoch,Train loss:, 4.060269, Val loss:, 3.852118, --- 4.0218 seconds --- lr: 0.01
INFO:Logger:54, / ,100, epoch,Train loss:, 4.059156, Val loss:, 3.850391, --- 4.1834 seconds --- lr: 0.01
INFO:Logger:55, / ,100, epoch,Train loss:, 4.059046, Val loss:, 3.849353, --- 3.9814 seconds --- lr: 0.01
INFO:Logger:56, / ,100, epoch,Train loss:, 4.058446, Val loss:, 3.847332, --- 3.8579 seconds --- lr: 0.01
INFO:Logger:57, / ,100, epoch,Train loss:, 4.058485, Val loss:, 3.847821, --- 4.2125 seconds --- lr: 0.01
INFO:Logger:58, / ,100, epoch,Train loss:, 4.058196, Val loss:, 3.848099, --- 4.2694 seconds --- lr: 0.01
INFO:Logger:59, / ,100, epoch,Train loss:, 4.057778, Val loss:, 3.847851, --- 4.3401 seconds --- lr: 0.01
INFO:Logger:60, / ,100, epoch,Train loss:, 4.057932, Val loss:, 3.846403, --- 4.1250 seconds --- lr: 0.01
INFO:Logger:61, / ,100, epoch,Train loss:, 4.058000, Val loss:, 3.847947, --- 4.0833 seconds --- lr: 0.01
INFO:Logger:62, / ,100, epoch,Train loss:, 4.057586, Val loss:, 3.846740, --- 4.0104 seconds --- lr: 0.01
INFO:Logger:63, / ,100, epoch,Train loss:, 4.057439, Val loss:, 3.847090, --- 3.9311 seconds --- lr: 0.01
INFO:Logger:64, / ,100, epoch,Train loss:, 4.057558, Val loss:, 3.845563, --- 4.2485 seconds --- lr: 0.01
INFO:Logger:65, / ,100, epoch,Train loss:, 4.057856, Val loss:, 3.846031, --- 4.2873 seconds --- lr: 0.01
INFO:Logger:66, / ,100, epoch,Train loss:, 4.057708, Val loss:, 3.846535, --- 4.0667 seconds --- lr: 0.01
INFO:Logger:67, / ,100, epoch,Train loss:, 4.057805, Val loss:, 3.846740, --- 4.1515 seconds --- lr: 0.01
INFO:Logger:68, / ,100, epoch,Train loss:, 4.057629, Val loss:, 3.846432, --- 4.5278 seconds --- lr: 0.01
INFO:Logger:69, / ,100, epoch,Train loss:, 4.057846, Val loss:, 3.846399, --- 4.1984 seconds --- lr: 0.01
INFO:Logger:70, / ,100, epoch,Train loss:, 4.058218, Val loss:, 3.846430, --- 4.4608 seconds --- lr: 0.01
INFO:Logger:71, / ,100, epoch,Train loss:, 4.058117, Val loss:, 3.845403, --- 4.2872 seconds --- lr: 0.01
INFO:Logger:72, / ,100, epoch,Train loss:, 4.057720, Val loss:, 3.845818, --- 4.3902 seconds --- lr: 0.01
INFO:Logger:73, / ,100, epoch,Train loss:, 4.058610, Val loss:, 3.846650, --- 4.3906 seconds --- lr: 0.01
INFO:Logger:74, / ,100, epoch,Train loss:, 4.057606, Val loss:, 3.846951, --- 3.8244 seconds --- lr: 0.01
INFO:Logger:75, / ,100, epoch,Train loss:, 4.057522, Val loss:, 3.847148, --- 4.1575 seconds --- lr: 0.01
INFO:Logger:76, / ,100, epoch,Train loss:, 4.058390, Val loss:, 3.847976, --- 4.1779 seconds --- lr: 0.01
INFO:Logger:77, / ,100, epoch,Train loss:, 4.057911, Val loss:, 3.846608, --- 4.4425 seconds --- lr: 0.01
INFO:Logger:78, / ,100, epoch,Train loss:, 4.058488, Val loss:, 3.847114, --- 4.3311 seconds --- lr: 0.01
INFO:Logger:79, / ,100, epoch,Train loss:, 4.057879, Val loss:, 3.846458, --- 4.1697 seconds --- lr: 0.01
INFO:Logger:80, / ,100, epoch,Train loss:, 4.057813, Val loss:, 3.846404, --- 4.2734 seconds --- lr: 0.01
INFO:Logger:81, / ,100, epoch,Train loss:, 4.058137, Val loss:, 3.844320, --- 4.2118 seconds --- lr: 0.01
INFO:Logger:82, / ,100, epoch,Train loss:, 4.057929, Val loss:, 3.845395, --- 4.2517 seconds --- lr: 0.01
INFO:Logger:83, / ,100, epoch,Train loss:, 4.058020, Val loss:, 3.846759, --- 4.2258 seconds --- lr: 0.01
INFO:Logger:84, / ,100, epoch,Train loss:, 4.058091, Val loss:, 3.846667, --- 4.3419 seconds --- lr: 0.01
INFO:Logger:85, / ,100, epoch,Train loss:, 4.057843, Val loss:, 3.848279, --- 4.2817 seconds --- lr: 0.01
INFO:Logger:86, / ,100, epoch,Train loss:, 4.058053, Val loss:, 3.847750, --- 3.9815 seconds --- lr: 0.01
INFO:Logger:87, / ,100, epoch,Train loss:, 4.058217, Val loss:, 3.846055, --- 4.3700 seconds --- lr: 0.01
INFO:Logger:88, / ,100, epoch,Train loss:, 4.057958, Val loss:, 3.847654, --- 4.4774 seconds --- lr: 0.01
INFO:Logger:89, / ,100, epoch,Train loss:, 4.057832, Val loss:, 3.846364, --- 3.9718 seconds --- lr: 0.01
INFO:Logger:90, / ,100, epoch,Train loss:, 4.057969, Val loss:, 3.845947, --- 4.0594 seconds --- lr: 0.01
INFO:Logger:91, / ,100, epoch,Train loss:, 4.058013, Val loss:, 3.845674, --- 3.9842 seconds --- lr: 0.01
INFO:Logger:92, / ,100, epoch,Train loss:, 4.058725, Val loss:, 3.846348, --- 4.3070 seconds --- lr: 0.01
INFO:Logger:93, / ,100, epoch,Train loss:, 4.058399, Val loss:, 3.847645, --- 4.2103 seconds --- lr: 0.01
INFO:Logger:94, / ,100, epoch,Train loss:, 4.058319, Val loss:, 3.848112, --- 3.9901 seconds --- lr: 0.01
INFO:Logger:95, / ,100, epoch,Train loss:, 4.058581, Val loss:, 3.848260, --- 4.1810 seconds --- lr: 0.01
INFO:Logger:96, / ,100, epoch,Train loss:, 4.058554, Val loss:, 3.847070, --- 4.3704 seconds --- lr: 0.01
INFO:Logger:97, / ,100, epoch,Train loss:, 4.058290, Val loss:, 3.844871, --- 3.9913 seconds --- lr: 0.01
INFO:Logger:98, / ,100, epoch,Train loss:, 4.058263, Val loss:, 3.845515, --- 3.9395 seconds --- lr: 0.01
INFO:Logger:99, / ,100, epoch,Train loss:, 4.057966, Val loss:, 3.846577, --- 4.5086 seconds --- lr: 0.01
INFO:Logger:Test loss:, 0.035205, 
INFO:Logger:0, / ,100, epoch,Train loss:, 107.945414, Val loss:, 32.463686, --- 4.0964 seconds --- lr: 0.01
INFO:Logger:1, / ,100, epoch,Train loss:, 31.928010, Val loss:, 29.762956, --- 4.2050 seconds --- lr: 0.01
INFO:Logger:2, / ,100, epoch,Train loss:, 29.219474, Val loss:, 27.160043, --- 4.3576 seconds --- lr: 0.01
INFO:Logger:3, / ,100, epoch,Train loss:, 26.640451, Val loss:, 24.721889, --- 4.3740 seconds --- lr: 0.01
INFO:Logger:4, / ,100, epoch,Train loss:, 24.246433, Val loss:, 22.470896, --- 4.3730 seconds --- lr: 0.01
INFO:Logger:5, / ,100, epoch,Train loss:, 22.050791, Val loss:, 20.422655, --- 4.0275 seconds --- lr: 0.01
INFO:Logger:6, / ,100, epoch,Train loss:, 20.049118, Val loss:, 18.571033, --- 3.9435 seconds --- lr: 0.01
INFO:Logger:7, / ,100, epoch,Train loss:, 18.245385, Val loss:, 16.900243, --- 3.9935 seconds --- lr: 0.01
INFO:Logger:8, / ,100, epoch,Train loss:, 16.615241, Val loss:, 15.393613, --- 4.3354 seconds --- lr: 0.01
INFO:Logger:9, / ,100, epoch,Train loss:, 15.145818, Val loss:, 14.045879, --- 4.0112 seconds --- lr: 0.01
INFO:Logger:10, / ,100, epoch,Train loss:, 13.830165, Val loss:, 12.843148, --- 4.3440 seconds --- lr: 0.01
INFO:Logger:11, / ,100, epoch,Train loss:, 12.658934, Val loss:, 11.767573, --- 4.0826 seconds --- lr: 0.01
INFO:Logger:12, / ,100, epoch,Train loss:, 11.611464, Val loss:, 10.819963, --- 4.0895 seconds --- lr: 0.01
INFO:Logger:13, / ,100, epoch,Train loss:, 10.679488, Val loss:, 9.977512, --- 4.0517 seconds --- lr: 0.01
INFO:Logger:14, / ,100, epoch,Train loss:, 9.852564, Val loss:, 9.229459, --- 3.9670 seconds --- lr: 0.01
INFO:Logger:15, / ,100, epoch,Train loss:, 9.119337, Val loss:, 8.565508, --- 4.1647 seconds --- lr: 0.01
INFO:Logger:16, / ,100, epoch,Train loss:, 8.467641, Val loss:, 7.986719, --- 4.2414 seconds --- lr: 0.01
INFO:Logger:17, / ,100, epoch,Train loss:, 7.894391, Val loss:, 7.471840, --- 4.0964 seconds --- lr: 0.01
INFO:Logger:18, / ,100, epoch,Train loss:, 7.389438, Val loss:, 7.025827, --- 4.1243 seconds --- lr: 0.01
INFO:Logger:19, / ,100, epoch,Train loss:, 6.945585, Val loss:, 6.631140, --- 4.4061 seconds --- lr: 0.01
INFO:Logger:20, / ,100, epoch,Train loss:, 6.552283, Val loss:, 6.288592, --- 4.4877 seconds --- lr: 0.01
INFO:Logger:21, / ,100, epoch,Train loss:, 6.206547, Val loss:, 5.986819, --- 4.1010 seconds --- lr: 0.01
INFO:Logger:22, / ,100, epoch,Train loss:, 5.904711, Val loss:, 5.722024, --- 4.4896 seconds --- lr: 0.01
INFO:Logger:23, / ,100, epoch,Train loss:, 5.639282, Val loss:, 5.495386, --- 4.3289 seconds --- lr: 0.01
INFO:Logger:24, / ,100, epoch,Train loss:, 5.408385, Val loss:, 5.297707, --- 4.3991 seconds --- lr: 0.01
INFO:Logger:25, / ,100, epoch,Train loss:, 5.206975, Val loss:, 5.126069, --- 4.4697 seconds --- lr: 0.01
INFO:Logger:26, / ,100, epoch,Train loss:, 5.031060, Val loss:, 4.976660, --- 4.3733 seconds --- lr: 0.01
INFO:Logger:27, / ,100, epoch,Train loss:, 4.876282, Val loss:, 4.849591, --- 4.1946 seconds --- lr: 0.01
INFO:Logger:28, / ,100, epoch,Train loss:, 4.742225, Val loss:, 4.737851, --- 4.3900 seconds --- lr: 0.01
INFO:Logger:29, / ,100, epoch,Train loss:, 4.625084, Val loss:, 4.643248, --- 4.0580 seconds --- lr: 0.01
INFO:Logger:30, / ,100, epoch,Train loss:, 4.524414, Val loss:, 4.562538, --- 4.1306 seconds --- lr: 0.01
INFO:Logger:31, / ,100, epoch,Train loss:, 4.437343, Val loss:, 4.492929, --- 4.3799 seconds --- lr: 0.01
INFO:Logger:32, / ,100, epoch,Train loss:, 4.362365, Val loss:, 4.434619, --- 4.3209 seconds --- lr: 0.01
INFO:Logger:33, / ,100, epoch,Train loss:, 4.298633, Val loss:, 4.386548, --- 4.1121 seconds --- lr: 0.01
INFO:Logger:34, / ,100, epoch,Train loss:, 4.244066, Val loss:, 4.344089, --- 4.1889 seconds --- lr: 0.01
INFO:Logger:35, / ,100, epoch,Train loss:, 4.196808, Val loss:, 4.309513, --- 4.2773 seconds --- lr: 0.01
INFO:Logger:36, / ,100, epoch,Train loss:, 4.156994, Val loss:, 4.280302, --- 4.2984 seconds --- lr: 0.01
INFO:Logger:37, / ,100, epoch,Train loss:, 4.122594, Val loss:, 4.257099, --- 4.1260 seconds --- lr: 0.01
INFO:Logger:38, / ,100, epoch,Train loss:, 4.093491, Val loss:, 4.237341, --- 4.3258 seconds --- lr: 0.01
INFO:Logger:39, / ,100, epoch,Train loss:, 4.069798, Val loss:, 4.221930, --- 4.3047 seconds --- lr: 0.01
INFO:Logger:40, / ,100, epoch,Train loss:, 4.049866, Val loss:, 4.208772, --- 4.1855 seconds --- lr: 0.01
INFO:Logger:41, / ,100, epoch,Train loss:, 4.032952, Val loss:, 4.198969, --- 4.0663 seconds --- lr: 0.01
INFO:Logger:42, / ,100, epoch,Train loss:, 4.019055, Val loss:, 4.191438, --- 4.0482 seconds --- lr: 0.01
INFO:Logger:43, / ,100, epoch,Train loss:, 4.008026, Val loss:, 4.185260, --- 4.3181 seconds --- lr: 0.01
INFO:Logger:44, / ,100, epoch,Train loss:, 3.999041, Val loss:, 4.181785, --- 4.0407 seconds --- lr: 0.01
INFO:Logger:45, / ,100, epoch,Train loss:, 3.991764, Val loss:, 4.178090, --- 4.3669 seconds --- lr: 0.01
INFO:Logger:46, / ,100, epoch,Train loss:, 3.985635, Val loss:, 4.175963, --- 4.1972 seconds --- lr: 0.01
INFO:Logger:47, / ,100, epoch,Train loss:, 3.980880, Val loss:, 4.174266, --- 4.2050 seconds --- lr: 0.01
INFO:Logger:48, / ,100, epoch,Train loss:, 3.977139, Val loss:, 4.172665, --- 3.7728 seconds --- lr: 0.01
INFO:Logger:49, / ,100, epoch,Train loss:, 3.973921, Val loss:, 4.172243, --- 4.0164 seconds --- lr: 0.01
INFO:Logger:50, / ,100, epoch,Train loss:, 3.971002, Val loss:, 4.172660, --- 4.4161 seconds --- lr: 0.01
INFO:Logger:51, / ,100, epoch,Train loss:, 3.969288, Val loss:, 4.173194, --- 4.1270 seconds --- lr: 0.01
INFO:Logger:52, / ,100, epoch,Train loss:, 3.968276, Val loss:, 4.172896, --- 4.2714 seconds --- lr: 0.01
INFO:Logger:53, / ,100, epoch,Train loss:, 3.966824, Val loss:, 4.173711, --- 4.1837 seconds --- lr: 0.01
INFO:Logger:54, / ,100, epoch,Train loss:, 3.965998, Val loss:, 4.174380, --- 4.2807 seconds --- lr: 0.01
INFO:Logger:55, / ,100, epoch,Train loss:, 3.965740, Val loss:, 4.175236, --- 4.3219 seconds --- lr: 0.01
INFO:Logger:56, / ,100, epoch,Train loss:, 3.964919, Val loss:, 4.175708, --- 4.3054 seconds --- lr: 0.01
INFO:Logger:57, / ,100, epoch,Train loss:, 3.964806, Val loss:, 4.177048, --- 3.8404 seconds --- lr: 0.01
INFO:Logger:58, / ,100, epoch,Train loss:, 3.964908, Val loss:, 4.176704, --- 4.2370 seconds --- lr: 0.01
INFO:Logger:59, / ,100, epoch,Train loss:, 3.964308, Val loss:, 4.177582, --- 4.2583 seconds --- lr: 0.01
INFO:Logger:60, / ,100, epoch,Train loss:, 3.965003, Val loss:, 4.176091, --- 4.3592 seconds --- lr: 0.01
INFO:Logger:61, / ,100, epoch,Train loss:, 3.963917, Val loss:, 4.177674, --- 4.2098 seconds --- lr: 0.01
INFO:Logger:62, / ,100, epoch,Train loss:, 3.964279, Val loss:, 4.178971, --- 4.3597 seconds --- lr: 0.01
INFO:Logger:63, / ,100, epoch,Train loss:, 3.964248, Val loss:, 4.177839, --- 4.0440 seconds --- lr: 0.01
INFO:Logger:64, / ,100, epoch,Train loss:, 3.964115, Val loss:, 4.178078, --- 4.3330 seconds --- lr: 0.01
INFO:Logger:65, / ,100, epoch,Train loss:, 3.964340, Val loss:, 4.177973, --- 4.0789 seconds --- lr: 0.01
INFO:Logger:66, / ,100, epoch,Train loss:, 3.964116, Val loss:, 4.179673, --- 3.9527 seconds --- lr: 0.01
INFO:Logger:67, / ,100, epoch,Train loss:, 3.964172, Val loss:, 4.177009, --- 3.9510 seconds --- lr: 0.01
INFO:Logger:68, / ,100, epoch,Train loss:, 3.963997, Val loss:, 4.178678, --- 4.1595 seconds --- lr: 0.01
INFO:Logger:69, / ,100, epoch,Train loss:, 3.964394, Val loss:, 4.180476, --- 4.1860 seconds --- lr: 0.01
INFO:Logger:70, / ,100, epoch,Train loss:, 3.964028, Val loss:, 4.178817, --- 3.9869 seconds --- lr: 0.01
INFO:Logger:71, / ,100, epoch,Train loss:, 3.965063, Val loss:, 4.179330, --- 3.8151 seconds --- lr: 0.01
INFO:Logger:72, / ,100, epoch,Train loss:, 3.964335, Val loss:, 4.180207, --- 3.9892 seconds --- lr: 0.01
INFO:Logger:73, / ,100, epoch,Train loss:, 3.964279, Val loss:, 4.178107, --- 4.0565 seconds --- lr: 0.01
INFO:Logger:74, / ,100, epoch,Train loss:, 3.964301, Val loss:, 4.178964, --- 4.1217 seconds --- lr: 0.01
INFO:Logger:75, / ,100, epoch,Train loss:, 3.964045, Val loss:, 4.177779, --- 4.2930 seconds --- lr: 0.01
INFO:Logger:76, / ,100, epoch,Train loss:, 3.964511, Val loss:, 4.180046, --- 4.2475 seconds --- lr: 0.01
INFO:Logger:77, / ,100, epoch,Train loss:, 3.964290, Val loss:, 4.180018, --- 4.0559 seconds --- lr: 0.01
INFO:Logger:78, / ,100, epoch,Train loss:, 3.964676, Val loss:, 4.179528, --- 4.1368 seconds --- lr: 0.01
INFO:Logger:79, / ,100, epoch,Train loss:, 3.964277, Val loss:, 4.179353, --- 4.2893 seconds --- lr: 0.01
INFO:Logger:80, / ,100, epoch,Train loss:, 3.964762, Val loss:, 4.179639, --- 3.7846 seconds --- lr: 0.01
INFO:Logger:81, / ,100, epoch,Train loss:, 3.964332, Val loss:, 4.179291, --- 4.1088 seconds --- lr: 0.01
INFO:Logger:82, / ,100, epoch,Train loss:, 3.963931, Val loss:, 4.181349, --- 4.3024 seconds --- lr: 0.01
INFO:Logger:83, / ,100, epoch,Train loss:, 3.964466, Val loss:, 4.177925, --- 4.3634 seconds --- lr: 0.01
INFO:Logger:84, / ,100, epoch,Train loss:, 3.964333, Val loss:, 4.179292, --- 4.0068 seconds --- lr: 0.01
INFO:Logger:85, / ,100, epoch,Train loss:, 3.964163, Val loss:, 4.180399, --- 3.9419 seconds --- lr: 0.01
INFO:Logger:86, / ,100, epoch,Train loss:, 3.965155, Val loss:, 4.178509, --- 4.1725 seconds --- lr: 0.01
INFO:Logger:87, / ,100, epoch,Train loss:, 3.964081, Val loss:, 4.179109, --- 3.8542 seconds --- lr: 0.01
INFO:Logger:88, / ,100, epoch,Train loss:, 3.964538, Val loss:, 4.176737, --- 4.1895 seconds --- lr: 0.01
INFO:Logger:89, / ,100, epoch,Train loss:, 3.963997, Val loss:, 4.178804, --- 3.7951 seconds --- lr: 0.01
INFO:Logger:90, / ,100, epoch,Train loss:, 3.964410, Val loss:, 4.179584, --- 4.1403 seconds --- lr: 0.01
INFO:Logger:91, / ,100, epoch,Train loss:, 3.964688, Val loss:, 4.180112, --- 4.1087 seconds --- lr: 0.01
INFO:Logger:92, / ,100, epoch,Train loss:, 3.964761, Val loss:, 4.178219, --- 4.0103 seconds --- lr: 0.01
INFO:Logger:93, / ,100, epoch,Train loss:, 3.965150, Val loss:, 4.179897, --- 3.9823 seconds --- lr: 0.01
INFO:Logger:94, / ,100, epoch,Train loss:, 3.965242, Val loss:, 4.179035, --- 4.0911 seconds --- lr: 0.01
INFO:Logger:95, / ,100, epoch,Train loss:, 3.964604, Val loss:, 4.181263, --- 3.9793 seconds --- lr: 0.01
INFO:Logger:96, / ,100, epoch,Train loss:, 3.964246, Val loss:, 4.179944, --- 4.3238 seconds --- lr: 0.01
INFO:Logger:97, / ,100, epoch,Train loss:, 3.964386, Val loss:, 4.178686, --- 4.1435 seconds --- lr: 0.01
INFO:Logger:98, / ,100, epoch,Train loss:, 3.964698, Val loss:, 4.181395, --- 4.2238 seconds --- lr: 0.01
INFO:Logger:99, / ,100, epoch,Train loss:, 3.964599, Val loss:, 4.178934, --- 4.3897 seconds --- lr: 0.01
INFO:Logger:Test loss:, 0.035235, 
INFO:Logger:0, / ,100, epoch,Train loss:, 78.023162, Val loss:, 32.033010, --- 4.0527 seconds --- lr: 0.01
INFO:Logger:1, / ,100, epoch,Train loss:, 31.567545, Val loss:, 29.201151, --- 4.1651 seconds --- lr: 0.01
INFO:Logger:2, / ,100, epoch,Train loss:, 28.739539, Val loss:, 26.531819, --- 4.1096 seconds --- lr: 0.01
INFO:Logger:3, / ,100, epoch,Train loss:, 26.105059, Val loss:, 24.077642, --- 4.0173 seconds --- lr: 0.01
INFO:Logger:4, / ,100, epoch,Train loss:, 23.694871, Val loss:, 21.843161, --- 4.0390 seconds --- lr: 0.01
INFO:Logger:5, / ,100, epoch,Train loss:, 21.508787, Val loss:, 19.825312, --- 4.2916 seconds --- lr: 0.01
INFO:Logger:6, / ,100, epoch,Train loss:, 19.532060, Val loss:, 18.014561, --- 4.2177 seconds --- lr: 0.01
INFO:Logger:7, / ,100, epoch,Train loss:, 17.757009, Val loss:, 16.392335, --- 3.9599 seconds --- lr: 0.01
INFO:Logger:8, / ,100, epoch,Train loss:, 16.161303, Val loss:, 14.940695, --- 4.0138 seconds --- lr: 0.01
INFO:Logger:9, / ,100, epoch,Train loss:, 14.734863, Val loss:, 13.646607, --- 4.1489 seconds --- lr: 0.01
INFO:Logger:10, / ,100, epoch,Train loss:, 13.459169, Val loss:, 12.495256, --- 4.3508 seconds --- lr: 0.01
INFO:Logger:11, / ,100, epoch,Train loss:, 12.322638, Val loss:, 11.472054, --- 4.3542 seconds --- lr: 0.01
INFO:Logger:12, / ,100, epoch,Train loss:, 11.310067, Val loss:, 10.572012, --- 4.0519 seconds --- lr: 0.01
INFO:Logger:13, / ,100, epoch,Train loss:, 10.411376, Val loss:, 9.773285, --- 4.1502 seconds --- lr: 0.01
INFO:Logger:14, / ,100, epoch,Train loss:, 9.614850, Val loss:, 9.064444, --- 4.1230 seconds --- lr: 0.01
INFO:Logger:15, / ,100, epoch,Train loss:, 8.908248, Val loss:, 8.442342, --- 4.1699 seconds --- lr: 0.01
INFO:Logger:16, / ,100, epoch,Train loss:, 8.284781, Val loss:, 7.893198, --- 4.0672 seconds --- lr: 0.01
INFO:Logger:17, / ,100, epoch,Train loss:, 7.732654, Val loss:, 7.412097, --- 4.2794 seconds --- lr: 0.01
INFO:Logger:18, / ,100, epoch,Train loss:, 7.246386, Val loss:, 6.992142, --- 4.2350 seconds --- lr: 0.01
INFO:Logger:19, / ,100, epoch,Train loss:, 6.818839, Val loss:, 6.623059, --- 4.1365 seconds --- lr: 0.01
INFO:Logger:20, / ,100, epoch,Train loss:, 6.442102, Val loss:, 6.301248, --- 4.2359 seconds --- lr: 0.01
INFO:Logger:21, / ,100, epoch,Train loss:, 6.110652, Val loss:, 6.020400, --- 4.3638 seconds --- lr: 0.01
INFO:Logger:22, / ,100, epoch,Train loss:, 5.820078, Val loss:, 5.772838, --- 4.2543 seconds --- lr: 0.01
INFO:Logger:23, / ,100, epoch,Train loss:, 5.564416, Val loss:, 5.560217, --- 4.2914 seconds --- lr: 0.01
INFO:Logger:24, / ,100, epoch,Train loss:, 5.341375, Val loss:, 5.374371, --- 3.8629 seconds --- lr: 0.01
INFO:Logger:25, / ,100, epoch,Train loss:, 5.146942, Val loss:, 5.214103, --- 3.8029 seconds --- lr: 0.01
INFO:Logger:26, / ,100, epoch,Train loss:, 4.977986, Val loss:, 5.076308, --- 4.1585 seconds --- lr: 0.01
INFO:Logger:27, / ,100, epoch,Train loss:, 4.829343, Val loss:, 4.955622, --- 4.1578 seconds --- lr: 0.01
INFO:Logger:28, / ,100, epoch,Train loss:, 4.700451, Val loss:, 4.852747, --- 4.4133 seconds --- lr: 0.01
INFO:Logger:29, / ,100, epoch,Train loss:, 4.587252, Val loss:, 4.764415, --- 4.1000 seconds --- lr: 0.01
INFO:Logger:30, / ,100, epoch,Train loss:, 4.489687, Val loss:, 4.686991, --- 3.9988 seconds --- lr: 0.01
INFO:Logger:31, / ,100, epoch,Train loss:, 4.405205, Val loss:, 4.621569, --- 4.0054 seconds --- lr: 0.01
INFO:Logger:32, / ,100, epoch,Train loss:, 4.332373, Val loss:, 4.567003, --- 3.8595 seconds --- lr: 0.01
INFO:Logger:33, / ,100, epoch,Train loss:, 4.269288, Val loss:, 4.519316, --- 3.7603 seconds --- lr: 0.01
INFO:Logger:34, / ,100, epoch,Train loss:, 4.215819, Val loss:, 4.480444, --- 4.0298 seconds --- lr: 0.01
INFO:Logger:35, / ,100, epoch,Train loss:, 4.169933, Val loss:, 4.447279, --- 4.0003 seconds --- lr: 0.01
INFO:Logger:36, / ,100, epoch,Train loss:, 4.130429, Val loss:, 4.420210, --- 3.9520 seconds --- lr: 0.01
INFO:Logger:37, / ,100, epoch,Train loss:, 4.097072, Val loss:, 4.397138, --- 4.0157 seconds --- lr: 0.01
INFO:Logger:38, / ,100, epoch,Train loss:, 4.069347, Val loss:, 4.378333, --- 4.3174 seconds --- lr: 0.01
INFO:Logger:39, / ,100, epoch,Train loss:, 4.046505, Val loss:, 4.363548, --- 4.1142 seconds --- lr: 0.01
INFO:Logger:40, / ,100, epoch,Train loss:, 4.026579, Val loss:, 4.350977, --- 4.1077 seconds --- lr: 0.01
INFO:Logger:41, / ,100, epoch,Train loss:, 4.009787, Val loss:, 4.342218, --- 4.1181 seconds --- lr: 0.01
INFO:Logger:42, / ,100, epoch,Train loss:, 3.996199, Val loss:, 4.334402, --- 3.9698 seconds --- lr: 0.01
INFO:Logger:43, / ,100, epoch,Train loss:, 3.985153, Val loss:, 4.329478, --- 3.9786 seconds --- lr: 0.01
INFO:Logger:44, / ,100, epoch,Train loss:, 3.976137, Val loss:, 4.325117, --- 4.2519 seconds --- lr: 0.01
INFO:Logger:45, / ,100, epoch,Train loss:, 3.969099, Val loss:, 4.321604, --- 4.3053 seconds --- lr: 0.01
INFO:Logger:46, / ,100, epoch,Train loss:, 3.963594, Val loss:, 4.320065, --- 4.0337 seconds --- lr: 0.01
INFO:Logger:47, / ,100, epoch,Train loss:, 3.958857, Val loss:, 4.317918, --- 3.9011 seconds --- lr: 0.01
INFO:Logger:48, / ,100, epoch,Train loss:, 3.955306, Val loss:, 4.317726, --- 3.9486 seconds --- lr: 0.01
INFO:Logger:49, / ,100, epoch,Train loss:, 3.952564, Val loss:, 4.317444, --- 4.3187 seconds --- lr: 0.01
INFO:Logger:50, / ,100, epoch,Train loss:, 3.950173, Val loss:, 4.316983, --- 4.0808 seconds --- lr: 0.01
INFO:Logger:51, / ,100, epoch,Train loss:, 3.948432, Val loss:, 4.317694, --- 4.2606 seconds --- lr: 0.01
INFO:Logger:52, / ,100, epoch,Train loss:, 3.946960, Val loss:, 4.316660, --- 4.2601 seconds --- lr: 0.01
INFO:Logger:53, / ,100, epoch,Train loss:, 3.946421, Val loss:, 4.317053, --- 4.0880 seconds --- lr: 0.01
INFO:Logger:54, / ,100, epoch,Train loss:, 3.945414, Val loss:, 4.317074, --- 4.3380 seconds --- lr: 0.01
INFO:Logger:55, / ,100, epoch,Train loss:, 3.944989, Val loss:, 4.318319, --- 4.0436 seconds --- lr: 0.01
INFO:Logger:56, / ,100, epoch,Train loss:, 3.944513, Val loss:, 4.318228, --- 4.0474 seconds --- lr: 0.01
INFO:Logger:57, / ,100, epoch,Train loss:, 3.944277, Val loss:, 4.318047, --- 4.1011 seconds --- lr: 0.01
INFO:Logger:58, / ,100, epoch,Train loss:, 3.944200, Val loss:, 4.319756, --- 4.1942 seconds --- lr: 0.01
INFO:Logger:59, / ,100, epoch,Train loss:, 3.944101, Val loss:, 4.319282, --- 4.0075 seconds --- lr: 0.01
INFO:Logger:60, / ,100, epoch,Train loss:, 3.944181, Val loss:, 4.320116, --- 3.9901 seconds --- lr: 0.01
INFO:Logger:61, / ,100, epoch,Train loss:, 3.943662, Val loss:, 4.320621, --- 4.1907 seconds --- lr: 0.01
INFO:Logger:62, / ,100, epoch,Train loss:, 3.943981, Val loss:, 4.320631, --- 4.0979 seconds --- lr: 0.01
INFO:Logger:63, / ,100, epoch,Train loss:, 3.943942, Val loss:, 4.318713, --- 4.0021 seconds --- lr: 0.01
INFO:Logger:64, / ,100, epoch,Train loss:, 3.943863, Val loss:, 4.320531, --- 4.2046 seconds --- lr: 0.01
INFO:Logger:65, / ,100, epoch,Train loss:, 3.943706, Val loss:, 4.320544, --- 3.9124 seconds --- lr: 0.01
INFO:Logger:66, / ,100, epoch,Train loss:, 3.944301, Val loss:, 4.320649, --- 4.3808 seconds --- lr: 0.01
INFO:Logger:67, / ,100, epoch,Train loss:, 3.944234, Val loss:, 4.320469, --- 4.1710 seconds --- lr: 0.01
INFO:Logger:68, / ,100, epoch,Train loss:, 3.944052, Val loss:, 4.320312, --- 4.1298 seconds --- lr: 0.01
INFO:Logger:69, / ,100, epoch,Train loss:, 3.944073, Val loss:, 4.321361, --- 4.0286 seconds --- lr: 0.01
INFO:Logger:70, / ,100, epoch,Train loss:, 3.943882, Val loss:, 4.319650, --- 4.0218 seconds --- lr: 0.01
INFO:Logger:71, / ,100, epoch,Train loss:, 3.944194, Val loss:, 4.321846, --- 3.8413 seconds --- lr: 0.01
INFO:Logger:72, / ,100, epoch,Train loss:, 3.943912, Val loss:, 4.318221, --- 4.0844 seconds --- lr: 0.01
INFO:Logger:73, / ,100, epoch,Train loss:, 3.944241, Val loss:, 4.319109, --- 3.7817 seconds --- lr: 0.01
INFO:Logger:74, / ,100, epoch,Train loss:, 3.943664, Val loss:, 4.320524, --- 3.9449 seconds --- lr: 0.01
INFO:Logger:75, / ,100, epoch,Train loss:, 3.944091, Val loss:, 4.320900, --- 4.1567 seconds --- lr: 0.01
INFO:Logger:76, / ,100, epoch,Train loss:, 3.943923, Val loss:, 4.321011, --- 3.8495 seconds --- lr: 0.01
INFO:Logger:77, / ,100, epoch,Train loss:, 3.943830, Val loss:, 4.321477, --- 4.2826 seconds --- lr: 0.01
INFO:Logger:78, / ,100, epoch,Train loss:, 3.944051, Val loss:, 4.319650, --- 4.1227 seconds --- lr: 0.01
INFO:Logger:79, / ,100, epoch,Train loss:, 3.944287, Val loss:, 4.321464, --- 4.3245 seconds --- lr: 0.01
INFO:Logger:80, / ,100, epoch,Train loss:, 3.944349, Val loss:, 4.321063, --- 4.1203 seconds --- lr: 0.01
INFO:Logger:81, / ,100, epoch,Train loss:, 3.943974, Val loss:, 4.320898, --- 4.1404 seconds --- lr: 0.01
INFO:Logger:82, / ,100, epoch,Train loss:, 3.943997, Val loss:, 4.320675, --- 3.8695 seconds --- lr: 0.01
INFO:Logger:83, / ,100, epoch,Train loss:, 3.944407, Val loss:, 4.319953, --- 4.0819 seconds --- lr: 0.01
INFO:Logger:84, / ,100, epoch,Train loss:, 3.944343, Val loss:, 4.322259, --- 4.2759 seconds --- lr: 0.01
INFO:Logger:85, / ,100, epoch,Train loss:, 3.944233, Val loss:, 4.321527, --- 4.1236 seconds --- lr: 0.01
INFO:Logger:86, / ,100, epoch,Train loss:, 3.944144, Val loss:, 4.322635, --- 3.8685 seconds --- lr: 0.01
INFO:Logger:87, / ,100, epoch,Train loss:, 3.944354, Val loss:, 4.320209, --- 3.8515 seconds --- lr: 0.01
INFO:Logger:88, / ,100, epoch,Train loss:, 3.943714, Val loss:, 4.322662, --- 3.9178 seconds --- lr: 0.01
INFO:Logger:89, / ,100, epoch,Train loss:, 3.943819, Val loss:, 4.322245, --- 3.9466 seconds --- lr: 0.01
INFO:Logger:90, / ,100, epoch,Train loss:, 3.944552, Val loss:, 4.321335, --- 4.5238 seconds --- lr: 0.01
INFO:Logger:91, / ,100, epoch,Train loss:, 3.944228, Val loss:, 4.322843, --- 4.1621 seconds --- lr: 0.01
INFO:Logger:92, / ,100, epoch,Train loss:, 3.944099, Val loss:, 4.321622, --- 3.9425 seconds --- lr: 0.01
INFO:Logger:93, / ,100, epoch,Train loss:, 3.943934, Val loss:, 4.320058, --- 4.0537 seconds --- lr: 0.01
INFO:Logger:94, / ,100, epoch,Train loss:, 3.943783, Val loss:, 4.320280, --- 4.0867 seconds --- lr: 0.01
INFO:Logger:95, / ,100, epoch,Train loss:, 3.944042, Val loss:, 4.319639, --- 3.9552 seconds --- lr: 0.01
INFO:Logger:96, / ,100, epoch,Train loss:, 3.944089, Val loss:, 4.322716, --- 3.9760 seconds --- lr: 0.01
INFO:Logger:97, / ,100, epoch,Train loss:, 3.944151, Val loss:, 4.320368, --- 3.7722 seconds --- lr: 0.01
INFO:Logger:98, / ,100, epoch,Train loss:, 3.944130, Val loss:, 4.322516, --- 4.3712 seconds --- lr: 0.01
INFO:Logger:99, / ,100, epoch,Train loss:, 3.944145, Val loss:, 4.321364, --- 4.3825 seconds --- lr: 0.01
INFO:Logger:Test loss:, 0.034600, 
INFO:Logger:PCC: 0.939  0.001
