/var/spool/slurmd/job13703551/slurm_script: line 9: SECONDS: command not found
/var/spool/slurmd/job13703551/slurm_script: line 10: cd: /home/sv496/project/metabolic_graph: No such file or directory

CommandNotFoundError: Your shell has not been properly configured to use 'conda deactivate'.
To initialize your shell, run

    $ conda init <SHELL_NAME>

Currently supported shells are:
  - bash
  - fish
  - tcsh
  - xonsh
  - zsh
  - powershell

See 'conda init --help' for more information and options.

IMPORTANT: You may need to close and restart your shell after running 'conda init'.


INFO:Logger:Epoch 1, Train Loss: 42.0767
INFO:Logger:Epoch 2, Train Loss: 35.9313
INFO:Logger:Epoch 3, Train Loss: 31.4945
INFO:Logger:Epoch 4, Train Loss: 30.2582
INFO:Logger:Epoch 5, Train Loss: 30.6533
INFO:Logger:Epoch 6, Train Loss: 30.9183
INFO:Logger:Epoch 7, Train Loss: 29.7852
INFO:Logger:Epoch 8, Train Loss: 28.7339
INFO:Logger:Epoch 9, Train Loss: 28.2518
INFO:Logger:Epoch 10, Train Loss: 28.0632
INFO:Logger:Epoch 11, Train Loss: 27.5099
INFO:Logger:Epoch 12, Train Loss: 27.3073
INFO:Logger:Epoch 13, Train Loss: 27.0477
INFO:Logger:Epoch 14, Train Loss: 26.7604
INFO:Logger:Epoch 15, Train Loss: 26.5490
INFO:Logger:Epoch 16, Train Loss: 26.5434
INFO:Logger:Epoch 17, Train Loss: 26.3130
INFO:Logger:Epoch 18, Train Loss: 26.2214
INFO:Logger:Epoch 19, Train Loss: 26.0768
INFO:Logger:Epoch 20, Train Loss: 25.6803
INFO:Logger:Epoch 21, Train Loss: 25.5242
INFO:Logger:Epoch 22, Train Loss: 25.3243
INFO:Logger:Epoch 23, Train Loss: 25.2768
INFO:Logger:Epoch 24, Train Loss: 25.1472
INFO:Logger:Epoch 25, Train Loss: 25.1192
INFO:Logger:Epoch 26, Train Loss: 25.0003
INFO:Logger:Epoch 27, Train Loss: 24.9926
INFO:Logger:Epoch 28, Train Loss: 25.1996
INFO:Logger:Epoch 29, Train Loss: 25.0671
INFO:Logger:Epoch 30, Train Loss: 25.0115
INFO:Logger:Epoch 31, Train Loss: 24.8967
INFO:Logger:Epoch 32, Train Loss: 25.0800
INFO:Logger:Epoch 33, Train Loss: 25.0745
INFO:Logger:Epoch 34, Train Loss: 25.1626
INFO:Logger:Epoch 35, Train Loss: 25.1681
INFO:Logger:Epoch 36, Train Loss: 25.1234
INFO:Logger:Epoch 37, Train Loss: 25.2199
INFO:Logger:Epoch 38, Train Loss: 25.2858
INFO:Logger:Epoch 39, Train Loss: 25.2590
INFO:Logger:Epoch 40, Train Loss: 25.3446
INFO:Logger:Epoch 41, Train Loss: 25.3723
INFO:Logger:Epoch 42, Train Loss: 25.3981
INFO:Logger:Epoch 43, Train Loss: 25.2964
INFO:Logger:Epoch 44, Train Loss: 25.2352
INFO:Logger:Epoch 45, Train Loss: 25.3504
INFO:Logger:Epoch 46, Train Loss: 25.2418
INFO:Logger:Epoch 47, Train Loss: 25.2505
INFO:Logger:Epoch 48, Train Loss: 25.0830
INFO:Logger:Epoch 49, Train Loss: 24.9475
INFO:Logger:Epoch 50, Train Loss: 24.9741
INFO:Logger:Epoch 51, Train Loss: 24.9186
INFO:Logger:Epoch 52, Train Loss: 24.8631
INFO:Logger:Epoch 53, Train Loss: 24.7037
INFO:Logger:Epoch 54, Train Loss: 24.8717
INFO:Logger:Epoch 55, Train Loss: 24.8485
INFO:Logger:Epoch 56, Train Loss: 24.8987
INFO:Logger:Epoch 57, Train Loss: 24.8568
INFO:Logger:Epoch 58, Train Loss: 24.8851
INFO:Logger:Epoch 59, Train Loss: 25.0831
INFO:Logger:Epoch 60, Train Loss: 24.6282
INFO:Logger:Epoch 61, Train Loss: 25.1307
INFO:Logger:Epoch 62, Train Loss: 24.5782
INFO:Logger:Epoch 63, Train Loss: 24.5323
INFO:Logger:Epoch 64, Train Loss: 24.6802
INFO:Logger:Epoch 65, Train Loss: 24.7398
INFO:Logger:Epoch 66, Train Loss: 24.5730
INFO:Logger:Epoch 67, Train Loss: 24.5999
INFO:Logger:Epoch 68, Train Loss: 24.5314
INFO:Logger:Epoch 69, Train Loss: 24.5464
INFO:Logger:Epoch 70, Train Loss: 24.6295
INFO:Logger:Epoch 71, Train Loss: 24.5701
INFO:Logger:Epoch 72, Train Loss: 25.3733
INFO:Logger:Epoch 73, Train Loss: 24.4733
INFO:Logger:Epoch 74, Train Loss: 24.3502
INFO:Logger:Epoch 75, Train Loss: 23.9913
INFO:Logger:Epoch 76, Train Loss: 24.5824
INFO:Logger:Epoch 77, Train Loss: 25.1282
INFO:Logger:Epoch 78, Train Loss: 24.6780
INFO:Logger:Epoch 79, Train Loss: 25.0392
INFO:Logger:Epoch 80, Train Loss: 25.5130
INFO:Logger:Epoch 81, Train Loss: 24.1797
INFO:Logger:Epoch 82, Train Loss: 24.3837
INFO:Logger:Epoch 83, Train Loss: 24.4221
INFO:Logger:Epoch 84, Train Loss: 24.2827
INFO:Logger:Epoch 85, Train Loss: 24.2019
INFO:Logger:Epoch 86, Train Loss: 24.3072
INFO:Logger:Epoch 87, Train Loss: 24.0355
INFO:Logger:Epoch 88, Train Loss: 23.9763
INFO:Logger:Epoch 89, Train Loss: 23.8063
INFO:Logger:Epoch 90, Train Loss: 23.8166
INFO:Logger:Epoch 91, Train Loss: 23.9333
INFO:Logger:Epoch 92, Train Loss: 23.7223
INFO:Logger:Epoch 93, Train Loss: 23.7500
INFO:Logger:Epoch 94, Train Loss: 23.9144
INFO:Logger:Epoch 95, Train Loss: 23.6835
INFO:Logger:Epoch 96, Train Loss: 23.6538
INFO:Logger:Epoch 97, Train Loss: 23.7146
INFO:Logger:Epoch 98, Train Loss: 23.5681
INFO:Logger:Epoch 99, Train Loss: 23.4262
INFO:Logger:Epoch 100, Train Loss: 23.4727
INFO:Logger:Test Error: 0.1410
INFO:Logger:Pearson Correlation Coefficient: 0.7312070665254717
INFO:Logger:Epoch 1, Train Loss: 27.2941
INFO:Logger:Epoch 2, Train Loss: 24.8371
INFO:Logger:Epoch 3, Train Loss: 21.5149
INFO:Logger:Epoch 4, Train Loss: 19.9158
INFO:Logger:Epoch 5, Train Loss: 19.6405
INFO:Logger:Epoch 6, Train Loss: 18.9791
INFO:Logger:Epoch 7, Train Loss: 18.9006
INFO:Logger:Epoch 8, Train Loss: 19.0453
INFO:Logger:Epoch 9, Train Loss: 18.3220
INFO:Logger:Epoch 10, Train Loss: 18.3963
INFO:Logger:Epoch 11, Train Loss: 18.4164
INFO:Logger:Epoch 12, Train Loss: 18.4207
INFO:Logger:Epoch 13, Train Loss: 18.1018
INFO:Logger:Epoch 14, Train Loss: 18.3412
INFO:Logger:Epoch 15, Train Loss: 18.2894
INFO:Logger:Epoch 16, Train Loss: 18.1281
INFO:Logger:Epoch 17, Train Loss: 18.6498
INFO:Logger:Epoch 18, Train Loss: 18.2965
INFO:Logger:Epoch 19, Train Loss: 18.1825
INFO:Logger:Epoch 20, Train Loss: 17.8575
INFO:Logger:Epoch 21, Train Loss: 17.9984
INFO:Logger:Epoch 22, Train Loss: 18.0466
INFO:Logger:Epoch 23, Train Loss: 18.0152
INFO:Logger:Epoch 24, Train Loss: 18.1844
INFO:Logger:Epoch 25, Train Loss: 18.0649
INFO:Logger:Epoch 26, Train Loss: 17.5616
INFO:Logger:Epoch 27, Train Loss: 17.8727
INFO:Logger:Epoch 28, Train Loss: 17.4927
INFO:Logger:Epoch 29, Train Loss: 17.6787
INFO:Logger:Epoch 30, Train Loss: 17.6410
INFO:Logger:Epoch 31, Train Loss: 17.7155
INFO:Logger:Epoch 32, Train Loss: 17.7808
INFO:Logger:Epoch 33, Train Loss: 17.6876
INFO:Logger:Epoch 34, Train Loss: 17.5127
INFO:Logger:Epoch 35, Train Loss: 17.7221
INFO:Logger:Epoch 36, Train Loss: 17.5533
INFO:Logger:Epoch 37, Train Loss: 17.5727
INFO:Logger:Epoch 38, Train Loss: 17.6264
INFO:Logger:Epoch 39, Train Loss: 17.5143
INFO:Logger:Epoch 40, Train Loss: 17.6403
INFO:Logger:Epoch 41, Train Loss: 17.7006
INFO:Logger:Epoch 42, Train Loss: 17.4488
INFO:Logger:Epoch 43, Train Loss: 17.4124
INFO:Logger:Epoch 44, Train Loss: 17.5554
INFO:Logger:Epoch 45, Train Loss: 17.6053
INFO:Logger:Epoch 46, Train Loss: 17.1723
INFO:Logger:Epoch 47, Train Loss: 17.6839
INFO:Logger:Epoch 48, Train Loss: 17.4108
INFO:Logger:Epoch 49, Train Loss: 17.4242
INFO:Logger:Epoch 50, Train Loss: 17.2580
INFO:Logger:Epoch 51, Train Loss: 17.3489
INFO:Logger:Epoch 52, Train Loss: 17.2787
INFO:Logger:Epoch 53, Train Loss: 17.0550
INFO:Logger:Epoch 54, Train Loss: 17.0881
INFO:Logger:Epoch 55, Train Loss: 17.3524
INFO:Logger:Epoch 56, Train Loss: 17.2698
INFO:Logger:Epoch 57, Train Loss: 17.4514
INFO:Logger:Epoch 58, Train Loss: 17.0632
INFO:Logger:Epoch 59, Train Loss: 17.2063
INFO:Logger:Epoch 60, Train Loss: 17.0578
INFO:Logger:Epoch 61, Train Loss: 17.2328
INFO:Logger:Epoch 62, Train Loss: 16.9532
INFO:Logger:Epoch 63, Train Loss: 16.9352
INFO:Logger:Epoch 64, Train Loss: 17.5019
INFO:Logger:Epoch 65, Train Loss: 16.9031
INFO:Logger:Epoch 66, Train Loss: 17.1300
INFO:Logger:Epoch 67, Train Loss: 16.9730
INFO:Logger:Epoch 68, Train Loss: 16.9621
INFO:Logger:Epoch 69, Train Loss: 17.1406
INFO:Logger:Epoch 70, Train Loss: 17.0458
INFO:Logger:Epoch 71, Train Loss: 16.9948
INFO:Logger:Epoch 72, Train Loss: 17.0264
INFO:Logger:Epoch 73, Train Loss: 16.9541
INFO:Logger:Epoch 74, Train Loss: 17.0748
INFO:Logger:Epoch 75, Train Loss: 16.6734
INFO:Logger:Epoch 76, Train Loss: 16.7086
INFO:Logger:Epoch 77, Train Loss: 16.8530
INFO:Logger:Epoch 78, Train Loss: 16.8978
INFO:Logger:Epoch 79, Train Loss: 17.1284
INFO:Logger:Epoch 80, Train Loss: 17.0377
INFO:Logger:Epoch 81, Train Loss: 16.8807
INFO:Logger:Epoch 82, Train Loss: 16.2525
INFO:Logger:Epoch 83, Train Loss: 16.4529
INFO:Logger:Epoch 84, Train Loss: 16.7666
INFO:Logger:Epoch 85, Train Loss: 16.8382
INFO:Logger:Epoch 86, Train Loss: 16.5461
INFO:Logger:Epoch 87, Train Loss: 16.3827
INFO:Logger:Epoch 88, Train Loss: 16.7310
INFO:Logger:Epoch 89, Train Loss: 16.6955
INFO:Logger:Epoch 90, Train Loss: 16.5580
INFO:Logger:Epoch 91, Train Loss: 16.5819
INFO:Logger:Epoch 92, Train Loss: 15.9060
INFO:Logger:Epoch 93, Train Loss: 16.0551
INFO:Logger:Epoch 94, Train Loss: 16.1214
INFO:Logger:Epoch 95, Train Loss: 15.9201
INFO:Logger:Epoch 96, Train Loss: 15.7069
INFO:Logger:Epoch 97, Train Loss: 15.7568
INFO:Logger:Epoch 98, Train Loss: 15.5838
INFO:Logger:Epoch 99, Train Loss: 15.9158
INFO:Logger:Epoch 100, Train Loss: 15.4245
INFO:Logger:Test Error: 0.1536
INFO:Logger:Pearson Correlation Coefficient: 0.7127128978936454
INFO:Logger:Epoch 1, Train Loss: 10.9199
INFO:Logger:Epoch 2, Train Loss: 15.2633
INFO:Logger:Epoch 3, Train Loss: 13.0895
INFO:Logger:Epoch 4, Train Loss: 12.6728
INFO:Logger:Epoch 5, Train Loss: 13.3876
INFO:Logger:Epoch 6, Train Loss: 10.2245
INFO:Logger:Epoch 7, Train Loss: 10.0066
INFO:Logger:Epoch 8, Train Loss: 9.9183
INFO:Logger:Epoch 9, Train Loss: 8.9338
INFO:Logger:Epoch 10, Train Loss: 9.5204
INFO:Logger:Epoch 11, Train Loss: 9.1208
INFO:Logger:Epoch 12, Train Loss: 9.1238
INFO:Logger:Epoch 13, Train Loss: 9.0247
INFO:Logger:Epoch 14, Train Loss: 10.1644
INFO:Logger:Epoch 15, Train Loss: 9.4039
INFO:Logger:Epoch 16, Train Loss: 9.4684
INFO:Logger:Epoch 17, Train Loss: 9.1154
INFO:Logger:Epoch 18, Train Loss: 9.4786
INFO:Logger:Epoch 19, Train Loss: 9.3641
INFO:Logger:Epoch 20, Train Loss: 9.5295
INFO:Logger:Epoch 21, Train Loss: 9.5425
INFO:Logger:Epoch 22, Train Loss: 9.5125
INFO:Logger:Epoch 23, Train Loss: 9.2959
INFO:Logger:Epoch 24, Train Loss: 9.1053
INFO:Logger:Epoch 25, Train Loss: 9.6035
INFO:Logger:Epoch 26, Train Loss: 10.3571
INFO:Logger:Epoch 27, Train Loss: 10.7550
INFO:Logger:Epoch 28, Train Loss: 11.0526
INFO:Logger:Epoch 29, Train Loss: 11.2984
INFO:Logger:Epoch 30, Train Loss: 11.1758
INFO:Logger:Epoch 31, Train Loss: 10.9166
INFO:Logger:Epoch 32, Train Loss: 10.5450
INFO:Logger:Epoch 33, Train Loss: 10.3468
INFO:Logger:Epoch 34, Train Loss: 10.5220
INFO:Logger:Epoch 35, Train Loss: 10.5139
INFO:Logger:Epoch 36, Train Loss: 10.8392
INFO:Logger:Epoch 37, Train Loss: 10.5091
INFO:Logger:Epoch 38, Train Loss: 11.1070
INFO:Logger:Epoch 39, Train Loss: 10.6520
INFO:Logger:Epoch 40, Train Loss: 10.2163
INFO:Logger:Epoch 41, Train Loss: 9.9015
INFO:Logger:Epoch 42, Train Loss: 9.4887
INFO:Logger:Epoch 43, Train Loss: 9.8661
INFO:Logger:Epoch 44, Train Loss: 9.9535
INFO:Logger:Epoch 45, Train Loss: 9.7441
INFO:Logger:Epoch 46, Train Loss: 9.9172
INFO:Logger:Epoch 47, Train Loss: 10.0822
INFO:Logger:Epoch 48, Train Loss: 11.6476
INFO:Logger:Epoch 49, Train Loss: 10.4031
INFO:Logger:Epoch 50, Train Loss: 9.6213
INFO:Logger:Epoch 51, Train Loss: 10.0787
INFO:Logger:Epoch 52, Train Loss: 9.6210
INFO:Logger:Epoch 53, Train Loss: 9.9830
INFO:Logger:Epoch 54, Train Loss: 10.2736
INFO:Logger:Epoch 55, Train Loss: 10.0800
INFO:Logger:Epoch 56, Train Loss: 10.4874
INFO:Logger:Epoch 57, Train Loss: 10.5179
INFO:Logger:Epoch 58, Train Loss: 10.4445
INFO:Logger:Epoch 59, Train Loss: 10.1919
INFO:Logger:Epoch 60, Train Loss: 10.5635
INFO:Logger:Epoch 61, Train Loss: 10.3261
INFO:Logger:Epoch 62, Train Loss: 10.5890
INFO:Logger:Epoch 63, Train Loss: 10.3939
INFO:Logger:Epoch 64, Train Loss: 10.2623
INFO:Logger:Epoch 65, Train Loss: 10.4845
INFO:Logger:Epoch 66, Train Loss: 9.8316
INFO:Logger:Epoch 67, Train Loss: 10.7620
INFO:Logger:Epoch 68, Train Loss: 10.0384
INFO:Logger:Epoch 69, Train Loss: 11.0761
INFO:Logger:Epoch 70, Train Loss: 10.5381
INFO:Logger:Epoch 71, Train Loss: 10.2753
INFO:Logger:Epoch 72, Train Loss: 10.1405
INFO:Logger:Epoch 73, Train Loss: 10.1592
INFO:Logger:Epoch 74, Train Loss: 10.0960
INFO:Logger:Epoch 75, Train Loss: 10.2221
INFO:Logger:Epoch 76, Train Loss: 10.8167
INFO:Logger:Epoch 77, Train Loss: 10.0246
INFO:Logger:Epoch 78, Train Loss: 9.6745
INFO:Logger:Epoch 79, Train Loss: 9.7132
INFO:Logger:Epoch 80, Train Loss: 9.4400
INFO:Logger:Epoch 81, Train Loss: 9.8226
INFO:Logger:Epoch 82, Train Loss: 9.5475
INFO:Logger:Epoch 83, Train Loss: 9.8962
INFO:Logger:Epoch 84, Train Loss: 10.0869
INFO:Logger:Epoch 85, Train Loss: 9.3915
INFO:Logger:Epoch 86, Train Loss: 9.4257
INFO:Logger:Epoch 87, Train Loss: 9.6365
INFO:Logger:Epoch 88, Train Loss: 9.6417
INFO:Logger:Epoch 89, Train Loss: 9.5962
INFO:Logger:Epoch 90, Train Loss: 9.8318
INFO:Logger:Epoch 91, Train Loss: 10.4211
INFO:Logger:Epoch 92, Train Loss: 9.5347
INFO:Logger:Epoch 93, Train Loss: 9.9862
INFO:Logger:Epoch 94, Train Loss: 10.2739
INFO:Logger:Epoch 95, Train Loss: 10.8862
INFO:Logger:Epoch 96, Train Loss: 11.1055
INFO:Logger:Epoch 97, Train Loss: 10.6074
INFO:Logger:Epoch 98, Train Loss: 10.5693
INFO:Logger:Epoch 99, Train Loss: 10.5542
INFO:Logger:Epoch 100, Train Loss: 10.5796
INFO:Logger:Test Error: 0.1366
INFO:Logger:Pearson Correlation Coefficient: 0.7429586272759203
INFO:Logger:Epoch 1, Train Loss: 25.1475
INFO:Logger:Epoch 2, Train Loss: 20.6505
INFO:Logger:Epoch 3, Train Loss: 18.1911
INFO:Logger:Epoch 4, Train Loss: 17.2792
INFO:Logger:Epoch 5, Train Loss: 16.8559
INFO:Logger:Epoch 6, Train Loss: 17.0539
INFO:Logger:Epoch 7, Train Loss: 16.1490
INFO:Logger:Epoch 8, Train Loss: 16.4299
INFO:Logger:Epoch 9, Train Loss: 16.2096
INFO:Logger:Epoch 10, Train Loss: 16.1639
INFO:Logger:Epoch 11, Train Loss: 15.9120
INFO:Logger:Epoch 12, Train Loss: 15.6162
INFO:Logger:Epoch 13, Train Loss: 15.9852
INFO:Logger:Epoch 14, Train Loss: 15.7687
INFO:Logger:Epoch 15, Train Loss: 15.8102
INFO:Logger:Epoch 16, Train Loss: 15.9086
INFO:Logger:Epoch 17, Train Loss: 16.0221
INFO:Logger:Epoch 18, Train Loss: 16.2902
INFO:Logger:Epoch 19, Train Loss: 16.2032
INFO:Logger:Epoch 20, Train Loss: 16.2381
INFO:Logger:Epoch 21, Train Loss: 16.4166
INFO:Logger:Epoch 22, Train Loss: 16.2966
INFO:Logger:Epoch 23, Train Loss: 16.3528
INFO:Logger:Epoch 24, Train Loss: 16.4221
INFO:Logger:Epoch 25, Train Loss: 16.7112
INFO:Logger:Epoch 26, Train Loss: 16.8761
INFO:Logger:Epoch 27, Train Loss: 16.9813
INFO:Logger:Epoch 28, Train Loss: 16.9102
INFO:Logger:Epoch 29, Train Loss: 17.0371
INFO:Logger:Epoch 30, Train Loss: 17.0267
INFO:Logger:Epoch 31, Train Loss: 17.1374
INFO:Logger:Epoch 32, Train Loss: 16.9971
INFO:Logger:Epoch 33, Train Loss: 17.3946
INFO:Logger:Epoch 34, Train Loss: 17.4021
INFO:Logger:Epoch 35, Train Loss: 17.8016
INFO:Logger:Epoch 36, Train Loss: 17.2955
INFO:Logger:Epoch 37, Train Loss: 17.2897
INFO:Logger:Epoch 38, Train Loss: 18.1397
INFO:Logger:Epoch 39, Train Loss: 16.6071
INFO:Logger:Epoch 40, Train Loss: 16.0625
INFO:Logger:Epoch 41, Train Loss: 16.0527
INFO:Logger:Epoch 42, Train Loss: 16.0070
INFO:Logger:Epoch 43, Train Loss: 14.9881
INFO:Logger:Epoch 44, Train Loss: 13.9334
INFO:Logger:Epoch 45, Train Loss: 13.4552
INFO:Logger:Epoch 46, Train Loss: 13.8923
INFO:Logger:Epoch 47, Train Loss: 13.6847
INFO:Logger:Epoch 48, Train Loss: 13.4051
INFO:Logger:Epoch 49, Train Loss: 13.2980
INFO:Logger:Epoch 50, Train Loss: 13.2549
INFO:Logger:Epoch 51, Train Loss: 13.1829
INFO:Logger:Epoch 52, Train Loss: 13.0137
INFO:Logger:Epoch 53, Train Loss: 13.4369
INFO:Logger:Epoch 54, Train Loss: 13.8156
INFO:Logger:Epoch 55, Train Loss: 13.8734
INFO:Logger:Epoch 56, Train Loss: 13.7273
INFO:Logger:Epoch 57, Train Loss: 13.5500
INFO:Logger:Epoch 58, Train Loss: 13.5869
INFO:Logger:Epoch 59, Train Loss: 13.6687
INFO:Logger:Epoch 60, Train Loss: 13.4779
INFO:Logger:Epoch 61, Train Loss: 13.2196
INFO:Logger:Epoch 62, Train Loss: 13.4747
INFO:Logger:Epoch 63, Train Loss: 13.4464
INFO:Logger:Epoch 64, Train Loss: 13.2153
INFO:Logger:Epoch 65, Train Loss: 13.4479
INFO:Logger:Epoch 66, Train Loss: 13.4290
INFO:Logger:Epoch 67, Train Loss: 13.4362
INFO:Logger:Epoch 68, Train Loss: 13.4371
INFO:Logger:Epoch 69, Train Loss: 13.3155
INFO:Logger:Epoch 70, Train Loss: 13.2821
INFO:Logger:Epoch 71, Train Loss: 13.4298
INFO:Logger:Epoch 72, Train Loss: 13.1392
INFO:Logger:Epoch 73, Train Loss: 13.1237
INFO:Logger:Epoch 74, Train Loss: 13.3129
INFO:Logger:Epoch 75, Train Loss: 13.0926
INFO:Logger:Epoch 76, Train Loss: 13.1662
INFO:Logger:Epoch 77, Train Loss: 12.9129
INFO:Logger:Epoch 78, Train Loss: 12.9652
INFO:Logger:Epoch 79, Train Loss: 12.8868
INFO:Logger:Epoch 80, Train Loss: 12.9725
INFO:Logger:Epoch 81, Train Loss: 12.9951
INFO:Logger:Epoch 82, Train Loss: 12.9773
INFO:Logger:Epoch 83, Train Loss: 12.9242
INFO:Logger:Epoch 84, Train Loss: 12.9649
INFO:Logger:Epoch 85, Train Loss: 12.9907
INFO:Logger:Epoch 86, Train Loss: 12.9439
INFO:Logger:Epoch 87, Train Loss: 12.9740
INFO:Logger:Epoch 88, Train Loss: 12.9674
INFO:Logger:Epoch 89, Train Loss: 12.9976
INFO:Logger:Epoch 90, Train Loss: 12.9895
INFO:Logger:Epoch 91, Train Loss: 12.9072
INFO:Logger:Epoch 92, Train Loss: 12.9439
INFO:Logger:Epoch 93, Train Loss: 12.9753
INFO:Logger:Epoch 94, Train Loss: 12.8570
INFO:Logger:Epoch 95, Train Loss: 12.8997
INFO:Logger:Epoch 96, Train Loss: 12.9879
INFO:Logger:Epoch 97, Train Loss: 12.9769
INFO:Logger:Epoch 98, Train Loss: 12.9868
INFO:Logger:Epoch 99, Train Loss: 13.0605
INFO:Logger:Epoch 100, Train Loss: 12.9803
INFO:Logger:Test Error: 0.1417
INFO:Logger:Pearson Correlation Coefficient: 0.7459327487094969
INFO:Logger:Epoch 1, Train Loss: 20.7509
INFO:Logger:Epoch 2, Train Loss: 16.4424
INFO:Logger:Epoch 3, Train Loss: 14.4337
INFO:Logger:Epoch 4, Train Loss: 12.4621
INFO:Logger:Epoch 5, Train Loss: 11.3389
INFO:Logger:Epoch 6, Train Loss: 12.1975
INFO:Logger:Epoch 7, Train Loss: 11.3236
INFO:Logger:Epoch 8, Train Loss: 11.3007
INFO:Logger:Epoch 9, Train Loss: 10.8590
INFO:Logger:Epoch 10, Train Loss: 10.9795
INFO:Logger:Epoch 11, Train Loss: 10.8821
INFO:Logger:Epoch 12, Train Loss: 10.7143
INFO:Logger:Epoch 13, Train Loss: 10.5963
INFO:Logger:Epoch 14, Train Loss: 10.1205
INFO:Logger:Epoch 15, Train Loss: 10.0312
INFO:Logger:Epoch 16, Train Loss: 10.6060
INFO:Logger:Epoch 17, Train Loss: 10.2586
INFO:Logger:Epoch 18, Train Loss: 10.8708
INFO:Logger:Epoch 19, Train Loss: 10.1881
INFO:Logger:Epoch 20, Train Loss: 9.8191
INFO:Logger:Epoch 21, Train Loss: 10.0031
INFO:Logger:Epoch 22, Train Loss: 9.9027
INFO:Logger:Epoch 23, Train Loss: 10.2733
INFO:Logger:Epoch 24, Train Loss: 11.1091
INFO:Logger:Epoch 25, Train Loss: 9.7813
INFO:Logger:Epoch 26, Train Loss: 11.0305
INFO:Logger:Epoch 27, Train Loss: 10.3345
INFO:Logger:Epoch 28, Train Loss: 10.2900
INFO:Logger:Epoch 29, Train Loss: 10.2914
INFO:Logger:Epoch 30, Train Loss: 9.7837
INFO:Logger:Epoch 31, Train Loss: 10.8984
INFO:Logger:Epoch 32, Train Loss: 10.5205
INFO:Logger:Epoch 33, Train Loss: 9.9492
INFO:Logger:Epoch 34, Train Loss: 10.0173
INFO:Logger:Epoch 35, Train Loss: 9.7566
INFO:Logger:Epoch 36, Train Loss: 11.2960
INFO:Logger:Epoch 37, Train Loss: 11.1238
INFO:Logger:Epoch 38, Train Loss: 9.7719
INFO:Logger:Epoch 39, Train Loss: 10.6824
INFO:Logger:Epoch 40, Train Loss: 10.8547
INFO:Logger:Epoch 41, Train Loss: 9.6878
INFO:Logger:Epoch 42, Train Loss: 10.4402
INFO:Logger:Epoch 43, Train Loss: 10.0870
INFO:Logger:Epoch 44, Train Loss: 10.7607
INFO:Logger:Epoch 45, Train Loss: 10.4238
INFO:Logger:Epoch 46, Train Loss: 10.6436
INFO:Logger:Epoch 47, Train Loss: 9.7870
INFO:Logger:Epoch 48, Train Loss: 9.6859
INFO:Logger:Epoch 49, Train Loss: 10.2378
INFO:Logger:Epoch 50, Train Loss: 10.1315
INFO:Logger:Epoch 51, Train Loss: 9.6114
INFO:Logger:Epoch 52, Train Loss: 10.3142
INFO:Logger:Epoch 53, Train Loss: 9.3321
INFO:Logger:Epoch 54, Train Loss: 9.6348
INFO:Logger:Epoch 55, Train Loss: 9.5805
INFO:Logger:Epoch 56, Train Loss: 9.6570
INFO:Logger:Epoch 57, Train Loss: 10.5375
INFO:Logger:Epoch 58, Train Loss: 9.9596
INFO:Logger:Epoch 59, Train Loss: 10.0175
INFO:Logger:Epoch 60, Train Loss: 10.5068
INFO:Logger:Epoch 61, Train Loss: 10.0013
INFO:Logger:Epoch 62, Train Loss: 10.3989
INFO:Logger:Epoch 63, Train Loss: 9.2794
INFO:Logger:Epoch 64, Train Loss: 9.5516
INFO:Logger:Epoch 65, Train Loss: 9.5639
INFO:Logger:Epoch 66, Train Loss: 10.4693
INFO:Logger:Epoch 67, Train Loss: 10.2078
INFO:Logger:Epoch 68, Train Loss: 9.5400
INFO:Logger:Epoch 69, Train Loss: 9.4767
INFO:Logger:Epoch 70, Train Loss: 9.8421
INFO:Logger:Epoch 71, Train Loss: 9.7429
INFO:Logger:Epoch 72, Train Loss: 9.8510
INFO:Logger:Epoch 73, Train Loss: 10.0285
INFO:Logger:Epoch 74, Train Loss: 9.7279
INFO:Logger:Epoch 75, Train Loss: 9.4785
INFO:Logger:Epoch 76, Train Loss: 9.4212
INFO:Logger:Epoch 77, Train Loss: 9.6225
INFO:Logger:Epoch 78, Train Loss: 9.5647
INFO:Logger:Epoch 79, Train Loss: 9.7321
INFO:Logger:Epoch 80, Train Loss: 9.5949
INFO:Logger:Epoch 81, Train Loss: 9.3387
INFO:Logger:Epoch 82, Train Loss: 9.3040
INFO:Logger:Epoch 83, Train Loss: 9.2280
INFO:Logger:Epoch 84, Train Loss: 9.1974
INFO:Logger:Epoch 85, Train Loss: 9.0087
INFO:Logger:Epoch 86, Train Loss: 9.2160
INFO:Logger:Epoch 87, Train Loss: 9.1959
INFO:Logger:Epoch 88, Train Loss: 9.1242
INFO:Logger:Epoch 89, Train Loss: 9.1620
INFO:Logger:Epoch 90, Train Loss: 9.1688
INFO:Logger:Epoch 91, Train Loss: 8.9887
INFO:Logger:Epoch 92, Train Loss: 9.0671
INFO:Logger:Epoch 93, Train Loss: 9.5207
INFO:Logger:Epoch 94, Train Loss: 8.9487
INFO:Logger:Epoch 95, Train Loss: 9.1553
INFO:Logger:Epoch 96, Train Loss: 9.0572
INFO:Logger:Epoch 97, Train Loss: 8.9701
INFO:Logger:Epoch 98, Train Loss: 8.9056
INFO:Logger:Epoch 99, Train Loss: 9.1713
INFO:Logger:Epoch 100, Train Loss: 9.1081
INFO:Logger:Test Error: 0.1289
INFO:Logger:Pearson Correlation Coefficient: 0.7719147530500888
INFO:Logger:PCC: 0.741 ± 0.019
