/var/spool/slurmd/job13703552/slurm_script: line 9: SECONDS: command not found
/var/spool/slurmd/job13703552/slurm_script: line 10: cd: /home/sv496/project/metabolic_graph: No such file or directory

CommandNotFoundError: Your shell has not been properly configured to use 'conda deactivate'.
To initialize your shell, run

    $ conda init <SHELL_NAME>

Currently supported shells are:
  - bash
  - fish
  - tcsh
  - xonsh
  - zsh
  - powershell

See 'conda init --help' for more information and options.

IMPORTANT: You may need to close and restart your shell after running 'conda init'.


INFO:Logger:Epoch 1, Train Loss: 0.3430
INFO:Logger:Epoch 2, Train Loss: 0.3484
INFO:Logger:Epoch 3, Train Loss: 0.3597
INFO:Logger:Epoch 4, Train Loss: 0.3518
INFO:Logger:Epoch 5, Train Loss: 0.3510
INFO:Logger:Epoch 6, Train Loss: 0.3500
INFO:Logger:Epoch 7, Train Loss: 0.3343
INFO:Logger:Epoch 8, Train Loss: 0.3397
INFO:Logger:Epoch 9, Train Loss: 0.3536
INFO:Logger:Epoch 10, Train Loss: 0.3505
INFO:Logger:Epoch 11, Train Loss: 0.2758
INFO:Logger:Epoch 12, Train Loss: 0.3707
INFO:Logger:Epoch 13, Train Loss: 0.2714
INFO:Logger:Epoch 14, Train Loss: 0.3510
INFO:Logger:Epoch 15, Train Loss: 0.3895
INFO:Logger:Epoch 16, Train Loss: 0.3699
INFO:Logger:Epoch 17, Train Loss: 0.3649
INFO:Logger:Epoch 18, Train Loss: 0.3953
INFO:Logger:Epoch 19, Train Loss: 0.3901
INFO:Logger:Epoch 20, Train Loss: 0.4285
INFO:Logger:Epoch 21, Train Loss: 0.4533
INFO:Logger:Epoch 22, Train Loss: 0.3760
INFO:Logger:Epoch 23, Train Loss: 0.3983
INFO:Logger:Epoch 24, Train Loss: 0.4055
INFO:Logger:Epoch 25, Train Loss: 0.4101
INFO:Logger:Epoch 26, Train Loss: 0.4080
INFO:Logger:Epoch 27, Train Loss: 0.3996
INFO:Logger:Epoch 28, Train Loss: 0.3925
INFO:Logger:Epoch 29, Train Loss: 0.3916
INFO:Logger:Epoch 30, Train Loss: 0.3975
INFO:Logger:Epoch 31, Train Loss: 0.3913
INFO:Logger:Epoch 32, Train Loss: 0.4090
INFO:Logger:Epoch 33, Train Loss: 0.4026
INFO:Logger:Epoch 34, Train Loss: 0.4088
INFO:Logger:Epoch 35, Train Loss: 0.4132
INFO:Logger:Epoch 36, Train Loss: 0.4078
INFO:Logger:Epoch 37, Train Loss: 0.4070
INFO:Logger:Epoch 38, Train Loss: 0.3953
INFO:Logger:Epoch 39, Train Loss: 0.4011
INFO:Logger:Epoch 40, Train Loss: 0.4033
INFO:Logger:Epoch 41, Train Loss: 0.4021
INFO:Logger:Epoch 42, Train Loss: 0.4003
INFO:Logger:Epoch 43, Train Loss: 0.3986
INFO:Logger:Epoch 44, Train Loss: 0.4030
INFO:Logger:Epoch 45, Train Loss: 0.3909
INFO:Logger:Epoch 46, Train Loss: 0.4035
INFO:Logger:Epoch 47, Train Loss: 0.4073
INFO:Logger:Epoch 48, Train Loss: 0.4032
INFO:Logger:Epoch 49, Train Loss: 0.3929
INFO:Logger:Epoch 50, Train Loss: 0.4078
INFO:Logger:Epoch 51, Train Loss: 0.4093
INFO:Logger:Epoch 52, Train Loss: 0.3934
INFO:Logger:Epoch 53, Train Loss: 0.3934
INFO:Logger:Epoch 54, Train Loss: 0.4019
INFO:Logger:Epoch 55, Train Loss: 0.3921
INFO:Logger:Epoch 56, Train Loss: 0.3960
INFO:Logger:Epoch 57, Train Loss: 0.3975
INFO:Logger:Epoch 58, Train Loss: 0.3954
INFO:Logger:Epoch 59, Train Loss: 0.3970
INFO:Logger:Epoch 60, Train Loss: 0.4029
INFO:Logger:Epoch 61, Train Loss: 0.3948
INFO:Logger:Epoch 62, Train Loss: 0.3957
INFO:Logger:Epoch 63, Train Loss: 0.4025
INFO:Logger:Epoch 64, Train Loss: 0.3949
INFO:Logger:Epoch 65, Train Loss: 0.3939
INFO:Logger:Epoch 66, Train Loss: 0.3839
INFO:Logger:Epoch 67, Train Loss: 0.3844
INFO:Logger:Epoch 68, Train Loss: 0.3948
INFO:Logger:Epoch 69, Train Loss: 0.3954
INFO:Logger:Epoch 70, Train Loss: 0.3926
INFO:Logger:Epoch 71, Train Loss: 0.3985
INFO:Logger:Epoch 72, Train Loss: 0.3941
INFO:Logger:Epoch 73, Train Loss: 0.3937
INFO:Logger:Epoch 74, Train Loss: 0.3932
INFO:Logger:Epoch 75, Train Loss: 0.3946
INFO:Logger:Epoch 76, Train Loss: 0.3959
INFO:Logger:Epoch 77, Train Loss: 0.3947
INFO:Logger:Epoch 78, Train Loss: 0.3968
INFO:Logger:Epoch 79, Train Loss: 0.3948
INFO:Logger:Epoch 80, Train Loss: 0.3931
INFO:Logger:Epoch 81, Train Loss: 0.3923
INFO:Logger:Epoch 82, Train Loss: 0.3970
INFO:Logger:Epoch 83, Train Loss: 0.3945
INFO:Logger:Epoch 84, Train Loss: 0.3924
INFO:Logger:Epoch 85, Train Loss: 0.3935
INFO:Logger:Epoch 86, Train Loss: 0.3979
INFO:Logger:Epoch 87, Train Loss: 0.3943
INFO:Logger:Epoch 88, Train Loss: 0.3947
INFO:Logger:Epoch 89, Train Loss: 0.3926
INFO:Logger:Epoch 90, Train Loss: 0.3901
INFO:Logger:Epoch 91, Train Loss: 0.3914
INFO:Logger:Epoch 92, Train Loss: 0.3851
INFO:Logger:Epoch 93, Train Loss: 0.3838
INFO:Logger:Epoch 94, Train Loss: 0.3912
INFO:Logger:Epoch 95, Train Loss: 0.4015
INFO:Logger:Epoch 96, Train Loss: 0.3874
INFO:Logger:Epoch 97, Train Loss: 0.3956
INFO:Logger:Epoch 98, Train Loss: 0.3950
INFO:Logger:Epoch 99, Train Loss: 0.3949
INFO:Logger:Epoch 100, Train Loss: 0.3938
INFO:Logger:Test Error: 0.1267
INFO:Logger:Pearson Correlation Coefficient: 0.6342963720139101
INFO:Logger:Epoch 1, Train Loss: 5.2197
INFO:Logger:Epoch 2, Train Loss: 5.1419
INFO:Logger:Epoch 3, Train Loss: 5.1864
INFO:Logger:Epoch 4, Train Loss: 5.2187
INFO:Logger:Epoch 5, Train Loss: 5.0736
INFO:Logger:Epoch 6, Train Loss: 5.2216
INFO:Logger:Epoch 7, Train Loss: 5.0951
INFO:Logger:Epoch 8, Train Loss: 5.1582
INFO:Logger:Epoch 9, Train Loss: 5.1782
INFO:Logger:Epoch 10, Train Loss: 5.1277
INFO:Logger:Epoch 11, Train Loss: 5.0704
INFO:Logger:Epoch 12, Train Loss: 5.0418
INFO:Logger:Epoch 13, Train Loss: 4.9612
INFO:Logger:Epoch 14, Train Loss: 5.0220
INFO:Logger:Epoch 15, Train Loss: 4.9450
INFO:Logger:Epoch 16, Train Loss: 4.9639
INFO:Logger:Epoch 17, Train Loss: 4.9639
INFO:Logger:Epoch 18, Train Loss: 4.8957
INFO:Logger:Epoch 19, Train Loss: 4.9102
INFO:Logger:Epoch 20, Train Loss: 4.8897
INFO:Logger:Epoch 21, Train Loss: 4.7495
INFO:Logger:Epoch 22, Train Loss: 4.7033
INFO:Logger:Epoch 23, Train Loss: 4.6537
INFO:Logger:Epoch 24, Train Loss: 4.6047
INFO:Logger:Epoch 25, Train Loss: 4.5042
INFO:Logger:Epoch 26, Train Loss: 4.5647
INFO:Logger:Epoch 27, Train Loss: 4.5244
INFO:Logger:Epoch 28, Train Loss: 4.3428
INFO:Logger:Epoch 29, Train Loss: 4.1240
INFO:Logger:Epoch 30, Train Loss: 4.1200
INFO:Logger:Epoch 31, Train Loss: 4.2220
INFO:Logger:Epoch 32, Train Loss: 4.1800
INFO:Logger:Epoch 33, Train Loss: 4.2413
INFO:Logger:Epoch 34, Train Loss: 4.2127
INFO:Logger:Epoch 35, Train Loss: 4.2067
INFO:Logger:Epoch 36, Train Loss: 4.2365
INFO:Logger:Epoch 37, Train Loss: 4.3001
INFO:Logger:Epoch 38, Train Loss: 4.2068
INFO:Logger:Epoch 39, Train Loss: 4.2798
INFO:Logger:Epoch 40, Train Loss: 4.2005
INFO:Logger:Epoch 41, Train Loss: 4.1766
INFO:Logger:Epoch 42, Train Loss: 4.1562
INFO:Logger:Epoch 43, Train Loss: 4.1777
INFO:Logger:Epoch 44, Train Loss: 4.1439
INFO:Logger:Epoch 45, Train Loss: 4.1368
INFO:Logger:Epoch 46, Train Loss: 4.1549
INFO:Logger:Epoch 47, Train Loss: 4.1779
INFO:Logger:Epoch 48, Train Loss: 4.2103
INFO:Logger:Epoch 49, Train Loss: 4.1150
INFO:Logger:Epoch 50, Train Loss: 4.1573
INFO:Logger:Epoch 51, Train Loss: 4.2297
INFO:Logger:Epoch 52, Train Loss: 4.1265
INFO:Logger:Epoch 53, Train Loss: 4.1519
INFO:Logger:Epoch 54, Train Loss: 4.1614
INFO:Logger:Epoch 55, Train Loss: 4.2208
INFO:Logger:Epoch 56, Train Loss: 4.1898
INFO:Logger:Epoch 57, Train Loss: 4.1269
INFO:Logger:Epoch 58, Train Loss: 4.1682
INFO:Logger:Epoch 59, Train Loss: 4.1542
INFO:Logger:Epoch 60, Train Loss: 4.1285
INFO:Logger:Epoch 61, Train Loss: 4.1539
INFO:Logger:Epoch 62, Train Loss: 4.1839
INFO:Logger:Epoch 63, Train Loss: 4.1385
INFO:Logger:Epoch 64, Train Loss: 4.1713
INFO:Logger:Epoch 65, Train Loss: 4.1544
INFO:Logger:Epoch 66, Train Loss: 4.1540
INFO:Logger:Epoch 67, Train Loss: 4.1207
INFO:Logger:Epoch 68, Train Loss: 4.1655
INFO:Logger:Epoch 69, Train Loss: 4.1421
INFO:Logger:Epoch 70, Train Loss: 4.1846
INFO:Logger:Epoch 71, Train Loss: 4.1477
INFO:Logger:Epoch 72, Train Loss: 4.1592
INFO:Logger:Epoch 73, Train Loss: 4.1490
INFO:Logger:Epoch 74, Train Loss: 4.1571
INFO:Logger:Epoch 75, Train Loss: 4.1632
INFO:Logger:Epoch 76, Train Loss: 4.1836
INFO:Logger:Epoch 77, Train Loss: 4.1276
INFO:Logger:Epoch 78, Train Loss: 4.1467
INFO:Logger:Epoch 79, Train Loss: 4.1968
INFO:Logger:Epoch 80, Train Loss: 4.1082
INFO:Logger:Epoch 81, Train Loss: 4.1237
INFO:Logger:Epoch 82, Train Loss: 4.1520
INFO:Logger:Epoch 83, Train Loss: 4.1613
INFO:Logger:Epoch 84, Train Loss: 4.1228
INFO:Logger:Epoch 85, Train Loss: 4.1476
INFO:Logger:Epoch 86, Train Loss: 4.1219
INFO:Logger:Epoch 87, Train Loss: 4.1204
INFO:Logger:Epoch 88, Train Loss: 4.0961
INFO:Logger:Epoch 89, Train Loss: 4.1517
INFO:Logger:Epoch 90, Train Loss: 4.1414
INFO:Logger:Epoch 91, Train Loss: 4.1237
INFO:Logger:Epoch 92, Train Loss: 4.1205
INFO:Logger:Epoch 93, Train Loss: 4.1316
INFO:Logger:Epoch 94, Train Loss: 4.1410
INFO:Logger:Epoch 95, Train Loss: 4.0988
INFO:Logger:Epoch 96, Train Loss: 4.1471
INFO:Logger:Epoch 97, Train Loss: 4.1215
INFO:Logger:Epoch 98, Train Loss: 4.0964
INFO:Logger:Epoch 99, Train Loss: 4.1059
INFO:Logger:Epoch 100, Train Loss: 4.1364
INFO:Logger:Test Error: 0.1232
INFO:Logger:Pearson Correlation Coefficient: 0.6437121266298085
INFO:Logger:Epoch 1, Train Loss: 0.6489
INFO:Logger:Epoch 2, Train Loss: 0.6731
INFO:Logger:Epoch 3, Train Loss: 0.6214
INFO:Logger:Epoch 4, Train Loss: 0.6004
INFO:Logger:Epoch 5, Train Loss: 0.6258
INFO:Logger:Epoch 6, Train Loss: 0.8044
INFO:Logger:Epoch 7, Train Loss: 0.6495
INFO:Logger:Epoch 8, Train Loss: 0.6306
INFO:Logger:Epoch 9, Train Loss: 0.6442
INFO:Logger:Epoch 10, Train Loss: 0.6178
INFO:Logger:Epoch 11, Train Loss: 0.6319
INFO:Logger:Epoch 12, Train Loss: 0.6190
INFO:Logger:Epoch 13, Train Loss: 0.6097
INFO:Logger:Epoch 14, Train Loss: 0.6122
INFO:Logger:Epoch 15, Train Loss: 0.6239
INFO:Logger:Epoch 16, Train Loss: 0.6152
INFO:Logger:Epoch 17, Train Loss: 0.5928
INFO:Logger:Epoch 18, Train Loss: 0.6164
INFO:Logger:Epoch 19, Train Loss: 0.6023
INFO:Logger:Epoch 20, Train Loss: 0.6172
INFO:Logger:Epoch 21, Train Loss: 0.6030
INFO:Logger:Epoch 22, Train Loss: 0.5941
INFO:Logger:Epoch 23, Train Loss: 0.6020
INFO:Logger:Epoch 24, Train Loss: 0.6005
INFO:Logger:Epoch 25, Train Loss: 0.6023
INFO:Logger:Epoch 26, Train Loss: 0.6001
INFO:Logger:Epoch 27, Train Loss: 0.5951
INFO:Logger:Epoch 28, Train Loss: 0.5994
INFO:Logger:Epoch 29, Train Loss: 0.5981
INFO:Logger:Epoch 30, Train Loss: 0.6115
INFO:Logger:Epoch 31, Train Loss: 0.6041
INFO:Logger:Epoch 32, Train Loss: 0.6004
INFO:Logger:Epoch 33, Train Loss: 0.6059
INFO:Logger:Epoch 34, Train Loss: 0.6192
INFO:Logger:Epoch 35, Train Loss: 0.5951
INFO:Logger:Epoch 36, Train Loss: 0.5982
INFO:Logger:Epoch 37, Train Loss: 0.5987
INFO:Logger:Epoch 38, Train Loss: 0.6153
INFO:Logger:Epoch 39, Train Loss: 0.5880
INFO:Logger:Epoch 40, Train Loss: 0.6004
INFO:Logger:Epoch 41, Train Loss: 0.5925
INFO:Logger:Epoch 42, Train Loss: 0.5666
INFO:Logger:Epoch 43, Train Loss: 0.5491
INFO:Logger:Epoch 44, Train Loss: 0.5283
INFO:Logger:Epoch 45, Train Loss: 0.5363
INFO:Logger:Epoch 46, Train Loss: 0.5503
INFO:Logger:Epoch 47, Train Loss: 0.5195
INFO:Logger:Epoch 48, Train Loss: 0.4546
INFO:Logger:Epoch 49, Train Loss: 0.3967
INFO:Logger:Epoch 50, Train Loss: 0.3915
INFO:Logger:Epoch 51, Train Loss: 0.3886
INFO:Logger:Epoch 52, Train Loss: 0.3925
INFO:Logger:Epoch 53, Train Loss: 0.3921
INFO:Logger:Epoch 54, Train Loss: 0.3884
INFO:Logger:Epoch 55, Train Loss: 0.3964
INFO:Logger:Epoch 56, Train Loss: 0.3900
INFO:Logger:Epoch 57, Train Loss: 0.3916
INFO:Logger:Epoch 58, Train Loss: 0.3905
INFO:Logger:Epoch 59, Train Loss: 0.3889
INFO:Logger:Epoch 60, Train Loss: 0.3907
INFO:Logger:Epoch 61, Train Loss: 0.3873
INFO:Logger:Epoch 62, Train Loss: 0.3922
INFO:Logger:Epoch 63, Train Loss: 0.3964
INFO:Logger:Epoch 64, Train Loss: 0.3924
INFO:Logger:Epoch 65, Train Loss: 0.3910
INFO:Logger:Epoch 66, Train Loss: 0.3900
INFO:Logger:Epoch 67, Train Loss: 0.3867
INFO:Logger:Epoch 68, Train Loss: 0.3810
INFO:Logger:Epoch 69, Train Loss: 0.3832
INFO:Logger:Epoch 70, Train Loss: 0.3842
INFO:Logger:Epoch 71, Train Loss: 0.3818
INFO:Logger:Epoch 72, Train Loss: 0.3797
INFO:Logger:Epoch 73, Train Loss: 0.3769
INFO:Logger:Epoch 74, Train Loss: 0.3763
INFO:Logger:Epoch 75, Train Loss: 0.3795
INFO:Logger:Epoch 76, Train Loss: 0.3762
INFO:Logger:Epoch 77, Train Loss: 0.3860
INFO:Logger:Epoch 78, Train Loss: 0.3828
INFO:Logger:Epoch 79, Train Loss: 0.3729
INFO:Logger:Epoch 80, Train Loss: 0.3777
INFO:Logger:Epoch 81, Train Loss: 0.3750
INFO:Logger:Epoch 82, Train Loss: 0.3717
INFO:Logger:Epoch 83, Train Loss: 0.3663
INFO:Logger:Epoch 84, Train Loss: 0.3742
INFO:Logger:Epoch 85, Train Loss: 0.3698
INFO:Logger:Epoch 86, Train Loss: 0.3735
INFO:Logger:Epoch 87, Train Loss: 0.3691
INFO:Logger:Epoch 88, Train Loss: 0.3741
INFO:Logger:Epoch 89, Train Loss: 0.3698
INFO:Logger:Epoch 90, Train Loss: 0.3696
INFO:Logger:Epoch 91, Train Loss: 0.3668
INFO:Logger:Epoch 92, Train Loss: 0.3673
INFO:Logger:Epoch 93, Train Loss: 0.3680
INFO:Logger:Epoch 94, Train Loss: 0.3669
INFO:Logger:Epoch 95, Train Loss: 0.3703
INFO:Logger:Epoch 96, Train Loss: 0.3682
INFO:Logger:Epoch 97, Train Loss: 0.3643
INFO:Logger:Epoch 98, Train Loss: 0.3718
INFO:Logger:Epoch 99, Train Loss: 0.3716
INFO:Logger:Epoch 100, Train Loss: 0.3690
INFO:Logger:Test Error: 0.1245
INFO:Logger:Pearson Correlation Coefficient: 0.6274917156914783
INFO:Logger:Epoch 1, Train Loss: 0.3414
INFO:Logger:Epoch 2, Train Loss: 0.2577
INFO:Logger:Epoch 3, Train Loss: 0.2902
INFO:Logger:Epoch 4, Train Loss: 0.2342
INFO:Logger:Epoch 5, Train Loss: 0.2227
INFO:Logger:Epoch 6, Train Loss: 0.2146
INFO:Logger:Epoch 7, Train Loss: 0.2095
INFO:Logger:Epoch 8, Train Loss: 0.2057
INFO:Logger:Epoch 9, Train Loss: 0.2037
INFO:Logger:Epoch 10, Train Loss: 0.2223
INFO:Logger:Epoch 11, Train Loss: 0.2271
INFO:Logger:Epoch 12, Train Loss: 0.2064
INFO:Logger:Epoch 13, Train Loss: 0.2046
INFO:Logger:Epoch 14, Train Loss: 0.2135
INFO:Logger:Epoch 15, Train Loss: 0.2887
INFO:Logger:Epoch 16, Train Loss: 0.2228
INFO:Logger:Epoch 17, Train Loss: 0.2280
INFO:Logger:Epoch 18, Train Loss: 0.2295
INFO:Logger:Epoch 19, Train Loss: 0.2332
INFO:Logger:Epoch 20, Train Loss: 0.2444
INFO:Logger:Epoch 21, Train Loss: 0.2507
INFO:Logger:Epoch 22, Train Loss: 0.2546
INFO:Logger:Epoch 23, Train Loss: 0.2428
INFO:Logger:Epoch 24, Train Loss: 0.2561
INFO:Logger:Epoch 25, Train Loss: 0.3040
INFO:Logger:Epoch 26, Train Loss: 0.3389
INFO:Logger:Epoch 27, Train Loss: 0.3152
INFO:Logger:Epoch 28, Train Loss: 0.2792
INFO:Logger:Epoch 29, Train Loss: 0.1991
INFO:Logger:Epoch 30, Train Loss: 0.2020
INFO:Logger:Epoch 31, Train Loss: 0.1944
INFO:Logger:Epoch 32, Train Loss: 0.1960
INFO:Logger:Epoch 33, Train Loss: 0.1288
INFO:Logger:Epoch 34, Train Loss: 0.1441
INFO:Logger:Epoch 35, Train Loss: 0.1272
INFO:Logger:Epoch 36, Train Loss: 0.1288
INFO:Logger:Epoch 37, Train Loss: 0.1277
INFO:Logger:Epoch 38, Train Loss: 0.1255
INFO:Logger:Epoch 39, Train Loss: 0.1352
INFO:Logger:Epoch 40, Train Loss: 0.1312
INFO:Logger:Epoch 41, Train Loss: 0.1238
INFO:Logger:Epoch 42, Train Loss: 0.1262
INFO:Logger:Epoch 43, Train Loss: 0.1238
INFO:Logger:Epoch 44, Train Loss: 0.1251
INFO:Logger:Epoch 45, Train Loss: 0.1296
INFO:Logger:Epoch 46, Train Loss: 0.1192
INFO:Logger:Epoch 47, Train Loss: 0.1192
INFO:Logger:Epoch 48, Train Loss: 0.1261
INFO:Logger:Epoch 49, Train Loss: 0.1287
INFO:Logger:Epoch 50, Train Loss: 0.1229
INFO:Logger:Epoch 51, Train Loss: 0.1220
INFO:Logger:Epoch 52, Train Loss: 0.1207
INFO:Logger:Epoch 53, Train Loss: 0.1251
INFO:Logger:Epoch 54, Train Loss: 0.1309
INFO:Logger:Epoch 55, Train Loss: 0.1232
INFO:Logger:Epoch 56, Train Loss: 0.1300
INFO:Logger:Epoch 57, Train Loss: 0.1283
INFO:Logger:Epoch 58, Train Loss: 0.1187
INFO:Logger:Epoch 59, Train Loss: 0.1224
INFO:Logger:Epoch 60, Train Loss: 0.1231
INFO:Logger:Epoch 61, Train Loss: 0.1192
INFO:Logger:Epoch 62, Train Loss: 0.1185
INFO:Logger:Epoch 63, Train Loss: 0.1223
INFO:Logger:Epoch 64, Train Loss: 0.1190
INFO:Logger:Epoch 65, Train Loss: 0.1215
INFO:Logger:Epoch 66, Train Loss: 0.1208
INFO:Logger:Epoch 67, Train Loss: 0.1187
INFO:Logger:Epoch 68, Train Loss: 0.1247
INFO:Logger:Epoch 69, Train Loss: 0.1221
INFO:Logger:Epoch 70, Train Loss: 0.1251
INFO:Logger:Epoch 71, Train Loss: 0.1232
INFO:Logger:Epoch 72, Train Loss: 0.1237
INFO:Logger:Epoch 73, Train Loss: 0.1219
INFO:Logger:Epoch 74, Train Loss: 0.1207
INFO:Logger:Epoch 75, Train Loss: 0.1227
INFO:Logger:Epoch 76, Train Loss: 0.1208
INFO:Logger:Epoch 77, Train Loss: 0.2039
INFO:Logger:Epoch 78, Train Loss: 0.1243
INFO:Logger:Epoch 79, Train Loss: 0.1236
INFO:Logger:Epoch 80, Train Loss: 0.1202
INFO:Logger:Epoch 81, Train Loss: 0.1167
INFO:Logger:Epoch 82, Train Loss: 0.1217
INFO:Logger:Epoch 83, Train Loss: 0.1243
INFO:Logger:Epoch 84, Train Loss: 0.1215
INFO:Logger:Epoch 85, Train Loss: 0.1212
INFO:Logger:Epoch 86, Train Loss: 0.1221
INFO:Logger:Epoch 87, Train Loss: 0.1228
INFO:Logger:Epoch 88, Train Loss: 0.2033
INFO:Logger:Epoch 89, Train Loss: 0.1232
INFO:Logger:Epoch 90, Train Loss: 0.1225
INFO:Logger:Epoch 91, Train Loss: 0.1237
INFO:Logger:Epoch 92, Train Loss: 0.1249
INFO:Logger:Epoch 93, Train Loss: 0.1218
INFO:Logger:Epoch 94, Train Loss: 0.1195
INFO:Logger:Epoch 95, Train Loss: 0.1195
INFO:Logger:Epoch 96, Train Loss: 0.1201
INFO:Logger:Epoch 97, Train Loss: 0.1209
INFO:Logger:Epoch 98, Train Loss: 0.1221
INFO:Logger:Epoch 99, Train Loss: 0.1186
INFO:Logger:Epoch 100, Train Loss: 0.1986
INFO:Logger:Test Error: 0.1262
INFO:Logger:Pearson Correlation Coefficient: 0.6262547217799865
INFO:Logger:Epoch 1, Train Loss: 1.4252
INFO:Logger:Epoch 2, Train Loss: 1.3914
INFO:Logger:Epoch 3, Train Loss: 1.4227
INFO:Logger:Epoch 4, Train Loss: 1.4964
INFO:Logger:Epoch 5, Train Loss: 1.4668
INFO:Logger:Epoch 6, Train Loss: 1.4370
INFO:Logger:Epoch 7, Train Loss: 1.4133
INFO:Logger:Epoch 8, Train Loss: 1.3997
INFO:Logger:Epoch 9, Train Loss: 1.3925
INFO:Logger:Epoch 10, Train Loss: 1.3744
INFO:Logger:Epoch 11, Train Loss: 1.3033
INFO:Logger:Epoch 12, Train Loss: 1.2814
INFO:Logger:Epoch 13, Train Loss: 1.2951
INFO:Logger:Epoch 14, Train Loss: 1.2757
INFO:Logger:Epoch 15, Train Loss: 1.2412
INFO:Logger:Epoch 16, Train Loss: 1.2545
INFO:Logger:Epoch 17, Train Loss: 1.2285
INFO:Logger:Epoch 18, Train Loss: 1.1551
INFO:Logger:Epoch 19, Train Loss: 1.2428
INFO:Logger:Epoch 20, Train Loss: 1.2162
INFO:Logger:Epoch 21, Train Loss: 1.1683
INFO:Logger:Epoch 22, Train Loss: 1.1950
INFO:Logger:Epoch 23, Train Loss: 1.1951
INFO:Logger:Epoch 24, Train Loss: 1.1506
INFO:Logger:Epoch 25, Train Loss: 1.1780
INFO:Logger:Epoch 26, Train Loss: 1.1785
INFO:Logger:Epoch 27, Train Loss: 1.1841
INFO:Logger:Epoch 28, Train Loss: 1.1515
INFO:Logger:Epoch 29, Train Loss: 1.1760
INFO:Logger:Epoch 30, Train Loss: 1.1691
INFO:Logger:Epoch 31, Train Loss: 1.1817
INFO:Logger:Epoch 32, Train Loss: 1.1420
INFO:Logger:Epoch 33, Train Loss: 1.1732
INFO:Logger:Epoch 34, Train Loss: 1.1705
INFO:Logger:Epoch 35, Train Loss: 1.1512
INFO:Logger:Epoch 36, Train Loss: 1.1615
INFO:Logger:Epoch 37, Train Loss: 1.1112
INFO:Logger:Epoch 38, Train Loss: 1.1539
INFO:Logger:Epoch 39, Train Loss: 1.0963
INFO:Logger:Epoch 40, Train Loss: 1.1743
INFO:Logger:Epoch 41, Train Loss: 1.1315
INFO:Logger:Epoch 42, Train Loss: 1.1670
INFO:Logger:Epoch 43, Train Loss: 1.0508
INFO:Logger:Epoch 44, Train Loss: 1.1526
INFO:Logger:Epoch 45, Train Loss: 1.1707
INFO:Logger:Epoch 46, Train Loss: 1.1499
INFO:Logger:Epoch 47, Train Loss: 1.0780
INFO:Logger:Epoch 48, Train Loss: 1.1197
INFO:Logger:Epoch 49, Train Loss: 1.1511
INFO:Logger:Epoch 50, Train Loss: 1.1395
INFO:Logger:Epoch 51, Train Loss: 1.1504
INFO:Logger:Epoch 52, Train Loss: 1.1040
INFO:Logger:Epoch 53, Train Loss: 1.0567
INFO:Logger:Epoch 54, Train Loss: 1.0047
INFO:Logger:Epoch 55, Train Loss: 1.0128
INFO:Logger:Epoch 56, Train Loss: 0.9754
INFO:Logger:Epoch 57, Train Loss: 0.9695
INFO:Logger:Epoch 58, Train Loss: 0.9539
INFO:Logger:Epoch 59, Train Loss: 0.8943
INFO:Logger:Epoch 60, Train Loss: 0.9225
INFO:Logger:Epoch 61, Train Loss: 0.9357
INFO:Logger:Epoch 62, Train Loss: 0.8401
INFO:Logger:Epoch 63, Train Loss: 0.9607
INFO:Logger:Epoch 64, Train Loss: 0.8202
INFO:Logger:Epoch 65, Train Loss: 0.9135
INFO:Logger:Epoch 66, Train Loss: 0.8996
INFO:Logger:Epoch 67, Train Loss: 0.8843
INFO:Logger:Epoch 68, Train Loss: 0.8573
INFO:Logger:Epoch 69, Train Loss: 0.8516
INFO:Logger:Epoch 70, Train Loss: 0.8112
INFO:Logger:Epoch 71, Train Loss: 0.8039
INFO:Logger:Epoch 72, Train Loss: 0.7946
INFO:Logger:Epoch 73, Train Loss: 0.8156
INFO:Logger:Epoch 74, Train Loss: 0.8216
INFO:Logger:Epoch 75, Train Loss: 0.7932
INFO:Logger:Epoch 76, Train Loss: 0.7989
INFO:Logger:Epoch 77, Train Loss: 0.8138
INFO:Logger:Epoch 78, Train Loss: 0.8242
INFO:Logger:Epoch 79, Train Loss: 0.7881
INFO:Logger:Epoch 80, Train Loss: 0.7954
INFO:Logger:Epoch 81, Train Loss: 0.7919
INFO:Logger:Epoch 82, Train Loss: 0.8089
INFO:Logger:Epoch 83, Train Loss: 0.7948
INFO:Logger:Epoch 84, Train Loss: 0.7909
INFO:Logger:Epoch 85, Train Loss: 0.7950
INFO:Logger:Epoch 86, Train Loss: 0.8021
INFO:Logger:Epoch 87, Train Loss: 0.8033
INFO:Logger:Epoch 88, Train Loss: 0.8024
INFO:Logger:Epoch 89, Train Loss: 0.8024
INFO:Logger:Epoch 90, Train Loss: 0.8080
INFO:Logger:Epoch 91, Train Loss: 0.8317
INFO:Logger:Epoch 92, Train Loss: 0.8243
INFO:Logger:Epoch 93, Train Loss: 0.7945
INFO:Logger:Epoch 94, Train Loss: 0.7947
INFO:Logger:Epoch 95, Train Loss: 0.7963
INFO:Logger:Epoch 96, Train Loss: 0.7802
INFO:Logger:Epoch 97, Train Loss: 0.7856
INFO:Logger:Epoch 98, Train Loss: 0.7765
INFO:Logger:Epoch 99, Train Loss: 0.7791
INFO:Logger:Epoch 100, Train Loss: 0.8015
INFO:Logger:Test Error: 0.1126
INFO:Logger:Pearson Correlation Coefficient: 0.6842664415961559
INFO:Logger:PCC: 0.643 ± 0.021
