/var/spool/slurmd/job13703573/slurm_script: line 9: SECONDS: command not found
/var/spool/slurmd/job13703573/slurm_script: line 10: cd: /home/sv496/project/metabolic_graph: No such file or directory

CommandNotFoundError: Your shell has not been properly configured to use 'conda deactivate'.
To initialize your shell, run

    $ conda init <SHELL_NAME>

Currently supported shells are:
  - bash
  - fish
  - tcsh
  - xonsh
  - zsh
  - powershell

See 'conda init --help' for more information and options.

IMPORTANT: You may need to close and restart your shell after running 'conda init'.


/gpfs/gibbs/project/krishnaswamy_smita/sv496/conda_envs/metabolomics/lib/python3.10/site-packages/torch/nn/modules/loss.py:530: UserWarning: Using a target size (torch.Size([72])) that is different to the input size (torch.Size([72, 1])). This will likely lead to incorrect results due to broadcasting. Please ensure they have the same size.
  return F.mse_loss(input, target, reduction=self.reduction)
INFO:Logger:Epoch 1, Train Loss: 13.7611
INFO:Logger:Epoch 2, Train Loss: 5.3668
INFO:Logger:Epoch 3, Train Loss: 5.5008
INFO:Logger:Epoch 4, Train Loss: 5.9029
INFO:Logger:Epoch 5, Train Loss: 5.5885
INFO:Logger:Epoch 6, Train Loss: 5.6672
INFO:Logger:Epoch 7, Train Loss: 5.3170
INFO:Logger:Epoch 8, Train Loss: 4.9739
INFO:Logger:Epoch 9, Train Loss: 7.0176
INFO:Logger:Epoch 10, Train Loss: 5.1287
INFO:Logger:Epoch 11, Train Loss: 4.7453
INFO:Logger:Epoch 12, Train Loss: 4.5586
INFO:Logger:Epoch 13, Train Loss: 4.2223
INFO:Logger:Epoch 14, Train Loss: 4.2390
INFO:Logger:Epoch 15, Train Loss: 3.9590
INFO:Logger:Epoch 16, Train Loss: 4.5471
INFO:Logger:Epoch 17, Train Loss: 6.6134
INFO:Logger:Epoch 18, Train Loss: 4.3862
INFO:Logger:Epoch 19, Train Loss: 5.4575
INFO:Logger:Epoch 20, Train Loss: 5.5288
INFO:Logger:Epoch 21, Train Loss: 5.3432
INFO:Logger:Epoch 22, Train Loss: 5.3773
INFO:Logger:Epoch 23, Train Loss: 5.2208
INFO:Logger:Epoch 24, Train Loss: 5.2615
INFO:Logger:Epoch 25, Train Loss: 5.4743
INFO:Logger:Epoch 26, Train Loss: 4.7436
INFO:Logger:Epoch 27, Train Loss: 4.8139
INFO:Logger:Epoch 28, Train Loss: 5.0541
INFO:Logger:Epoch 29, Train Loss: 4.3138
INFO:Logger:Epoch 30, Train Loss: 4.7123
INFO:Logger:Epoch 31, Train Loss: 4.3962
INFO:Logger:Epoch 32, Train Loss: 4.0880
INFO:Logger:Epoch 33, Train Loss: 3.9478
INFO:Logger:Epoch 34, Train Loss: 5.0608
INFO:Logger:Epoch 35, Train Loss: 4.5530
INFO:Logger:Epoch 36, Train Loss: 4.8576
INFO:Logger:Epoch 37, Train Loss: 4.2563
INFO:Logger:Epoch 38, Train Loss: 4.8858
INFO:Logger:Epoch 39, Train Loss: 4.5451
INFO:Logger:Epoch 40, Train Loss: 4.3299
INFO:Logger:Epoch 41, Train Loss: 4.0326
INFO:Logger:Epoch 42, Train Loss: 4.1893
INFO:Logger:Epoch 43, Train Loss: 5.7994
INFO:Logger:Epoch 44, Train Loss: 3.7476
INFO:Logger:Epoch 45, Train Loss: 4.2485
INFO:Logger:Epoch 46, Train Loss: 4.1584
INFO:Logger:Epoch 47, Train Loss: 4.6590
INFO:Logger:Epoch 48, Train Loss: 4.3720
INFO:Logger:Epoch 49, Train Loss: 3.6149
INFO:Logger:Epoch 50, Train Loss: 3.9929
INFO:Logger:Epoch 51, Train Loss: 3.5657
INFO:Logger:Epoch 52, Train Loss: 3.6176
INFO:Logger:Epoch 53, Train Loss: 4.2095
INFO:Logger:Epoch 54, Train Loss: 3.9457
INFO:Logger:Epoch 55, Train Loss: 3.5648
INFO:Logger:Epoch 56, Train Loss: 4.0209
INFO:Logger:Epoch 57, Train Loss: 3.5456
INFO:Logger:Epoch 58, Train Loss: 3.4152
INFO:Logger:Epoch 59, Train Loss: 3.6966
INFO:Logger:Epoch 60, Train Loss: 3.9460
INFO:Logger:Epoch 61, Train Loss: 4.5351
INFO:Logger:Epoch 62, Train Loss: 3.6505
INFO:Logger:Epoch 63, Train Loss: 4.4037
INFO:Logger:Epoch 64, Train Loss: 4.5385
INFO:Logger:Epoch 65, Train Loss: 3.8955
INFO:Logger:Epoch 66, Train Loss: 4.7103
INFO:Logger:Epoch 67, Train Loss: 4.3851
INFO:Logger:Epoch 68, Train Loss: 4.8706
INFO:Logger:Epoch 69, Train Loss: 3.8020
INFO:Logger:Epoch 70, Train Loss: 3.5950
INFO:Logger:Epoch 71, Train Loss: 4.0994
INFO:Logger:Epoch 72, Train Loss: 3.4166
INFO:Logger:Epoch 73, Train Loss: 3.8406
INFO:Logger:Epoch 74, Train Loss: 3.8536
INFO:Logger:Epoch 75, Train Loss: 3.5047
INFO:Logger:Epoch 76, Train Loss: 3.5066
INFO:Logger:Epoch 77, Train Loss: 3.3519
INFO:Logger:Epoch 78, Train Loss: 3.8914
INFO:Logger:Epoch 79, Train Loss: 3.2851
INFO:Logger:Epoch 80, Train Loss: 3.1591
INFO:Logger:Epoch 81, Train Loss: 3.5942
INFO:Logger:Epoch 82, Train Loss: 3.6397
INFO:Logger:Epoch 83, Train Loss: 3.6948
INFO:Logger:Epoch 84, Train Loss: 3.6179
INFO:Logger:Epoch 85, Train Loss: 3.3437
INFO:Logger:Epoch 86, Train Loss: 3.5928
INFO:Logger:Epoch 87, Train Loss: 3.7472
INFO:Logger:Epoch 88, Train Loss: 3.3272
INFO:Logger:Epoch 89, Train Loss: 3.3947
INFO:Logger:Epoch 90, Train Loss: 3.3079
INFO:Logger:Epoch 91, Train Loss: 3.1168
INFO:Logger:Epoch 92, Train Loss: 3.8945
INFO:Logger:Epoch 93, Train Loss: 3.5776
INFO:Logger:Epoch 94, Train Loss: 3.5321
INFO:Logger:Epoch 95, Train Loss: 3.4590
INFO:Logger:Epoch 96, Train Loss: 3.4539
INFO:Logger:Epoch 97, Train Loss: 3.3010
INFO:Logger:Epoch 98, Train Loss: 3.5508
INFO:Logger:Epoch 99, Train Loss: 3.6543
INFO:Logger:Epoch 100, Train Loss: 3.5994
INFO:Logger:Test Error: 0.0515
INFO:Logger:Pearson Correlation Coefficient: 0.9160971035013389
INFO:Logger:Epoch 1, Train Loss: 8.5816
INFO:Logger:Epoch 2, Train Loss: 5.4949
INFO:Logger:Epoch 3, Train Loss: 4.8996
INFO:Logger:Epoch 4, Train Loss: 3.8129
INFO:Logger:Epoch 5, Train Loss: 5.1386
INFO:Logger:Epoch 6, Train Loss: 4.0149
INFO:Logger:Epoch 7, Train Loss: 3.9894
INFO:Logger:Epoch 8, Train Loss: 5.5269
INFO:Logger:Epoch 9, Train Loss: 4.4388
INFO:Logger:Epoch 10, Train Loss: 4.3492
INFO:Logger:Epoch 11, Train Loss: 3.8851
INFO:Logger:Epoch 12, Train Loss: 4.1745
INFO:Logger:Epoch 13, Train Loss: 4.2130
INFO:Logger:Epoch 14, Train Loss: 3.7220
INFO:Logger:Epoch 15, Train Loss: 4.1314
INFO:Logger:Epoch 16, Train Loss: 4.3696
INFO:Logger:Epoch 17, Train Loss: 4.4043
INFO:Logger:Epoch 18, Train Loss: 4.0374
INFO:Logger:Epoch 19, Train Loss: 3.4614
INFO:Logger:Epoch 20, Train Loss: 4.1681
INFO:Logger:Epoch 21, Train Loss: 4.1336
INFO:Logger:Epoch 22, Train Loss: 4.1240
INFO:Logger:Epoch 23, Train Loss: 4.4803
INFO:Logger:Epoch 24, Train Loss: 4.4523
INFO:Logger:Epoch 25, Train Loss: 3.7829
INFO:Logger:Epoch 26, Train Loss: 4.2014
INFO:Logger:Epoch 27, Train Loss: 3.2139
INFO:Logger:Epoch 28, Train Loss: 3.4982
INFO:Logger:Epoch 29, Train Loss: 3.6507
INFO:Logger:Epoch 30, Train Loss: 3.7028
INFO:Logger:Epoch 31, Train Loss: 4.1520
INFO:Logger:Epoch 32, Train Loss: 3.6765
INFO:Logger:Epoch 33, Train Loss: 3.5609
INFO:Logger:Epoch 34, Train Loss: 3.9114
INFO:Logger:Epoch 35, Train Loss: 3.1704
INFO:Logger:Epoch 36, Train Loss: 4.1986
INFO:Logger:Epoch 37, Train Loss: 3.4992
INFO:Logger:Epoch 38, Train Loss: 3.4775
INFO:Logger:Epoch 39, Train Loss: 3.6937
INFO:Logger:Epoch 40, Train Loss: 3.8528
INFO:Logger:Epoch 41, Train Loss: 3.7048
INFO:Logger:Epoch 42, Train Loss: 3.0014
INFO:Logger:Epoch 43, Train Loss: 3.2006
INFO:Logger:Epoch 44, Train Loss: 3.3471
INFO:Logger:Epoch 45, Train Loss: 3.1638
INFO:Logger:Epoch 46, Train Loss: 3.5071
INFO:Logger:Epoch 47, Train Loss: 3.7864
INFO:Logger:Epoch 48, Train Loss: 4.0194
INFO:Logger:Epoch 49, Train Loss: 2.9035
INFO:Logger:Epoch 50, Train Loss: 3.2436
INFO:Logger:Epoch 51, Train Loss: 6.6979
INFO:Logger:Epoch 52, Train Loss: 4.4559
INFO:Logger:Epoch 53, Train Loss: 5.4236
INFO:Logger:Epoch 54, Train Loss: 3.9712
INFO:Logger:Epoch 55, Train Loss: 3.9775
INFO:Logger:Epoch 56, Train Loss: 3.8825
INFO:Logger:Epoch 57, Train Loss: 4.1479
INFO:Logger:Epoch 58, Train Loss: 4.0520
INFO:Logger:Epoch 59, Train Loss: 4.1496
INFO:Logger:Epoch 60, Train Loss: 4.4524
INFO:Logger:Epoch 61, Train Loss: 4.1521
INFO:Logger:Epoch 62, Train Loss: 3.6579
INFO:Logger:Epoch 63, Train Loss: 3.6626
INFO:Logger:Epoch 64, Train Loss: 3.6257
INFO:Logger:Epoch 65, Train Loss: 3.5650
INFO:Logger:Epoch 66, Train Loss: 18.0829
INFO:Logger:Epoch 67, Train Loss: 4.2742
INFO:Logger:Epoch 68, Train Loss: 4.2197
INFO:Logger:Epoch 69, Train Loss: 4.5341
INFO:Logger:Epoch 70, Train Loss: 5.1122
INFO:Logger:Epoch 71, Train Loss: 3.3010
INFO:Logger:Epoch 72, Train Loss: 4.2215
INFO:Logger:Epoch 73, Train Loss: 3.8144
INFO:Logger:Epoch 74, Train Loss: 3.9979
INFO:Logger:Epoch 75, Train Loss: 3.5741
INFO:Logger:Epoch 76, Train Loss: 3.7529
INFO:Logger:Epoch 77, Train Loss: 10.2635
INFO:Logger:Epoch 78, Train Loss: 4.5427
INFO:Logger:Epoch 79, Train Loss: 2.8117
INFO:Logger:Epoch 80, Train Loss: 3.7284
INFO:Logger:Epoch 81, Train Loss: 4.6344
INFO:Logger:Epoch 82, Train Loss: 4.1386
INFO:Logger:Epoch 83, Train Loss: 3.6684
INFO:Logger:Epoch 84, Train Loss: 4.2232
INFO:Logger:Epoch 85, Train Loss: 3.3614
INFO:Logger:Epoch 86, Train Loss: 3.3165
INFO:Logger:Epoch 87, Train Loss: 3.0735
INFO:Logger:Epoch 88, Train Loss: 3.4879
INFO:Logger:Epoch 89, Train Loss: 3.2131
INFO:Logger:Epoch 90, Train Loss: 3.4338
INFO:Logger:Epoch 91, Train Loss: 4.8055
INFO:Logger:Epoch 92, Train Loss: 3.5897
INFO:Logger:Epoch 93, Train Loss: 3.7695
INFO:Logger:Epoch 94, Train Loss: 4.2176
INFO:Logger:Epoch 95, Train Loss: 3.8925
INFO:Logger:Epoch 96, Train Loss: 4.0549
INFO:Logger:Epoch 97, Train Loss: 3.2975
INFO:Logger:Epoch 98, Train Loss: 3.3126
INFO:Logger:Epoch 99, Train Loss: 3.9018
INFO:Logger:Epoch 100, Train Loss: 3.1744
INFO:Logger:Test Error: 0.0488
INFO:Logger:Pearson Correlation Coefficient: 0.9153276896273055
INFO:Logger:Epoch 1, Train Loss: 8.5078
INFO:Logger:Epoch 2, Train Loss: 10.2200
INFO:Logger:Epoch 3, Train Loss: 10.4591
INFO:Logger:Epoch 4, Train Loss: 11.7327
INFO:Logger:Epoch 5, Train Loss: 12.2732
INFO:Logger:Epoch 6, Train Loss: 13.0815
INFO:Logger:Epoch 7, Train Loss: 13.1596
INFO:Logger:Epoch 8, Train Loss: 13.5840
INFO:Logger:Epoch 9, Train Loss: 13.0956
INFO:Logger:Epoch 10, Train Loss: 13.2047
INFO:Logger:Epoch 11, Train Loss: 12.3360
INFO:Logger:Epoch 12, Train Loss: 11.8453
INFO:Logger:Epoch 13, Train Loss: 13.3190
INFO:Logger:Epoch 14, Train Loss: 13.5984
INFO:Logger:Epoch 15, Train Loss: 13.2778
INFO:Logger:Epoch 16, Train Loss: 12.9851
INFO:Logger:Epoch 17, Train Loss: 13.2255
INFO:Logger:Epoch 18, Train Loss: 13.0744
INFO:Logger:Epoch 19, Train Loss: 11.9427
INFO:Logger:Epoch 20, Train Loss: 11.5721
INFO:Logger:Epoch 21, Train Loss: 8.8219
INFO:Logger:Epoch 22, Train Loss: 9.8290
INFO:Logger:Epoch 23, Train Loss: 12.6548
INFO:Logger:Epoch 24, Train Loss: 12.9369
INFO:Logger:Epoch 25, Train Loss: 12.1350
INFO:Logger:Epoch 26, Train Loss: 11.6657
INFO:Logger:Epoch 27, Train Loss: 12.9095
INFO:Logger:Epoch 28, Train Loss: 13.0606
INFO:Logger:Epoch 29, Train Loss: 12.9982
INFO:Logger:Epoch 30, Train Loss: 11.5103
INFO:Logger:Epoch 31, Train Loss: 11.0335
INFO:Logger:Epoch 32, Train Loss: 11.9420
INFO:Logger:Epoch 33, Train Loss: 11.8838
INFO:Logger:Epoch 34, Train Loss: 12.7834
INFO:Logger:Epoch 35, Train Loss: 12.0269
INFO:Logger:Epoch 36, Train Loss: 12.0519
INFO:Logger:Epoch 37, Train Loss: 11.1611
INFO:Logger:Epoch 38, Train Loss: 11.9835
INFO:Logger:Epoch 39, Train Loss: 11.2939
INFO:Logger:Epoch 40, Train Loss: 12.4050
INFO:Logger:Epoch 41, Train Loss: 13.9109
INFO:Logger:Epoch 42, Train Loss: 12.7021
INFO:Logger:Epoch 43, Train Loss: 13.3945
INFO:Logger:Epoch 44, Train Loss: 12.2541
INFO:Logger:Epoch 45, Train Loss: 12.7740
INFO:Logger:Epoch 46, Train Loss: 13.6255
INFO:Logger:Epoch 47, Train Loss: 13.4235
INFO:Logger:Epoch 48, Train Loss: 12.2945
INFO:Logger:Epoch 49, Train Loss: 13.3011
INFO:Logger:Epoch 50, Train Loss: 14.3018
INFO:Logger:Epoch 51, Train Loss: 13.7060
INFO:Logger:Epoch 52, Train Loss: 14.7526
INFO:Logger:Epoch 53, Train Loss: 14.3935
INFO:Logger:Epoch 54, Train Loss: 14.7996
INFO:Logger:Epoch 55, Train Loss: 13.5076
INFO:Logger:Epoch 56, Train Loss: 13.4085
INFO:Logger:Epoch 57, Train Loss: 13.3275
INFO:Logger:Epoch 58, Train Loss: 11.3258
INFO:Logger:Epoch 59, Train Loss: 11.3455
INFO:Logger:Epoch 60, Train Loss: 12.3564
INFO:Logger:Epoch 61, Train Loss: 12.7543
INFO:Logger:Epoch 62, Train Loss: 11.0020
INFO:Logger:Epoch 63, Train Loss: 11.5641
INFO:Logger:Epoch 64, Train Loss: 10.9750
INFO:Logger:Epoch 65, Train Loss: 11.3279
INFO:Logger:Epoch 66, Train Loss: 10.9763
INFO:Logger:Epoch 67, Train Loss: 11.2209
INFO:Logger:Epoch 68, Train Loss: 11.6915
INFO:Logger:Epoch 69, Train Loss: 10.6883
INFO:Logger:Epoch 70, Train Loss: 13.1377
INFO:Logger:Epoch 71, Train Loss: 12.0356
INFO:Logger:Epoch 72, Train Loss: 11.5474
INFO:Logger:Epoch 73, Train Loss: 11.7251
INFO:Logger:Epoch 74, Train Loss: 12.4255
INFO:Logger:Epoch 75, Train Loss: 12.8041
INFO:Logger:Epoch 76, Train Loss: 11.0556
INFO:Logger:Epoch 77, Train Loss: 11.8490
INFO:Logger:Epoch 78, Train Loss: 11.4136
INFO:Logger:Epoch 79, Train Loss: 11.1627
INFO:Logger:Epoch 80, Train Loss: 12.0248
INFO:Logger:Epoch 81, Train Loss: 10.4968
INFO:Logger:Epoch 82, Train Loss: 10.9431
INFO:Logger:Epoch 83, Train Loss: 12.0547
INFO:Logger:Epoch 84, Train Loss: 11.8301
INFO:Logger:Epoch 85, Train Loss: 11.7556
INFO:Logger:Epoch 86, Train Loss: 11.0097
INFO:Logger:Epoch 87, Train Loss: 12.3869
INFO:Logger:Epoch 88, Train Loss: 12.4258
INFO:Logger:Epoch 89, Train Loss: 11.7229
INFO:Logger:Epoch 90, Train Loss: 12.7039
INFO:Logger:Epoch 91, Train Loss: 13.2444
INFO:Logger:Epoch 92, Train Loss: 11.9857
INFO:Logger:Epoch 93, Train Loss: 12.2257
INFO:Logger:Epoch 94, Train Loss: 12.1850
INFO:Logger:Epoch 95, Train Loss: 12.4193
INFO:Logger:Epoch 96, Train Loss: 11.9480
INFO:Logger:Epoch 97, Train Loss: 11.4509
INFO:Logger:Epoch 98, Train Loss: 12.0155
INFO:Logger:Epoch 99, Train Loss: 11.9610
INFO:Logger:Epoch 100, Train Loss: 12.5193
INFO:Logger:Test Error: 0.0471
INFO:Logger:Pearson Correlation Coefficient: 0.9209847496997031
INFO:Logger:Epoch 1, Train Loss: 8.0708
INFO:Logger:Epoch 2, Train Loss: 5.0509
INFO:Logger:Epoch 3, Train Loss: 4.2914
INFO:Logger:Epoch 4, Train Loss: 3.7524
INFO:Logger:Epoch 5, Train Loss: 3.9445
INFO:Logger:Epoch 6, Train Loss: 3.6568
INFO:Logger:Epoch 7, Train Loss: 3.5043
INFO:Logger:Epoch 8, Train Loss: 3.6740
INFO:Logger:Epoch 9, Train Loss: 3.9386
INFO:Logger:Epoch 10, Train Loss: 3.8998
INFO:Logger:Epoch 11, Train Loss: 3.1902
INFO:Logger:Epoch 12, Train Loss: 3.6146
INFO:Logger:Epoch 13, Train Loss: 3.4513
INFO:Logger:Epoch 14, Train Loss: 3.6020
INFO:Logger:Epoch 15, Train Loss: 3.6619
INFO:Logger:Epoch 16, Train Loss: 3.2323
INFO:Logger:Epoch 17, Train Loss: 3.3358
INFO:Logger:Epoch 18, Train Loss: 4.1079
INFO:Logger:Epoch 19, Train Loss: 3.1216
INFO:Logger:Epoch 20, Train Loss: 3.0073
INFO:Logger:Epoch 21, Train Loss: 3.3034
INFO:Logger:Epoch 22, Train Loss: 3.0019
INFO:Logger:Epoch 23, Train Loss: 2.9430
INFO:Logger:Epoch 24, Train Loss: 3.2214
INFO:Logger:Epoch 25, Train Loss: 8.0548
INFO:Logger:Epoch 26, Train Loss: 4.3314
INFO:Logger:Epoch 27, Train Loss: 3.4276
INFO:Logger:Epoch 28, Train Loss: 3.1562
INFO:Logger:Epoch 29, Train Loss: 3.2603
INFO:Logger:Epoch 30, Train Loss: 3.2951
INFO:Logger:Epoch 31, Train Loss: 3.5709
INFO:Logger:Epoch 32, Train Loss: 3.3559
INFO:Logger:Epoch 33, Train Loss: 3.5615
INFO:Logger:Epoch 34, Train Loss: 3.5493
INFO:Logger:Epoch 35, Train Loss: 3.7044
INFO:Logger:Epoch 36, Train Loss: 3.2016
INFO:Logger:Epoch 37, Train Loss: 3.8192
INFO:Logger:Epoch 38, Train Loss: 3.4943
INFO:Logger:Epoch 39, Train Loss: 3.2722
INFO:Logger:Epoch 40, Train Loss: 3.9691
INFO:Logger:Epoch 41, Train Loss: 3.4801
INFO:Logger:Epoch 42, Train Loss: 3.2291
INFO:Logger:Epoch 43, Train Loss: 3.6650
INFO:Logger:Epoch 44, Train Loss: 3.5916
INFO:Logger:Epoch 45, Train Loss: 3.3827
INFO:Logger:Epoch 46, Train Loss: 3.5278
INFO:Logger:Epoch 47, Train Loss: 3.1759
INFO:Logger:Epoch 48, Train Loss: 3.4425
INFO:Logger:Epoch 49, Train Loss: 3.4041
INFO:Logger:Epoch 50, Train Loss: 3.5570
INFO:Logger:Epoch 51, Train Loss: 3.7019
INFO:Logger:Epoch 52, Train Loss: 3.6809
INFO:Logger:Epoch 53, Train Loss: 3.7448
INFO:Logger:Epoch 54, Train Loss: 3.6979
INFO:Logger:Epoch 55, Train Loss: 3.2566
INFO:Logger:Epoch 56, Train Loss: 3.4022
INFO:Logger:Epoch 57, Train Loss: 3.8648
INFO:Logger:Epoch 58, Train Loss: 4.3847
INFO:Logger:Epoch 59, Train Loss: 4.8054
INFO:Logger:Epoch 60, Train Loss: 3.9524
INFO:Logger:Epoch 61, Train Loss: 4.1477
INFO:Logger:Epoch 62, Train Loss: 3.7073
INFO:Logger:Epoch 63, Train Loss: 3.5924
INFO:Logger:Epoch 64, Train Loss: 3.8984
INFO:Logger:Epoch 65, Train Loss: 3.6701
INFO:Logger:Epoch 66, Train Loss: 3.6319
INFO:Logger:Epoch 67, Train Loss: 3.8663
INFO:Logger:Epoch 68, Train Loss: 3.6021
INFO:Logger:Epoch 69, Train Loss: 3.4333
INFO:Logger:Epoch 70, Train Loss: 3.7153
INFO:Logger:Epoch 71, Train Loss: 3.2350
INFO:Logger:Epoch 72, Train Loss: 3.2143
INFO:Logger:Epoch 73, Train Loss: 3.2487
INFO:Logger:Epoch 74, Train Loss: 3.1926
INFO:Logger:Epoch 75, Train Loss: 3.8900
INFO:Logger:Epoch 76, Train Loss: 3.2006
INFO:Logger:Epoch 77, Train Loss: 3.2119
INFO:Logger:Epoch 78, Train Loss: 3.4133
INFO:Logger:Epoch 79, Train Loss: 3.1169
INFO:Logger:Epoch 80, Train Loss: 3.6355
INFO:Logger:Epoch 81, Train Loss: 3.2679
INFO:Logger:Epoch 82, Train Loss: 3.5423
INFO:Logger:Epoch 83, Train Loss: 3.5266
INFO:Logger:Epoch 84, Train Loss: 3.5409
INFO:Logger:Epoch 85, Train Loss: 3.5432
INFO:Logger:Epoch 86, Train Loss: 3.5268
INFO:Logger:Epoch 87, Train Loss: 3.5596
INFO:Logger:Epoch 88, Train Loss: 3.7880
INFO:Logger:Epoch 89, Train Loss: 3.2707
INFO:Logger:Epoch 90, Train Loss: 4.0004
INFO:Logger:Epoch 91, Train Loss: 3.5130
INFO:Logger:Epoch 92, Train Loss: 3.8706
INFO:Logger:Epoch 93, Train Loss: 3.3271
INFO:Logger:Epoch 94, Train Loss: 3.3959
INFO:Logger:Epoch 95, Train Loss: 3.6943
INFO:Logger:Epoch 96, Train Loss: 3.5023
INFO:Logger:Epoch 97, Train Loss: 3.5480
INFO:Logger:Epoch 98, Train Loss: 3.6345
INFO:Logger:Epoch 99, Train Loss: 4.3176
INFO:Logger:Epoch 100, Train Loss: 3.4813
INFO:Logger:Test Error: 0.0418
INFO:Logger:Pearson Correlation Coefficient: 0.9295799873509564
INFO:Logger:Epoch 1, Train Loss: 7.6275
INFO:Logger:Epoch 2, Train Loss: 5.5947
INFO:Logger:Epoch 3, Train Loss: 3.1683
INFO:Logger:Epoch 4, Train Loss: 2.1750
INFO:Logger:Epoch 5, Train Loss: 2.1387
INFO:Logger:Epoch 6, Train Loss: 2.6680
INFO:Logger:Epoch 7, Train Loss: 2.5232
INFO:Logger:Epoch 8, Train Loss: 2.0827
INFO:Logger:Epoch 9, Train Loss: 2.1723
INFO:Logger:Epoch 10, Train Loss: 1.6291
INFO:Logger:Epoch 11, Train Loss: 1.5048
INFO:Logger:Epoch 12, Train Loss: 1.2250
INFO:Logger:Epoch 13, Train Loss: 1.2286
INFO:Logger:Epoch 14, Train Loss: 1.3086
INFO:Logger:Epoch 15, Train Loss: 1.4633
INFO:Logger:Epoch 16, Train Loss: 1.5490
INFO:Logger:Epoch 17, Train Loss: 1.5341
INFO:Logger:Epoch 18, Train Loss: 1.6058
INFO:Logger:Epoch 19, Train Loss: 1.1576
INFO:Logger:Epoch 20, Train Loss: 5.4506
INFO:Logger:Epoch 21, Train Loss: 1.5024
INFO:Logger:Epoch 22, Train Loss: 1.7434
INFO:Logger:Epoch 23, Train Loss: 1.8745
INFO:Logger:Epoch 24, Train Loss: 1.5090
INFO:Logger:Epoch 25, Train Loss: 1.3207
INFO:Logger:Epoch 26, Train Loss: 1.2903
INFO:Logger:Epoch 27, Train Loss: 1.1939
INFO:Logger:Epoch 28, Train Loss: 1.1088
INFO:Logger:Epoch 29, Train Loss: 1.2010
INFO:Logger:Epoch 30, Train Loss: 1.2721
INFO:Logger:Epoch 31, Train Loss: 1.3146
INFO:Logger:Epoch 32, Train Loss: 1.4028
INFO:Logger:Epoch 33, Train Loss: 1.0763
INFO:Logger:Epoch 34, Train Loss: 1.4692
INFO:Logger:Epoch 35, Train Loss: 1.0142
INFO:Logger:Epoch 36, Train Loss: 3.2092
INFO:Logger:Epoch 37, Train Loss: 1.7750
INFO:Logger:Epoch 38, Train Loss: 1.4076
INFO:Logger:Epoch 39, Train Loss: 2.3607
INFO:Logger:Epoch 40, Train Loss: 1.6067
INFO:Logger:Epoch 41, Train Loss: 1.9927
INFO:Logger:Epoch 42, Train Loss: 1.4264
INFO:Logger:Epoch 43, Train Loss: 1.6188
INFO:Logger:Epoch 44, Train Loss: 1.3941
INFO:Logger:Epoch 45, Train Loss: 1.3427
INFO:Logger:Epoch 46, Train Loss: 1.4608
INFO:Logger:Epoch 47, Train Loss: 1.5157
INFO:Logger:Epoch 48, Train Loss: 1.8584
INFO:Logger:Epoch 49, Train Loss: 1.2490
INFO:Logger:Epoch 50, Train Loss: 1.2380
INFO:Logger:Epoch 51, Train Loss: 3.3428
INFO:Logger:Epoch 52, Train Loss: 1.5593
INFO:Logger:Epoch 53, Train Loss: 1.6117
INFO:Logger:Epoch 54, Train Loss: 1.4395
INFO:Logger:Epoch 55, Train Loss: 1.6672
INFO:Logger:Epoch 56, Train Loss: 1.1894
INFO:Logger:Epoch 57, Train Loss: 1.2654
INFO:Logger:Epoch 58, Train Loss: 1.5473
INFO:Logger:Epoch 59, Train Loss: 1.3860
INFO:Logger:Epoch 60, Train Loss: 1.4290
INFO:Logger:Epoch 61, Train Loss: 1.6326
INFO:Logger:Epoch 62, Train Loss: 1.6023
INFO:Logger:Epoch 63, Train Loss: 2.2489
INFO:Logger:Epoch 64, Train Loss: 2.1061
INFO:Logger:Epoch 65, Train Loss: 1.4801
INFO:Logger:Epoch 66, Train Loss: 1.5359
INFO:Logger:Epoch 67, Train Loss: 1.7648
INFO:Logger:Epoch 68, Train Loss: 1.7568
INFO:Logger:Epoch 69, Train Loss: 5.3226
INFO:Logger:Epoch 70, Train Loss: 1.0855
INFO:Logger:Epoch 71, Train Loss: 1.2393
INFO:Logger:Epoch 72, Train Loss: 1.7139
INFO:Logger:Epoch 73, Train Loss: 1.4012
INFO:Logger:Epoch 74, Train Loss: 1.3582
INFO:Logger:Epoch 75, Train Loss: 1.6554
INFO:Logger:Epoch 76, Train Loss: 1.2045
INFO:Logger:Epoch 77, Train Loss: 1.6016
INFO:Logger:Epoch 78, Train Loss: 1.3169
INFO:Logger:Epoch 79, Train Loss: 1.3902
INFO:Logger:Epoch 80, Train Loss: 2.2214
INFO:Logger:Epoch 81, Train Loss: 1.3449
INFO:Logger:Epoch 82, Train Loss: 1.3891
INFO:Logger:Epoch 83, Train Loss: 1.4457
INFO:Logger:Epoch 84, Train Loss: 1.1654
INFO:Logger:Epoch 85, Train Loss: 1.3261
INFO:Logger:Epoch 86, Train Loss: 1.4566
INFO:Logger:Epoch 87, Train Loss: 1.2773
INFO:Logger:Epoch 88, Train Loss: 1.2432
INFO:Logger:Epoch 89, Train Loss: 1.3285
INFO:Logger:Epoch 90, Train Loss: 1.1900
INFO:Logger:Epoch 91, Train Loss: 1.7725
INFO:Logger:Epoch 92, Train Loss: 1.1280
INFO:Logger:Epoch 93, Train Loss: 1.2845
INFO:Logger:Epoch 94, Train Loss: 0.9994
INFO:Logger:Epoch 95, Train Loss: 1.3076
INFO:Logger:Epoch 96, Train Loss: 1.9891
INFO:Logger:Epoch 97, Train Loss: 1.2303
INFO:Logger:Epoch 98, Train Loss: 1.5432
INFO:Logger:Epoch 99, Train Loss: 1.1531
INFO:Logger:Epoch 100, Train Loss: 1.4258
INFO:Logger:Test Error: 0.0488
INFO:Logger:Pearson Correlation Coefficient: 0.9199700988471582
INFO:Logger:PCC: 0.920 ± 0.005
