/var/spool/slurmd/job13703572/slurm_script: line 9: SECONDS: command not found
/var/spool/slurmd/job13703572/slurm_script: line 10: cd: /home/sv496/project/metabolic_graph: No such file or directory

CommandNotFoundError: Your shell has not been properly configured to use 'conda deactivate'.
To initialize your shell, run

    $ conda init <SHELL_NAME>

Currently supported shells are:
  - bash
  - fish
  - tcsh
  - xonsh
  - zsh
  - powershell

See 'conda init --help' for more information and options.

IMPORTANT: You may need to close and restart your shell after running 'conda init'.


/gpfs/gibbs/project/krishnaswamy_smita/sv496/conda_envs/metabolomics/lib/python3.10/site-packages/torch/nn/modules/loss.py:530: UserWarning: Using a target size (torch.Size([72])) that is different to the input size (torch.Size([5, 1])). This will likely lead to incorrect results due to broadcasting. Please ensure they have the same size.
  return F.mse_loss(input, target, reduction=self.reduction)
INFO:Logger:Epoch 1, Train Loss: 0.2158
INFO:Logger:Epoch 2, Train Loss: 0.2693
INFO:Logger:Epoch 3, Train Loss: 0.2039
INFO:Logger:Epoch 4, Train Loss: 0.2897
INFO:Logger:Epoch 5, Train Loss: 0.3170
INFO:Logger:Epoch 6, Train Loss: 0.2944
INFO:Logger:Epoch 7, Train Loss: 0.2079
INFO:Logger:Epoch 8, Train Loss: 0.3396
INFO:Logger:Epoch 9, Train Loss: 0.3109
INFO:Logger:Epoch 10, Train Loss: 0.3258
INFO:Logger:Epoch 11, Train Loss: 0.3163
INFO:Logger:Epoch 12, Train Loss: 0.2784
INFO:Logger:Epoch 13, Train Loss: 0.4153
INFO:Logger:Epoch 14, Train Loss: 0.3702
INFO:Logger:Epoch 15, Train Loss: 0.4258
INFO:Logger:Epoch 16, Train Loss: 0.3570
INFO:Logger:Epoch 17, Train Loss: 0.3360
INFO:Logger:Epoch 18, Train Loss: 0.3502
INFO:Logger:Epoch 19, Train Loss: 0.3462
INFO:Logger:Epoch 20, Train Loss: 0.3335
INFO:Logger:Epoch 21, Train Loss: 0.4026
INFO:Logger:Epoch 22, Train Loss: 0.3478
INFO:Logger:Epoch 23, Train Loss: 0.3801
INFO:Logger:Epoch 24, Train Loss: 0.3614
INFO:Logger:Epoch 25, Train Loss: 0.3720
INFO:Logger:Epoch 26, Train Loss: 0.3780
INFO:Logger:Epoch 27, Train Loss: 0.3841
INFO:Logger:Epoch 28, Train Loss: 0.3790
INFO:Logger:Epoch 29, Train Loss: 0.4309
INFO:Logger:Epoch 30, Train Loss: 0.3791
INFO:Logger:Epoch 31, Train Loss: 0.3680
INFO:Logger:Epoch 32, Train Loss: 0.3574
INFO:Logger:Epoch 33, Train Loss: 0.3360
INFO:Logger:Epoch 34, Train Loss: 0.3457
INFO:Logger:Epoch 35, Train Loss: 0.3902
INFO:Logger:Epoch 36, Train Loss: 0.3971
INFO:Logger:Epoch 37, Train Loss: 0.3721
INFO:Logger:Epoch 38, Train Loss: 0.3819
INFO:Logger:Epoch 39, Train Loss: 0.3297
INFO:Logger:Epoch 40, Train Loss: 0.3894
INFO:Logger:Epoch 41, Train Loss: 0.3900
INFO:Logger:Epoch 42, Train Loss: 0.4127
INFO:Logger:Epoch 43, Train Loss: 0.3933
INFO:Logger:Epoch 44, Train Loss: 0.4372
INFO:Logger:Epoch 45, Train Loss: 0.3771
INFO:Logger:Epoch 46, Train Loss: 0.3616
INFO:Logger:Epoch 47, Train Loss: 0.4021
INFO:Logger:Epoch 48, Train Loss: 0.3676
INFO:Logger:Epoch 49, Train Loss: 0.3678
INFO:Logger:Epoch 50, Train Loss: 0.3887
INFO:Logger:Epoch 51, Train Loss: 0.4428
INFO:Logger:Epoch 52, Train Loss: 0.3963
INFO:Logger:Epoch 53, Train Loss: 0.3933
INFO:Logger:Epoch 54, Train Loss: 0.3550
INFO:Logger:Epoch 55, Train Loss: 0.4007
INFO:Logger:Epoch 56, Train Loss: 0.3465
INFO:Logger:Epoch 57, Train Loss: 0.3503
INFO:Logger:Epoch 58, Train Loss: 0.3990
INFO:Logger:Epoch 59, Train Loss: 0.3662
INFO:Logger:Epoch 60, Train Loss: 0.3684
INFO:Logger:Epoch 61, Train Loss: 0.3751
INFO:Logger:Epoch 62, Train Loss: 0.3642
INFO:Logger:Epoch 63, Train Loss: 0.3449
INFO:Logger:Epoch 64, Train Loss: 0.3432
INFO:Logger:Epoch 65, Train Loss: 0.4233
INFO:Logger:Epoch 66, Train Loss: 0.3807
INFO:Logger:Epoch 67, Train Loss: 0.3560
INFO:Logger:Epoch 68, Train Loss: 0.3763
INFO:Logger:Epoch 69, Train Loss: 0.3373
INFO:Logger:Epoch 70, Train Loss: 0.3414
INFO:Logger:Epoch 71, Train Loss: 0.3824
INFO:Logger:Epoch 72, Train Loss: 0.3476
INFO:Logger:Epoch 73, Train Loss: 0.3690
INFO:Logger:Epoch 74, Train Loss: 0.3566
INFO:Logger:Epoch 75, Train Loss: 0.3555
INFO:Logger:Epoch 76, Train Loss: 0.3623
INFO:Logger:Epoch 77, Train Loss: 0.3420
INFO:Logger:Epoch 78, Train Loss: 0.3342
INFO:Logger:Epoch 79, Train Loss: 0.3638
INFO:Logger:Epoch 80, Train Loss: 0.3535
INFO:Logger:Epoch 81, Train Loss: 0.3276
INFO:Logger:Epoch 82, Train Loss: 0.3458
INFO:Logger:Epoch 83, Train Loss: 0.3496
INFO:Logger:Epoch 84, Train Loss: 0.3139
INFO:Logger:Epoch 85, Train Loss: 0.3523
INFO:Logger:Epoch 86, Train Loss: 0.3330
INFO:Logger:Epoch 87, Train Loss: 0.3453
INFO:Logger:Epoch 88, Train Loss: 0.3493
INFO:Logger:Epoch 89, Train Loss: 0.3577
INFO:Logger:Epoch 90, Train Loss: 0.3814
INFO:Logger:Epoch 91, Train Loss: 0.3807
INFO:Logger:Epoch 92, Train Loss: 0.3576
INFO:Logger:Epoch 93, Train Loss: 0.3282
INFO:Logger:Epoch 94, Train Loss: 0.3410
INFO:Logger:Epoch 95, Train Loss: 0.3587
INFO:Logger:Epoch 96, Train Loss: 0.3709
INFO:Logger:Epoch 97, Train Loss: 0.3423
INFO:Logger:Epoch 98, Train Loss: 0.3461
INFO:Logger:Epoch 99, Train Loss: 0.3284
INFO:Logger:Epoch 100, Train Loss: 0.3179
INFO:Logger:Test Error: 0.0692
INFO:Logger:Pearson Correlation Coefficient: 0.8373938678832714
INFO:Logger:Epoch 1, Train Loss: 4.8431
INFO:Logger:Epoch 2, Train Loss: 3.7682
INFO:Logger:Epoch 3, Train Loss: 3.4336
INFO:Logger:Epoch 4, Train Loss: 3.3164
INFO:Logger:Epoch 5, Train Loss: 3.2197
INFO:Logger:Epoch 6, Train Loss: 2.9103
INFO:Logger:Epoch 7, Train Loss: 2.9018
INFO:Logger:Epoch 8, Train Loss: 2.6035
INFO:Logger:Epoch 9, Train Loss: 2.6583
INFO:Logger:Epoch 10, Train Loss: 2.6288
INFO:Logger:Epoch 11, Train Loss: 2.5917
INFO:Logger:Epoch 12, Train Loss: 2.4636
INFO:Logger:Epoch 13, Train Loss: 2.6979
INFO:Logger:Epoch 14, Train Loss: 2.8453
INFO:Logger:Epoch 15, Train Loss: 2.5147
INFO:Logger:Epoch 16, Train Loss: 2.2473
INFO:Logger:Epoch 17, Train Loss: 2.3151
INFO:Logger:Epoch 18, Train Loss: 2.3235
INFO:Logger:Epoch 19, Train Loss: 2.2590
INFO:Logger:Epoch 20, Train Loss: 2.4980
INFO:Logger:Epoch 21, Train Loss: 2.3600
INFO:Logger:Epoch 22, Train Loss: 2.1399
INFO:Logger:Epoch 23, Train Loss: 2.2303
INFO:Logger:Epoch 24, Train Loss: 2.1753
INFO:Logger:Epoch 25, Train Loss: 2.1501
INFO:Logger:Epoch 26, Train Loss: 2.1043
INFO:Logger:Epoch 27, Train Loss: 2.1367
INFO:Logger:Epoch 28, Train Loss: 2.1262
INFO:Logger:Epoch 29, Train Loss: 2.0063
INFO:Logger:Epoch 30, Train Loss: 2.2488
INFO:Logger:Epoch 31, Train Loss: 1.9410
INFO:Logger:Epoch 32, Train Loss: 2.1386
INFO:Logger:Epoch 33, Train Loss: 2.0722
INFO:Logger:Epoch 34, Train Loss: 2.1140
INFO:Logger:Epoch 35, Train Loss: 1.9811
INFO:Logger:Epoch 36, Train Loss: 2.0662
INFO:Logger:Epoch 37, Train Loss: 2.1058
INFO:Logger:Epoch 38, Train Loss: 1.9562
INFO:Logger:Epoch 39, Train Loss: 2.0766
INFO:Logger:Epoch 40, Train Loss: 1.9503
INFO:Logger:Epoch 41, Train Loss: 2.0691
INFO:Logger:Epoch 42, Train Loss: 2.0878
INFO:Logger:Epoch 43, Train Loss: 2.1983
INFO:Logger:Epoch 44, Train Loss: 2.0681
INFO:Logger:Epoch 45, Train Loss: 1.9224
INFO:Logger:Epoch 46, Train Loss: 2.0137
INFO:Logger:Epoch 47, Train Loss: 2.0394
INFO:Logger:Epoch 48, Train Loss: 1.9805
INFO:Logger:Epoch 49, Train Loss: 1.9971
INFO:Logger:Epoch 50, Train Loss: 1.9834
INFO:Logger:Epoch 51, Train Loss: 2.2741
INFO:Logger:Epoch 52, Train Loss: 2.0131
INFO:Logger:Epoch 53, Train Loss: 2.0405
INFO:Logger:Epoch 54, Train Loss: 1.9997
INFO:Logger:Epoch 55, Train Loss: 1.9841
INFO:Logger:Epoch 56, Train Loss: 2.1544
INFO:Logger:Epoch 57, Train Loss: 2.0231
INFO:Logger:Epoch 58, Train Loss: 2.1142
INFO:Logger:Epoch 59, Train Loss: 2.0223
INFO:Logger:Epoch 60, Train Loss: 1.9955
INFO:Logger:Epoch 61, Train Loss: 2.0173
INFO:Logger:Epoch 62, Train Loss: 1.9095
INFO:Logger:Epoch 63, Train Loss: 1.8367
INFO:Logger:Epoch 64, Train Loss: 1.7512
INFO:Logger:Epoch 65, Train Loss: 1.7196
INFO:Logger:Epoch 66, Train Loss: 1.6998
INFO:Logger:Epoch 67, Train Loss: 1.6830
INFO:Logger:Epoch 68, Train Loss: 1.6925
INFO:Logger:Epoch 69, Train Loss: 1.5397
INFO:Logger:Epoch 70, Train Loss: 1.6427
INFO:Logger:Epoch 71, Train Loss: 1.7094
INFO:Logger:Epoch 72, Train Loss: 1.5007
INFO:Logger:Epoch 73, Train Loss: 1.5843
INFO:Logger:Epoch 74, Train Loss: 1.6700
INFO:Logger:Epoch 75, Train Loss: 1.5174
INFO:Logger:Epoch 76, Train Loss: 1.5540
INFO:Logger:Epoch 77, Train Loss: 1.4510
INFO:Logger:Epoch 78, Train Loss: 1.5554
INFO:Logger:Epoch 79, Train Loss: 1.6437
INFO:Logger:Epoch 80, Train Loss: 1.6192
INFO:Logger:Epoch 81, Train Loss: 1.4493
INFO:Logger:Epoch 82, Train Loss: 1.4819
INFO:Logger:Epoch 83, Train Loss: 1.4574
INFO:Logger:Epoch 84, Train Loss: 1.4152
INFO:Logger:Epoch 85, Train Loss: 1.5392
INFO:Logger:Epoch 86, Train Loss: 1.4301
INFO:Logger:Epoch 87, Train Loss: 1.5228
INFO:Logger:Epoch 88, Train Loss: 1.4589
INFO:Logger:Epoch 89, Train Loss: 1.6544
INFO:Logger:Epoch 90, Train Loss: 1.4904
INFO:Logger:Epoch 91, Train Loss: 1.5361
INFO:Logger:Epoch 92, Train Loss: 1.5504
INFO:Logger:Epoch 93, Train Loss: 1.5396
INFO:Logger:Epoch 94, Train Loss: 1.8920
INFO:Logger:Epoch 95, Train Loss: 1.4148
INFO:Logger:Epoch 96, Train Loss: 1.5652
INFO:Logger:Epoch 97, Train Loss: 1.5253
INFO:Logger:Epoch 98, Train Loss: 1.5405
INFO:Logger:Epoch 99, Train Loss: 1.6185
INFO:Logger:Epoch 100, Train Loss: 1.6187
INFO:Logger:Test Error: 0.0639
INFO:Logger:Pearson Correlation Coefficient: 0.8508426835412032
INFO:Logger:Epoch 1, Train Loss: 0.1485
INFO:Logger:Epoch 2, Train Loss: 0.2456
INFO:Logger:Epoch 3, Train Loss: 0.2115
INFO:Logger:Epoch 4, Train Loss: 0.2370
INFO:Logger:Epoch 5, Train Loss: 0.1916
INFO:Logger:Epoch 6, Train Loss: 0.1925
INFO:Logger:Epoch 7, Train Loss: 0.2089
INFO:Logger:Epoch 8, Train Loss: 0.2776
INFO:Logger:Epoch 9, Train Loss: 0.2553
INFO:Logger:Epoch 10, Train Loss: 0.2144
INFO:Logger:Epoch 11, Train Loss: 0.2391
INFO:Logger:Epoch 12, Train Loss: 0.1882
INFO:Logger:Epoch 13, Train Loss: 0.2087
INFO:Logger:Epoch 14, Train Loss: 0.2191
INFO:Logger:Epoch 15, Train Loss: 0.1986
INFO:Logger:Epoch 16, Train Loss: 0.1744
INFO:Logger:Epoch 17, Train Loss: 0.2185
INFO:Logger:Epoch 18, Train Loss: 0.2410
INFO:Logger:Epoch 19, Train Loss: 0.1906
INFO:Logger:Epoch 20, Train Loss: 0.2225
INFO:Logger:Epoch 21, Train Loss: 0.1827
INFO:Logger:Epoch 22, Train Loss: 0.1486
INFO:Logger:Epoch 23, Train Loss: 0.1860
INFO:Logger:Epoch 24, Train Loss: 0.2043
INFO:Logger:Epoch 25, Train Loss: 0.1823
INFO:Logger:Epoch 26, Train Loss: 0.1550
INFO:Logger:Epoch 27, Train Loss: 0.1832
INFO:Logger:Epoch 28, Train Loss: 0.2079
INFO:Logger:Epoch 29, Train Loss: 0.1946
INFO:Logger:Epoch 30, Train Loss: 0.1755
INFO:Logger:Epoch 31, Train Loss: 0.1557
INFO:Logger:Epoch 32, Train Loss: 0.1396
INFO:Logger:Epoch 33, Train Loss: 0.1364
INFO:Logger:Epoch 34, Train Loss: 0.1325
INFO:Logger:Epoch 35, Train Loss: 0.1349
INFO:Logger:Epoch 36, Train Loss: 0.1351
INFO:Logger:Epoch 37, Train Loss: 0.1174
INFO:Logger:Epoch 38, Train Loss: 0.1225
INFO:Logger:Epoch 39, Train Loss: 0.1338
INFO:Logger:Epoch 40, Train Loss: 0.1235
INFO:Logger:Epoch 41, Train Loss: 0.0908
INFO:Logger:Epoch 42, Train Loss: 0.1160
INFO:Logger:Epoch 43, Train Loss: 0.1116
INFO:Logger:Epoch 44, Train Loss: 0.1225
INFO:Logger:Epoch 45, Train Loss: 0.0957
INFO:Logger:Epoch 46, Train Loss: 0.0897
INFO:Logger:Epoch 47, Train Loss: 0.1145
INFO:Logger:Epoch 48, Train Loss: 0.1046
INFO:Logger:Epoch 49, Train Loss: 0.0872
INFO:Logger:Epoch 50, Train Loss: 0.0814
INFO:Logger:Epoch 51, Train Loss: 0.0657
INFO:Logger:Epoch 52, Train Loss: 0.0759
INFO:Logger:Epoch 53, Train Loss: 0.0730
INFO:Logger:Epoch 54, Train Loss: 0.0811
INFO:Logger:Epoch 55, Train Loss: 0.0727
INFO:Logger:Epoch 56, Train Loss: 0.0684
INFO:Logger:Epoch 57, Train Loss: 0.0600
INFO:Logger:Epoch 58, Train Loss: 0.0664
INFO:Logger:Epoch 59, Train Loss: 0.0642
INFO:Logger:Epoch 60, Train Loss: 0.0561
INFO:Logger:Epoch 61, Train Loss: 0.0576
INFO:Logger:Epoch 62, Train Loss: 0.0705
INFO:Logger:Epoch 63, Train Loss: 0.0558
INFO:Logger:Epoch 64, Train Loss: 0.0486
INFO:Logger:Epoch 65, Train Loss: 0.0614
INFO:Logger:Epoch 66, Train Loss: 0.0650
INFO:Logger:Epoch 67, Train Loss: 0.0594
INFO:Logger:Epoch 68, Train Loss: 0.0523
INFO:Logger:Epoch 69, Train Loss: 0.0729
INFO:Logger:Epoch 70, Train Loss: 0.0561
INFO:Logger:Epoch 71, Train Loss: 0.0591
INFO:Logger:Epoch 72, Train Loss: 0.0498
INFO:Logger:Epoch 73, Train Loss: 0.0645
INFO:Logger:Epoch 74, Train Loss: 0.0508
INFO:Logger:Epoch 75, Train Loss: 0.0542
INFO:Logger:Epoch 76, Train Loss: 0.0463
INFO:Logger:Epoch 77, Train Loss: 0.0612
INFO:Logger:Epoch 78, Train Loss: 0.0528
INFO:Logger:Epoch 79, Train Loss: 0.0550
INFO:Logger:Epoch 80, Train Loss: 0.0562
INFO:Logger:Epoch 81, Train Loss: 0.0581
INFO:Logger:Epoch 82, Train Loss: 0.0573
INFO:Logger:Epoch 83, Train Loss: 0.0571
INFO:Logger:Epoch 84, Train Loss: 0.0527
INFO:Logger:Epoch 85, Train Loss: 0.0648
INFO:Logger:Epoch 86, Train Loss: 0.0590
INFO:Logger:Epoch 87, Train Loss: 0.0487
INFO:Logger:Epoch 88, Train Loss: 0.0518
INFO:Logger:Epoch 89, Train Loss: 0.0627
INFO:Logger:Epoch 90, Train Loss: 0.0520
INFO:Logger:Epoch 91, Train Loss: 0.0620
INFO:Logger:Epoch 92, Train Loss: 0.0543
INFO:Logger:Epoch 93, Train Loss: 0.0541
INFO:Logger:Epoch 94, Train Loss: 0.0611
INFO:Logger:Epoch 95, Train Loss: 0.0609
INFO:Logger:Epoch 96, Train Loss: 0.0591
INFO:Logger:Epoch 97, Train Loss: 0.0651
INFO:Logger:Epoch 98, Train Loss: 0.0609
INFO:Logger:Epoch 99, Train Loss: 0.0683
INFO:Logger:Epoch 100, Train Loss: 0.0490
INFO:Logger:Test Error: 0.0560
INFO:Logger:Pearson Correlation Coefficient: 0.8632902071457601
INFO:Logger:Epoch 1, Train Loss: 0.1818
INFO:Logger:Epoch 2, Train Loss: 0.1915
INFO:Logger:Epoch 3, Train Loss: 0.1860
INFO:Logger:Epoch 4, Train Loss: 0.1232
INFO:Logger:Epoch 5, Train Loss: 0.1518
INFO:Logger:Epoch 6, Train Loss: 0.1594
INFO:Logger:Epoch 7, Train Loss: 0.1733
INFO:Logger:Epoch 8, Train Loss: 0.1413
INFO:Logger:Epoch 9, Train Loss: 0.1828
INFO:Logger:Epoch 10, Train Loss: 0.2008
INFO:Logger:Epoch 11, Train Loss: 0.1739
INFO:Logger:Epoch 12, Train Loss: 0.1425
INFO:Logger:Epoch 13, Train Loss: 0.1694
INFO:Logger:Epoch 14, Train Loss: 0.1494
INFO:Logger:Epoch 15, Train Loss: 0.1114
INFO:Logger:Epoch 16, Train Loss: 0.1333
INFO:Logger:Epoch 17, Train Loss: 0.1346
INFO:Logger:Epoch 18, Train Loss: 0.1287
INFO:Logger:Epoch 19, Train Loss: 0.1034
INFO:Logger:Epoch 20, Train Loss: 0.1117
INFO:Logger:Epoch 21, Train Loss: 0.1125
INFO:Logger:Epoch 22, Train Loss: 0.0895
INFO:Logger:Epoch 23, Train Loss: 0.0973
INFO:Logger:Epoch 24, Train Loss: 0.1102
INFO:Logger:Epoch 25, Train Loss: 0.0991
INFO:Logger:Epoch 26, Train Loss: 0.1029
INFO:Logger:Epoch 27, Train Loss: 0.1019
INFO:Logger:Epoch 28, Train Loss: 0.0999
INFO:Logger:Epoch 29, Train Loss: 0.1117
INFO:Logger:Epoch 30, Train Loss: 0.1102
INFO:Logger:Epoch 31, Train Loss: 0.1114
INFO:Logger:Epoch 32, Train Loss: 0.0953
INFO:Logger:Epoch 33, Train Loss: 0.1034
INFO:Logger:Epoch 34, Train Loss: 0.0998
INFO:Logger:Epoch 35, Train Loss: 0.1105
INFO:Logger:Epoch 36, Train Loss: 0.1118
INFO:Logger:Epoch 37, Train Loss: 0.1040
INFO:Logger:Epoch 38, Train Loss: 0.1150
INFO:Logger:Epoch 39, Train Loss: 0.0985
INFO:Logger:Epoch 40, Train Loss: 0.1171
INFO:Logger:Epoch 41, Train Loss: 0.1197
INFO:Logger:Epoch 42, Train Loss: 0.1146
INFO:Logger:Epoch 43, Train Loss: 0.1176
INFO:Logger:Epoch 44, Train Loss: 0.1188
INFO:Logger:Epoch 45, Train Loss: 0.1089
INFO:Logger:Epoch 46, Train Loss: 0.1070
INFO:Logger:Epoch 47, Train Loss: 0.1183
INFO:Logger:Epoch 48, Train Loss: 0.1087
INFO:Logger:Epoch 49, Train Loss: 0.1191
INFO:Logger:Epoch 50, Train Loss: 0.1173
INFO:Logger:Epoch 51, Train Loss: 0.1150
INFO:Logger:Epoch 52, Train Loss: 0.1060
INFO:Logger:Epoch 53, Train Loss: 0.1249
INFO:Logger:Epoch 54, Train Loss: 0.1264
INFO:Logger:Epoch 55, Train Loss: 0.1364
INFO:Logger:Epoch 56, Train Loss: 0.1099
INFO:Logger:Epoch 57, Train Loss: 0.1289
INFO:Logger:Epoch 58, Train Loss: 0.1179
INFO:Logger:Epoch 59, Train Loss: 0.1224
INFO:Logger:Epoch 60, Train Loss: 0.1225
INFO:Logger:Epoch 61, Train Loss: 0.1200
INFO:Logger:Epoch 62, Train Loss: 0.1295
INFO:Logger:Epoch 63, Train Loss: 0.1360
INFO:Logger:Epoch 64, Train Loss: 0.1400
INFO:Logger:Epoch 65, Train Loss: 0.1234
INFO:Logger:Epoch 66, Train Loss: 0.1061
INFO:Logger:Epoch 67, Train Loss: 0.1337
INFO:Logger:Epoch 68, Train Loss: 0.1318
INFO:Logger:Epoch 69, Train Loss: 0.1270
INFO:Logger:Epoch 70, Train Loss: 0.1328
INFO:Logger:Epoch 71, Train Loss: 0.1306
INFO:Logger:Epoch 72, Train Loss: 0.1267
INFO:Logger:Epoch 73, Train Loss: 0.1058
INFO:Logger:Epoch 74, Train Loss: 0.1198
INFO:Logger:Epoch 75, Train Loss: 0.1038
INFO:Logger:Epoch 76, Train Loss: 0.1173
INFO:Logger:Epoch 77, Train Loss: 0.1033
INFO:Logger:Epoch 78, Train Loss: 0.1297
INFO:Logger:Epoch 79, Train Loss: 0.1323
INFO:Logger:Epoch 80, Train Loss: 0.1124
INFO:Logger:Epoch 81, Train Loss: 0.1148
INFO:Logger:Epoch 82, Train Loss: 0.1121
INFO:Logger:Epoch 83, Train Loss: 0.1049
INFO:Logger:Epoch 84, Train Loss: 0.1006
INFO:Logger:Epoch 85, Train Loss: 0.0938
INFO:Logger:Epoch 86, Train Loss: 0.1024
INFO:Logger:Epoch 87, Train Loss: 0.1077
INFO:Logger:Epoch 88, Train Loss: 0.0910
INFO:Logger:Epoch 89, Train Loss: 0.1128
INFO:Logger:Epoch 90, Train Loss: 0.0864
INFO:Logger:Epoch 91, Train Loss: 0.0862
INFO:Logger:Epoch 92, Train Loss: 0.0919
INFO:Logger:Epoch 93, Train Loss: 0.1072
INFO:Logger:Epoch 94, Train Loss: 0.1043
INFO:Logger:Epoch 95, Train Loss: 0.0966
INFO:Logger:Epoch 96, Train Loss: 0.0987
INFO:Logger:Epoch 97, Train Loss: 0.1157
INFO:Logger:Epoch 98, Train Loss: 0.1059
INFO:Logger:Epoch 99, Train Loss: 0.1070
INFO:Logger:Epoch 100, Train Loss: 0.1017
INFO:Logger:Test Error: 0.0685
INFO:Logger:Pearson Correlation Coefficient: 0.8219670043864369
INFO:Logger:Epoch 1, Train Loss: 0.9458
INFO:Logger:Epoch 2, Train Loss: 0.9629
INFO:Logger:Epoch 3, Train Loss: 0.8355
INFO:Logger:Epoch 4, Train Loss: 1.0391
INFO:Logger:Epoch 5, Train Loss: 0.7769
INFO:Logger:Epoch 6, Train Loss: 0.7678
INFO:Logger:Epoch 7, Train Loss: 0.7758
INFO:Logger:Epoch 8, Train Loss: 0.6887
INFO:Logger:Epoch 9, Train Loss: 0.6079
INFO:Logger:Epoch 10, Train Loss: 0.6198
INFO:Logger:Epoch 11, Train Loss: 0.6569
INFO:Logger:Epoch 12, Train Loss: 0.5821
INFO:Logger:Epoch 13, Train Loss: 0.5838
INFO:Logger:Epoch 14, Train Loss: 0.5641
INFO:Logger:Epoch 15, Train Loss: 0.4915
INFO:Logger:Epoch 16, Train Loss: 0.4618
INFO:Logger:Epoch 17, Train Loss: 0.4981
INFO:Logger:Epoch 18, Train Loss: 0.4568
INFO:Logger:Epoch 19, Train Loss: 0.3759
INFO:Logger:Epoch 20, Train Loss: 0.4449
INFO:Logger:Epoch 21, Train Loss: 0.3951
INFO:Logger:Epoch 22, Train Loss: 0.4173
INFO:Logger:Epoch 23, Train Loss: 0.4337
INFO:Logger:Epoch 24, Train Loss: 0.4679
INFO:Logger:Epoch 25, Train Loss: 0.3784
INFO:Logger:Epoch 26, Train Loss: 0.4329
INFO:Logger:Epoch 27, Train Loss: 0.4039
INFO:Logger:Epoch 28, Train Loss: 0.4270
INFO:Logger:Epoch 29, Train Loss: 0.3591
INFO:Logger:Epoch 30, Train Loss: 0.4241
INFO:Logger:Epoch 31, Train Loss: 0.3474
INFO:Logger:Epoch 32, Train Loss: 0.3791
INFO:Logger:Epoch 33, Train Loss: 0.3809
INFO:Logger:Epoch 34, Train Loss: 0.3512
INFO:Logger:Epoch 35, Train Loss: 0.3421
INFO:Logger:Epoch 36, Train Loss: 0.3574
INFO:Logger:Epoch 37, Train Loss: 0.3367
INFO:Logger:Epoch 38, Train Loss: 0.3198
INFO:Logger:Epoch 39, Train Loss: 0.3376
INFO:Logger:Epoch 40, Train Loss: 0.3197
INFO:Logger:Epoch 41, Train Loss: 0.2878
INFO:Logger:Epoch 42, Train Loss: 0.3283
INFO:Logger:Epoch 43, Train Loss: 0.3512
INFO:Logger:Epoch 44, Train Loss: 0.3285
INFO:Logger:Epoch 45, Train Loss: 0.3672
INFO:Logger:Epoch 46, Train Loss: 0.3471
INFO:Logger:Epoch 47, Train Loss: 0.3235
INFO:Logger:Epoch 48, Train Loss: 0.3800
INFO:Logger:Epoch 49, Train Loss: 0.2919
INFO:Logger:Epoch 50, Train Loss: 0.3148
INFO:Logger:Epoch 51, Train Loss: 0.3750
INFO:Logger:Epoch 52, Train Loss: 0.3878
INFO:Logger:Epoch 53, Train Loss: 0.3792
INFO:Logger:Epoch 54, Train Loss: 0.3544
INFO:Logger:Epoch 55, Train Loss: 0.3143
INFO:Logger:Epoch 56, Train Loss: 0.3550
INFO:Logger:Epoch 57, Train Loss: 0.3356
INFO:Logger:Epoch 58, Train Loss: 0.3229
INFO:Logger:Epoch 59, Train Loss: 0.3130
INFO:Logger:Epoch 60, Train Loss: 0.3257
INFO:Logger:Epoch 61, Train Loss: 0.3574
INFO:Logger:Epoch 62, Train Loss: 0.2846
INFO:Logger:Epoch 63, Train Loss: 0.3640
INFO:Logger:Epoch 64, Train Loss: 0.3428
INFO:Logger:Epoch 65, Train Loss: 0.2866
INFO:Logger:Epoch 66, Train Loss: 0.2874
INFO:Logger:Epoch 67, Train Loss: 0.3107
INFO:Logger:Epoch 68, Train Loss: 0.3364
INFO:Logger:Epoch 69, Train Loss: 0.3034
INFO:Logger:Epoch 70, Train Loss: 0.2754
INFO:Logger:Epoch 71, Train Loss: 0.2646
INFO:Logger:Epoch 72, Train Loss: 0.2488
INFO:Logger:Epoch 73, Train Loss: 0.2777
INFO:Logger:Epoch 74, Train Loss: 0.2737
INFO:Logger:Epoch 75, Train Loss: 0.2769
INFO:Logger:Epoch 76, Train Loss: 0.3125
INFO:Logger:Epoch 77, Train Loss: 0.3353
INFO:Logger:Epoch 78, Train Loss: 0.3351
INFO:Logger:Epoch 79, Train Loss: 0.2532
INFO:Logger:Epoch 80, Train Loss: 0.3762
INFO:Logger:Epoch 81, Train Loss: 0.3207
INFO:Logger:Epoch 82, Train Loss: 0.2649
INFO:Logger:Epoch 83, Train Loss: 0.2794
INFO:Logger:Epoch 84, Train Loss: 0.3481
INFO:Logger:Epoch 85, Train Loss: 0.2489
INFO:Logger:Epoch 86, Train Loss: 0.2576
INFO:Logger:Epoch 87, Train Loss: 0.2897
INFO:Logger:Epoch 88, Train Loss: 0.2229
INFO:Logger:Epoch 89, Train Loss: 0.2938
INFO:Logger:Epoch 90, Train Loss: 0.3185
INFO:Logger:Epoch 91, Train Loss: 0.2789
INFO:Logger:Epoch 92, Train Loss: 0.2893
INFO:Logger:Epoch 93, Train Loss: 0.2834
INFO:Logger:Epoch 94, Train Loss: 0.3227
INFO:Logger:Epoch 95, Train Loss: 0.2651
INFO:Logger:Epoch 96, Train Loss: 0.2532
INFO:Logger:Epoch 97, Train Loss: 0.2724
INFO:Logger:Epoch 98, Train Loss: 0.2271
INFO:Logger:Epoch 99, Train Loss: 0.2914
INFO:Logger:Epoch 100, Train Loss: 0.2244
INFO:Logger:Test Error: 0.0605
INFO:Logger:Pearson Correlation Coefficient: 0.8333662129708096
INFO:Logger:PCC: 0.841 ± 0.014
