/var/spool/slurmd/job13613934/slurm_script: line 9: SECONDS: command not found

CommandNotFoundError: Your shell has not been properly configured to use 'conda deactivate'.
To initialize your shell, run

    $ conda init <SHELL_NAME>

Currently supported shells are:
  - bash
  - fish
  - tcsh
  - xonsh
  - zsh
  - powershell

See 'conda init --help' for more information and options.

IMPORTANT: You may need to close and restart your shell after running 'conda init'.


/gpfs/gibbs/project/krishnaswamy_smita/sv496/conda_envs/metabolomics/lib/python3.10/site-packages/torch/nn/modules/loss.py:530: UserWarning: Using a target size (torch.Size([72])) that is different to the input size (torch.Size([72, 1])). This will likely lead to incorrect results due to broadcasting. Please ensure they have the same size.
  return F.mse_loss(input, target, reduction=self.reduction)
INFO:Logger:Epoch 1, Train Loss: 17.5130
INFO:Logger:Epoch 2, Train Loss: 17.3380
INFO:Logger:Epoch 3, Train Loss: 17.3709
INFO:Logger:Epoch 4, Train Loss: 17.2274
INFO:Logger:Epoch 5, Train Loss: 17.1265
INFO:Logger:Epoch 6, Train Loss: 17.1574
INFO:Logger:Epoch 7, Train Loss: 17.2179
INFO:Logger:Epoch 8, Train Loss: 17.1939
INFO:Logger:Epoch 9, Train Loss: 17.2612
INFO:Logger:Epoch 10, Train Loss: 17.2550
INFO:Logger:Epoch 11, Train Loss: 17.2850
INFO:Logger:Epoch 12, Train Loss: 17.1986
INFO:Logger:Epoch 13, Train Loss: 17.0963
INFO:Logger:Epoch 14, Train Loss: 17.1005
INFO:Logger:Epoch 15, Train Loss: 17.2621
INFO:Logger:Epoch 16, Train Loss: 17.0992
INFO:Logger:Epoch 17, Train Loss: 17.3094
INFO:Logger:Epoch 18, Train Loss: 17.1400
INFO:Logger:Epoch 19, Train Loss: 17.0985
INFO:Logger:Epoch 20, Train Loss: 17.0291
INFO:Logger:Epoch 21, Train Loss: 17.0665
INFO:Logger:Epoch 22, Train Loss: 17.3206
INFO:Logger:Epoch 23, Train Loss: 17.0972
INFO:Logger:Epoch 24, Train Loss: 17.0053
INFO:Logger:Epoch 25, Train Loss: 16.9474
INFO:Logger:Epoch 26, Train Loss: 17.1027
INFO:Logger:Epoch 27, Train Loss: 16.8348
INFO:Logger:Epoch 28, Train Loss: 17.0356
INFO:Logger:Epoch 29, Train Loss: 16.9316
INFO:Logger:Epoch 30, Train Loss: 17.0136
INFO:Logger:Epoch 31, Train Loss: 17.0046
INFO:Logger:Epoch 32, Train Loss: 16.9677
INFO:Logger:Epoch 33, Train Loss: 16.8236
INFO:Logger:Epoch 34, Train Loss: 16.8679
INFO:Logger:Epoch 35, Train Loss: 17.0173
INFO:Logger:Epoch 36, Train Loss: 16.8051
INFO:Logger:Epoch 37, Train Loss: 16.8956
INFO:Logger:Epoch 38, Train Loss: 16.7345
INFO:Logger:Epoch 39, Train Loss: 16.7060
INFO:Logger:Epoch 40, Train Loss: 16.9630
INFO:Logger:Epoch 41, Train Loss: 17.1051
INFO:Logger:Epoch 42, Train Loss: 16.9045
INFO:Logger:Epoch 43, Train Loss: 16.7215
INFO:Logger:Epoch 44, Train Loss: 16.7962
INFO:Logger:Epoch 45, Train Loss: 16.7276
INFO:Logger:Epoch 46, Train Loss: 16.8848
INFO:Logger:Epoch 47, Train Loss: 16.8425
INFO:Logger:Epoch 48, Train Loss: 16.6584
INFO:Logger:Epoch 49, Train Loss: 16.7497
INFO:Logger:Epoch 50, Train Loss: 16.6916
INFO:Logger:Epoch 51, Train Loss: 16.6372
INFO:Logger:Epoch 52, Train Loss: 16.8049
INFO:Logger:Epoch 53, Train Loss: 16.6087
INFO:Logger:Epoch 54, Train Loss: 16.6754
INFO:Logger:Epoch 55, Train Loss: 16.8008
INFO:Logger:Epoch 56, Train Loss: 16.7383
INFO:Logger:Epoch 57, Train Loss: 16.7489
INFO:Logger:Epoch 58, Train Loss: 16.7052
INFO:Logger:Epoch 59, Train Loss: 16.6512
INFO:Logger:Epoch 60, Train Loss: 16.7469
INFO:Logger:Epoch 61, Train Loss: 16.7440
INFO:Logger:Epoch 62, Train Loss: 16.7311
INFO:Logger:Epoch 63, Train Loss: 16.8004
INFO:Logger:Epoch 64, Train Loss: 16.6338
INFO:Logger:Epoch 65, Train Loss: 16.6386
INFO:Logger:Epoch 66, Train Loss: 16.7622
INFO:Logger:Epoch 67, Train Loss: 16.6527
INFO:Logger:Epoch 68, Train Loss: 16.7613
INFO:Logger:Epoch 69, Train Loss: 16.8123
INFO:Logger:Epoch 70, Train Loss: 16.6534
INFO:Logger:Epoch 71, Train Loss: 16.6952
INFO:Logger:Epoch 72, Train Loss: 16.7853
INFO:Logger:Epoch 73, Train Loss: 16.7790
INFO:Logger:Epoch 74, Train Loss: 16.6581
INFO:Logger:Epoch 75, Train Loss: 16.6783
INFO:Logger:Epoch 76, Train Loss: 16.7342
INFO:Logger:Epoch 77, Train Loss: 16.7688
INFO:Logger:Epoch 78, Train Loss: 16.6878
INFO:Logger:Epoch 79, Train Loss: 16.8565
INFO:Logger:Epoch 80, Train Loss: 16.7199
INFO:Logger:Epoch 81, Train Loss: 16.8087
INFO:Logger:Epoch 82, Train Loss: 16.7748
INFO:Logger:Epoch 83, Train Loss: 16.8430
INFO:Logger:Epoch 84, Train Loss: 16.8253
INFO:Logger:Epoch 85, Train Loss: 16.8416
INFO:Logger:Epoch 86, Train Loss: 16.7548
INFO:Logger:Epoch 87, Train Loss: 16.7421
INFO:Logger:Epoch 88, Train Loss: 16.6201
INFO:Logger:Epoch 89, Train Loss: 16.4855
INFO:Logger:Epoch 90, Train Loss: 16.7783
INFO:Logger:Epoch 91, Train Loss: 16.6308
INFO:Logger:Epoch 92, Train Loss: 16.7162
INFO:Logger:Epoch 93, Train Loss: 16.6804
INFO:Logger:Epoch 94, Train Loss: 16.7523
INFO:Logger:Epoch 95, Train Loss: 16.7377
INFO:Logger:Epoch 96, Train Loss: 16.7749
INFO:Logger:Epoch 97, Train Loss: 16.7435
INFO:Logger:Epoch 98, Train Loss: 16.6378
INFO:Logger:Epoch 99, Train Loss: 16.5829
INFO:Logger:Epoch 100, Train Loss: 16.7352
INFO:Logger:Test Error: 0.0808
INFO:Logger:Pearson Correlation Coefficient: 0.889870764914645
INFO:Logger:Epoch 1, Train Loss: 12.8543
INFO:Logger:Epoch 2, Train Loss: 12.8472
INFO:Logger:Epoch 3, Train Loss: 12.7583
INFO:Logger:Epoch 4, Train Loss: 12.5837
INFO:Logger:Epoch 5, Train Loss: 12.3997
INFO:Logger:Epoch 6, Train Loss: 12.4815
INFO:Logger:Epoch 7, Train Loss: 12.4156
INFO:Logger:Epoch 8, Train Loss: 12.4765
INFO:Logger:Epoch 9, Train Loss: 12.2990
INFO:Logger:Epoch 10, Train Loss: 12.2768
INFO:Logger:Epoch 11, Train Loss: 12.3485
INFO:Logger:Epoch 12, Train Loss: 12.2861
INFO:Logger:Epoch 13, Train Loss: 12.2492
INFO:Logger:Epoch 14, Train Loss: 12.2395
INFO:Logger:Epoch 15, Train Loss: 12.3475
INFO:Logger:Epoch 16, Train Loss: 12.3157
INFO:Logger:Epoch 17, Train Loss: 12.2744
INFO:Logger:Epoch 18, Train Loss: 12.2920
INFO:Logger:Epoch 19, Train Loss: 12.1679
INFO:Logger:Epoch 20, Train Loss: 12.3266
INFO:Logger:Epoch 21, Train Loss: 12.2426
INFO:Logger:Epoch 22, Train Loss: 12.3322
INFO:Logger:Epoch 23, Train Loss: 12.2416
INFO:Logger:Epoch 24, Train Loss: 12.2215
INFO:Logger:Epoch 25, Train Loss: 12.2778
INFO:Logger:Epoch 26, Train Loss: 12.1789
INFO:Logger:Epoch 27, Train Loss: 12.2278
INFO:Logger:Epoch 28, Train Loss: 12.1181
INFO:Logger:Epoch 29, Train Loss: 12.1436
INFO:Logger:Epoch 30, Train Loss: 12.1600
INFO:Logger:Epoch 31, Train Loss: 12.2139
INFO:Logger:Epoch 32, Train Loss: 12.1349
INFO:Logger:Epoch 33, Train Loss: 12.1685
INFO:Logger:Epoch 34, Train Loss: 12.2085
INFO:Logger:Epoch 35, Train Loss: 12.1831
INFO:Logger:Epoch 36, Train Loss: 12.1009
INFO:Logger:Epoch 37, Train Loss: 12.0558
INFO:Logger:Epoch 38, Train Loss: 12.0879
INFO:Logger:Epoch 39, Train Loss: 12.1052
INFO:Logger:Epoch 40, Train Loss: 12.0644
INFO:Logger:Epoch 41, Train Loss: 12.0733
INFO:Logger:Epoch 42, Train Loss: 12.0827
INFO:Logger:Epoch 43, Train Loss: 12.0777
INFO:Logger:Epoch 44, Train Loss: 12.0729
INFO:Logger:Epoch 45, Train Loss: 12.0308
INFO:Logger:Epoch 46, Train Loss: 12.0563
INFO:Logger:Epoch 47, Train Loss: 12.0251
INFO:Logger:Epoch 48, Train Loss: 12.0571
INFO:Logger:Epoch 49, Train Loss: 12.0124
INFO:Logger:Epoch 50, Train Loss: 12.1097
INFO:Logger:Epoch 51, Train Loss: 12.0189
INFO:Logger:Epoch 52, Train Loss: 12.1165
INFO:Logger:Epoch 53, Train Loss: 12.0057
INFO:Logger:Epoch 54, Train Loss: 11.9909
INFO:Logger:Epoch 55, Train Loss: 11.9660
INFO:Logger:Epoch 56, Train Loss: 12.0482
INFO:Logger:Epoch 57, Train Loss: 11.9916
INFO:Logger:Epoch 58, Train Loss: 12.0201
INFO:Logger:Epoch 59, Train Loss: 12.0347
INFO:Logger:Epoch 60, Train Loss: 11.9522
INFO:Logger:Epoch 61, Train Loss: 12.0146
INFO:Logger:Epoch 62, Train Loss: 11.9773
INFO:Logger:Epoch 63, Train Loss: 11.9689
INFO:Logger:Epoch 64, Train Loss: 11.9327
INFO:Logger:Epoch 65, Train Loss: 11.9610
INFO:Logger:Epoch 66, Train Loss: 11.9943
INFO:Logger:Epoch 67, Train Loss: 11.9285
INFO:Logger:Epoch 68, Train Loss: 11.9475
INFO:Logger:Epoch 69, Train Loss: 11.9572
INFO:Logger:Epoch 70, Train Loss: 11.9578
INFO:Logger:Epoch 71, Train Loss: 11.9749
INFO:Logger:Epoch 72, Train Loss: 11.9864
INFO:Logger:Epoch 73, Train Loss: 11.9328
INFO:Logger:Epoch 74, Train Loss: 11.9809
INFO:Logger:Epoch 75, Train Loss: 12.0524
INFO:Logger:Epoch 76, Train Loss: 11.9727
INFO:Logger:Epoch 77, Train Loss: 11.9571
INFO:Logger:Epoch 78, Train Loss: 11.9647
INFO:Logger:Epoch 79, Train Loss: 11.9546
INFO:Logger:Epoch 80, Train Loss: 12.0137
INFO:Logger:Epoch 81, Train Loss: 11.9588
INFO:Logger:Epoch 82, Train Loss: 11.9904
INFO:Logger:Epoch 83, Train Loss: 11.9570
INFO:Logger:Epoch 84, Train Loss: 11.8904
INFO:Logger:Epoch 85, Train Loss: 11.9745
INFO:Logger:Epoch 86, Train Loss: 11.9316
INFO:Logger:Epoch 87, Train Loss: 11.9281
INFO:Logger:Epoch 88, Train Loss: 11.9438
INFO:Logger:Epoch 89, Train Loss: 11.9998
INFO:Logger:Epoch 90, Train Loss: 11.9417
INFO:Logger:Epoch 91, Train Loss: 11.9414
INFO:Logger:Epoch 92, Train Loss: 11.9506
INFO:Logger:Epoch 93, Train Loss: 11.9725
INFO:Logger:Epoch 94, Train Loss: 11.9693
INFO:Logger:Epoch 95, Train Loss: 11.9427
INFO:Logger:Epoch 96, Train Loss: 11.9440
INFO:Logger:Epoch 97, Train Loss: 11.9377
INFO:Logger:Epoch 98, Train Loss: 11.9788
INFO:Logger:Epoch 99, Train Loss: 11.9465
INFO:Logger:Epoch 100, Train Loss: 11.9513
INFO:Logger:Test Error: 0.0785
INFO:Logger:Pearson Correlation Coefficient: 0.8914099132522028
INFO:Logger:Epoch 1, Train Loss: 7.1842
INFO:Logger:Epoch 2, Train Loss: 7.3514
INFO:Logger:Epoch 3, Train Loss: 7.4173
INFO:Logger:Epoch 4, Train Loss: 7.1394
INFO:Logger:Epoch 5, Train Loss: 6.6216
INFO:Logger:Epoch 6, Train Loss: 6.5442
INFO:Logger:Epoch 7, Train Loss: 6.6567
INFO:Logger:Epoch 8, Train Loss: 6.0426
INFO:Logger:Epoch 9, Train Loss: 5.6599
INFO:Logger:Epoch 10, Train Loss: 5.5359
INFO:Logger:Epoch 11, Train Loss: 5.7445
INFO:Logger:Epoch 12, Train Loss: 5.3056
INFO:Logger:Epoch 13, Train Loss: 4.8564
INFO:Logger:Epoch 14, Train Loss: 5.0881
INFO:Logger:Epoch 15, Train Loss: 4.3754
INFO:Logger:Epoch 16, Train Loss: 4.8329
INFO:Logger:Epoch 17, Train Loss: 4.3076
INFO:Logger:Epoch 18, Train Loss: 4.2073
INFO:Logger:Epoch 19, Train Loss: 5.3270
INFO:Logger:Epoch 20, Train Loss: 4.6491
INFO:Logger:Epoch 21, Train Loss: 4.4879
INFO:Logger:Epoch 22, Train Loss: 4.1787
INFO:Logger:Epoch 23, Train Loss: 4.0449
INFO:Logger:Epoch 24, Train Loss: 3.9311
INFO:Logger:Epoch 25, Train Loss: 4.2415
INFO:Logger:Epoch 26, Train Loss: 3.8180
INFO:Logger:Epoch 27, Train Loss: 3.9292
INFO:Logger:Epoch 28, Train Loss: 4.1797
INFO:Logger:Epoch 29, Train Loss: 4.0319
INFO:Logger:Epoch 30, Train Loss: 3.9433
INFO:Logger:Epoch 31, Train Loss: 4.4304
INFO:Logger:Epoch 32, Train Loss: 3.8532
INFO:Logger:Epoch 33, Train Loss: 3.6032
INFO:Logger:Epoch 34, Train Loss: 3.6739
INFO:Logger:Epoch 35, Train Loss: 3.5342
INFO:Logger:Epoch 36, Train Loss: 3.5480
INFO:Logger:Epoch 37, Train Loss: 3.5664
INFO:Logger:Epoch 38, Train Loss: 3.6174
INFO:Logger:Epoch 39, Train Loss: 3.3849
INFO:Logger:Epoch 40, Train Loss: 3.3074
INFO:Logger:Epoch 41, Train Loss: 3.4914
INFO:Logger:Epoch 42, Train Loss: 3.4137
INFO:Logger:Epoch 43, Train Loss: 3.4635
INFO:Logger:Epoch 44, Train Loss: 3.5175
INFO:Logger:Epoch 45, Train Loss: 3.7285
INFO:Logger:Epoch 46, Train Loss: 3.3784
INFO:Logger:Epoch 47, Train Loss: 3.4654
INFO:Logger:Epoch 48, Train Loss: 3.5174
INFO:Logger:Epoch 49, Train Loss: 3.9604
INFO:Logger:Epoch 50, Train Loss: 3.6944
INFO:Logger:Epoch 51, Train Loss: 3.4896
INFO:Logger:Epoch 52, Train Loss: 3.3936
INFO:Logger:Epoch 53, Train Loss: 3.4062
INFO:Logger:Epoch 54, Train Loss: 3.5043
INFO:Logger:Epoch 55, Train Loss: 3.6134
INFO:Logger:Epoch 56, Train Loss: 3.7646
INFO:Logger:Epoch 57, Train Loss: 3.3780
INFO:Logger:Epoch 58, Train Loss: 3.4930
INFO:Logger:Epoch 59, Train Loss: 3.4913
INFO:Logger:Epoch 60, Train Loss: 3.3912
INFO:Logger:Epoch 61, Train Loss: 3.4458
INFO:Logger:Epoch 62, Train Loss: 3.3908
INFO:Logger:Epoch 63, Train Loss: 3.2191
INFO:Logger:Epoch 64, Train Loss: 3.4890
INFO:Logger:Epoch 65, Train Loss: 3.5464
INFO:Logger:Epoch 66, Train Loss: 3.5848
INFO:Logger:Epoch 67, Train Loss: 3.5669
INFO:Logger:Epoch 68, Train Loss: 3.4474
INFO:Logger:Epoch 69, Train Loss: 3.5812
INFO:Logger:Epoch 70, Train Loss: 3.3508
INFO:Logger:Epoch 71, Train Loss: 3.5014
INFO:Logger:Epoch 72, Train Loss: 3.5341
INFO:Logger:Epoch 73, Train Loss: 3.4509
INFO:Logger:Epoch 74, Train Loss: 3.4011
INFO:Logger:Epoch 75, Train Loss: 3.6512
INFO:Logger:Epoch 76, Train Loss: 3.5294
INFO:Logger:Epoch 77, Train Loss: 3.5626
INFO:Logger:Epoch 78, Train Loss: 3.2580
INFO:Logger:Epoch 79, Train Loss: 3.4277
INFO:Logger:Epoch 80, Train Loss: 3.4206
INFO:Logger:Epoch 81, Train Loss: 3.4394
INFO:Logger:Epoch 82, Train Loss: 3.4042
INFO:Logger:Epoch 83, Train Loss: 3.7242
INFO:Logger:Epoch 84, Train Loss: 3.3673
INFO:Logger:Epoch 85, Train Loss: 3.2962
INFO:Logger:Epoch 86, Train Loss: 3.2920
INFO:Logger:Epoch 87, Train Loss: 3.4501
INFO:Logger:Epoch 88, Train Loss: 3.2578
INFO:Logger:Epoch 89, Train Loss: 3.2894
INFO:Logger:Epoch 90, Train Loss: 3.2174
INFO:Logger:Epoch 91, Train Loss: 3.3543
INFO:Logger:Epoch 92, Train Loss: 3.3655
INFO:Logger:Epoch 93, Train Loss: 3.3156
INFO:Logger:Epoch 94, Train Loss: 3.2843
INFO:Logger:Epoch 95, Train Loss: 3.1826
INFO:Logger:Epoch 96, Train Loss: 3.2821
INFO:Logger:Epoch 97, Train Loss: 3.4151
INFO:Logger:Epoch 98, Train Loss: 3.2072
INFO:Logger:Epoch 99, Train Loss: 3.2257
INFO:Logger:Epoch 100, Train Loss: 3.4706
INFO:Logger:Test Error: 0.0796
INFO:Logger:Pearson Correlation Coefficient: 0.8976147595501505
INFO:Logger:Epoch 1, Train Loss: 11.6096
INFO:Logger:Epoch 2, Train Loss: 11.0644
INFO:Logger:Epoch 3, Train Loss: 11.2903
INFO:Logger:Epoch 4, Train Loss: 11.1214
INFO:Logger:Epoch 5, Train Loss: 11.0867
INFO:Logger:Epoch 6, Train Loss: 11.2226
INFO:Logger:Epoch 7, Train Loss: 11.1090
INFO:Logger:Epoch 8, Train Loss: 11.2522
INFO:Logger:Epoch 9, Train Loss: 11.1394
INFO:Logger:Epoch 10, Train Loss: 11.1482
INFO:Logger:Epoch 11, Train Loss: 11.1369
INFO:Logger:Epoch 12, Train Loss: 11.1429
INFO:Logger:Epoch 13, Train Loss: 11.0789
INFO:Logger:Epoch 14, Train Loss: 11.1105
INFO:Logger:Epoch 15, Train Loss: 11.1230
INFO:Logger:Epoch 16, Train Loss: 11.1112
INFO:Logger:Epoch 17, Train Loss: 11.1169
INFO:Logger:Epoch 18, Train Loss: 11.0696
INFO:Logger:Epoch 19, Train Loss: 11.0480
INFO:Logger:Epoch 20, Train Loss: 10.9834
INFO:Logger:Epoch 21, Train Loss: 11.0777
INFO:Logger:Epoch 22, Train Loss: 11.0853
INFO:Logger:Epoch 23, Train Loss: 11.0076
INFO:Logger:Epoch 24, Train Loss: 11.0225
INFO:Logger:Epoch 25, Train Loss: 10.9896
INFO:Logger:Epoch 26, Train Loss: 11.0158
INFO:Logger:Epoch 27, Train Loss: 11.0872
INFO:Logger:Epoch 28, Train Loss: 10.9367
INFO:Logger:Epoch 29, Train Loss: 10.9576
INFO:Logger:Epoch 30, Train Loss: 10.9703
INFO:Logger:Epoch 31, Train Loss: 10.9109
INFO:Logger:Epoch 32, Train Loss: 10.9185
INFO:Logger:Epoch 33, Train Loss: 10.9389
INFO:Logger:Epoch 34, Train Loss: 10.9345
INFO:Logger:Epoch 35, Train Loss: 10.8987
INFO:Logger:Epoch 36, Train Loss: 10.9612
INFO:Logger:Epoch 37, Train Loss: 10.8987
INFO:Logger:Epoch 38, Train Loss: 10.9336
INFO:Logger:Epoch 39, Train Loss: 10.8809
INFO:Logger:Epoch 40, Train Loss: 10.9400
INFO:Logger:Epoch 41, Train Loss: 10.9086
INFO:Logger:Epoch 42, Train Loss: 10.8249
INFO:Logger:Epoch 43, Train Loss: 10.8446
INFO:Logger:Epoch 44, Train Loss: 10.8337
INFO:Logger:Epoch 45, Train Loss: 10.8797
INFO:Logger:Epoch 46, Train Loss: 10.8584
INFO:Logger:Epoch 47, Train Loss: 10.8571
INFO:Logger:Epoch 48, Train Loss: 10.8316
INFO:Logger:Epoch 49, Train Loss: 10.8645
INFO:Logger:Epoch 50, Train Loss: 10.7971
INFO:Logger:Epoch 51, Train Loss: 10.7165
INFO:Logger:Epoch 52, Train Loss: 10.7866
INFO:Logger:Epoch 53, Train Loss: 10.8207
INFO:Logger:Epoch 54, Train Loss: 10.8232
INFO:Logger:Epoch 55, Train Loss: 10.8091
INFO:Logger:Epoch 56, Train Loss: 10.8468
INFO:Logger:Epoch 57, Train Loss: 10.8131
INFO:Logger:Epoch 58, Train Loss: 10.7177
INFO:Logger:Epoch 59, Train Loss: 10.7310
INFO:Logger:Epoch 60, Train Loss: 10.7780
INFO:Logger:Epoch 61, Train Loss: 10.7886
INFO:Logger:Epoch 62, Train Loss: 10.7155
INFO:Logger:Epoch 63, Train Loss: 10.6845
INFO:Logger:Epoch 64, Train Loss: 10.7519
INFO:Logger:Epoch 65, Train Loss: 10.7376
INFO:Logger:Epoch 66, Train Loss: 10.7486
INFO:Logger:Epoch 67, Train Loss: 10.7713
INFO:Logger:Epoch 68, Train Loss: 10.6973
INFO:Logger:Epoch 69, Train Loss: 10.7347
INFO:Logger:Epoch 70, Train Loss: 10.6569
INFO:Logger:Epoch 71, Train Loss: 10.7446
INFO:Logger:Epoch 72, Train Loss: 10.7030
INFO:Logger:Epoch 73, Train Loss: 10.8585
INFO:Logger:Epoch 74, Train Loss: 10.6924
INFO:Logger:Epoch 75, Train Loss: 10.7394
INFO:Logger:Epoch 76, Train Loss: 10.7437
INFO:Logger:Epoch 77, Train Loss: 10.7219
INFO:Logger:Epoch 78, Train Loss: 10.7859
INFO:Logger:Epoch 79, Train Loss: 10.7787
INFO:Logger:Epoch 80, Train Loss: 10.7018
INFO:Logger:Epoch 81, Train Loss: 10.7584
INFO:Logger:Epoch 82, Train Loss: 10.7091
INFO:Logger:Epoch 83, Train Loss: 10.7083
INFO:Logger:Epoch 84, Train Loss: 10.6745
INFO:Logger:Epoch 85, Train Loss: 10.6052
INFO:Logger:Epoch 86, Train Loss: 10.6991
INFO:Logger:Epoch 87, Train Loss: 10.6567
INFO:Logger:Epoch 88, Train Loss: 10.6450
INFO:Logger:Epoch 89, Train Loss: 10.7850
INFO:Logger:Epoch 90, Train Loss: 10.7863
INFO:Logger:Epoch 91, Train Loss: 10.6848
INFO:Logger:Epoch 92, Train Loss: 10.7463
INFO:Logger:Epoch 93, Train Loss: 10.6728
INFO:Logger:Epoch 94, Train Loss: 10.6401
INFO:Logger:Epoch 95, Train Loss: 10.6113
INFO:Logger:Epoch 96, Train Loss: 10.6092
INFO:Logger:Epoch 97, Train Loss: 10.6327
INFO:Logger:Epoch 98, Train Loss: 10.6282
INFO:Logger:Epoch 99, Train Loss: 10.6482
INFO:Logger:Epoch 100, Train Loss: 10.6773
INFO:Logger:Test Error: 0.0836
INFO:Logger:Pearson Correlation Coefficient: 0.8889513314238016
INFO:Logger:Epoch 1, Train Loss: 8.0472
INFO:Logger:Epoch 2, Train Loss: 8.0071
INFO:Logger:Epoch 3, Train Loss: 7.9931
INFO:Logger:Epoch 4, Train Loss: 8.0576
INFO:Logger:Epoch 5, Train Loss: 8.0924
INFO:Logger:Epoch 6, Train Loss: 8.0211
INFO:Logger:Epoch 7, Train Loss: 7.9508
INFO:Logger:Epoch 8, Train Loss: 8.0793
INFO:Logger:Epoch 9, Train Loss: 8.0265
INFO:Logger:Epoch 10, Train Loss: 8.0649
INFO:Logger:Epoch 11, Train Loss: 8.0143
INFO:Logger:Epoch 12, Train Loss: 8.0199
INFO:Logger:Epoch 13, Train Loss: 8.0261
INFO:Logger:Epoch 14, Train Loss: 8.1096
INFO:Logger:Epoch 15, Train Loss: 8.1420
INFO:Logger:Epoch 16, Train Loss: 8.2242
INFO:Logger:Epoch 17, Train Loss: 8.3036
INFO:Logger:Epoch 18, Train Loss: 8.1451
INFO:Logger:Epoch 19, Train Loss: 8.2126
INFO:Logger:Epoch 20, Train Loss: 8.1757
INFO:Logger:Epoch 21, Train Loss: 8.3272
INFO:Logger:Epoch 22, Train Loss: 8.2873
INFO:Logger:Epoch 23, Train Loss: 8.4399
INFO:Logger:Epoch 24, Train Loss: 8.4592
INFO:Logger:Epoch 25, Train Loss: 8.3340
INFO:Logger:Epoch 26, Train Loss: 8.4727
INFO:Logger:Epoch 27, Train Loss: 8.4256
INFO:Logger:Epoch 28, Train Loss: 8.3969
INFO:Logger:Epoch 29, Train Loss: 8.4222
INFO:Logger:Epoch 30, Train Loss: 8.5427
INFO:Logger:Epoch 31, Train Loss: 8.5784
INFO:Logger:Epoch 32, Train Loss: 8.4662
INFO:Logger:Epoch 33, Train Loss: 8.5342
INFO:Logger:Epoch 34, Train Loss: 8.5821
INFO:Logger:Epoch 35, Train Loss: 8.4685
INFO:Logger:Epoch 36, Train Loss: 8.5795
INFO:Logger:Epoch 37, Train Loss: 8.6356
INFO:Logger:Epoch 38, Train Loss: 8.5413
INFO:Logger:Epoch 39, Train Loss: 8.7136
INFO:Logger:Epoch 40, Train Loss: 8.6236
INFO:Logger:Epoch 41, Train Loss: 8.5941
INFO:Logger:Epoch 42, Train Loss: 8.6173
INFO:Logger:Epoch 43, Train Loss: 8.6081
INFO:Logger:Epoch 44, Train Loss: 8.5096
INFO:Logger:Epoch 45, Train Loss: 8.5860
INFO:Logger:Epoch 46, Train Loss: 8.5833
INFO:Logger:Epoch 47, Train Loss: 8.7162
INFO:Logger:Epoch 48, Train Loss: 8.6578
INFO:Logger:Epoch 49, Train Loss: 8.8302
INFO:Logger:Epoch 50, Train Loss: 8.7964
INFO:Logger:Epoch 51, Train Loss: 8.8741
INFO:Logger:Epoch 52, Train Loss: 8.6543
INFO:Logger:Epoch 53, Train Loss: 8.6675
INFO:Logger:Epoch 54, Train Loss: 8.6294
INFO:Logger:Epoch 55, Train Loss: 8.6895
INFO:Logger:Epoch 56, Train Loss: 8.6377
INFO:Logger:Epoch 57, Train Loss: 8.8382
INFO:Logger:Epoch 58, Train Loss: 8.6646
INFO:Logger:Epoch 59, Train Loss: 8.8623
INFO:Logger:Epoch 60, Train Loss: 8.7556
INFO:Logger:Epoch 61, Train Loss: 8.7015
INFO:Logger:Epoch 62, Train Loss: 8.7468
INFO:Logger:Epoch 63, Train Loss: 8.6886
INFO:Logger:Epoch 64, Train Loss: 8.5308
INFO:Logger:Epoch 65, Train Loss: 8.5837
INFO:Logger:Epoch 66, Train Loss: 8.7339
INFO:Logger:Epoch 67, Train Loss: 8.6358
INFO:Logger:Epoch 68, Train Loss: 8.5927
INFO:Logger:Epoch 69, Train Loss: 8.6516
INFO:Logger:Epoch 70, Train Loss: 8.6985
INFO:Logger:Epoch 71, Train Loss: 8.7604
INFO:Logger:Epoch 72, Train Loss: 8.6149
INFO:Logger:Epoch 73, Train Loss: 8.4501
INFO:Logger:Epoch 74, Train Loss: 8.5218
INFO:Logger:Epoch 75, Train Loss: 8.5566
INFO:Logger:Epoch 76, Train Loss: 8.5683
INFO:Logger:Epoch 77, Train Loss: 8.6583
INFO:Logger:Epoch 78, Train Loss: 8.7348
INFO:Logger:Epoch 79, Train Loss: 8.7295
INFO:Logger:Epoch 80, Train Loss: 8.5176
INFO:Logger:Epoch 81, Train Loss: 8.7103
INFO:Logger:Epoch 82, Train Loss: 8.6390
INFO:Logger:Epoch 83, Train Loss: 8.5638
INFO:Logger:Epoch 84, Train Loss: 8.5716
INFO:Logger:Epoch 85, Train Loss: 8.6359
INFO:Logger:Epoch 86, Train Loss: 8.6705
INFO:Logger:Epoch 87, Train Loss: 8.4404
INFO:Logger:Epoch 88, Train Loss: 8.6241
INFO:Logger:Epoch 89, Train Loss: 8.6450
INFO:Logger:Epoch 90, Train Loss: 8.5777
INFO:Logger:Epoch 91, Train Loss: 8.5950
INFO:Logger:Epoch 92, Train Loss: 8.6069
INFO:Logger:Epoch 93, Train Loss: 8.5040
INFO:Logger:Epoch 94, Train Loss: 8.6431
INFO:Logger:Epoch 95, Train Loss: 8.7531
INFO:Logger:Epoch 96, Train Loss: 8.5498
INFO:Logger:Epoch 97, Train Loss: 8.6123
INFO:Logger:Epoch 98, Train Loss: 8.5397
INFO:Logger:Epoch 99, Train Loss: 8.6409
INFO:Logger:Epoch 100, Train Loss: 8.7033
INFO:Logger:Test Error: 0.0818
INFO:Logger:Pearson Correlation Coefficient: 0.8920016149533776
INFO:Logger:PCC: 0.892 ± 0.003
