/var/spool/slurmd/job13614005/slurm_script: line 9: SECONDS: command not found

CommandNotFoundError: Your shell has not been properly configured to use 'conda deactivate'.
To initialize your shell, run

    $ conda init <SHELL_NAME>

Currently supported shells are:
  - bash
  - fish
  - tcsh
  - xonsh
  - zsh
  - powershell

See 'conda init --help' for more information and options.

IMPORTANT: You may need to close and restart your shell after running 'conda init'.


/gpfs/gibbs/project/krishnaswamy_smita/sv496/conda_envs/metabolomics/lib/python3.10/site-packages/torch/nn/modules/loss.py:530: UserWarning: Using a target size (torch.Size([72])) that is different to the input size (torch.Size([5, 1])). This will likely lead to incorrect results due to broadcasting. Please ensure they have the same size.
  return F.mse_loss(input, target, reduction=self.reduction)
INFO:Logger:Epoch 1, Train Loss: 0.0827
INFO:Logger:Epoch 2, Train Loss: 0.0979
INFO:Logger:Epoch 3, Train Loss: 0.0956
INFO:Logger:Epoch 4, Train Loss: 0.1066
INFO:Logger:Epoch 5, Train Loss: 0.1180
INFO:Logger:Epoch 6, Train Loss: 0.1074
INFO:Logger:Epoch 7, Train Loss: 0.1700
INFO:Logger:Epoch 8, Train Loss: 0.1556
INFO:Logger:Epoch 9, Train Loss: 0.0921
INFO:Logger:Epoch 10, Train Loss: 0.1088
INFO:Logger:Epoch 11, Train Loss: 0.0930
INFO:Logger:Epoch 12, Train Loss: 0.1067
INFO:Logger:Epoch 13, Train Loss: 0.1026
INFO:Logger:Epoch 14, Train Loss: 0.1009
INFO:Logger:Epoch 15, Train Loss: 0.0968
INFO:Logger:Epoch 16, Train Loss: 0.0975
INFO:Logger:Epoch 17, Train Loss: 0.1166
INFO:Logger:Epoch 18, Train Loss: 0.1175
INFO:Logger:Epoch 19, Train Loss: 0.1199
INFO:Logger:Epoch 20, Train Loss: 0.1106
INFO:Logger:Epoch 21, Train Loss: 0.1002
INFO:Logger:Epoch 22, Train Loss: 0.0848
INFO:Logger:Epoch 23, Train Loss: 0.0966
INFO:Logger:Epoch 24, Train Loss: 0.1021
INFO:Logger:Epoch 25, Train Loss: 0.0890
INFO:Logger:Epoch 26, Train Loss: 0.0772
INFO:Logger:Epoch 27, Train Loss: 0.1006
INFO:Logger:Epoch 28, Train Loss: 0.0911
INFO:Logger:Epoch 29, Train Loss: 0.1261
INFO:Logger:Epoch 30, Train Loss: 0.1282
INFO:Logger:Epoch 31, Train Loss: 0.1058
INFO:Logger:Epoch 32, Train Loss: 0.0985
INFO:Logger:Epoch 33, Train Loss: 0.1125
INFO:Logger:Epoch 34, Train Loss: 0.1477
INFO:Logger:Epoch 35, Train Loss: 0.1226
INFO:Logger:Epoch 36, Train Loss: 0.1071
INFO:Logger:Epoch 37, Train Loss: 0.1001
INFO:Logger:Epoch 38, Train Loss: 0.0818
INFO:Logger:Epoch 39, Train Loss: 0.1361
INFO:Logger:Epoch 40, Train Loss: 0.0853
INFO:Logger:Epoch 41, Train Loss: 0.0734
INFO:Logger:Epoch 42, Train Loss: 0.1226
INFO:Logger:Epoch 43, Train Loss: 0.1238
INFO:Logger:Epoch 44, Train Loss: 0.1331
INFO:Logger:Epoch 45, Train Loss: 0.0671
INFO:Logger:Epoch 46, Train Loss: 0.0720
INFO:Logger:Epoch 47, Train Loss: 0.0788
INFO:Logger:Epoch 48, Train Loss: 0.1158
INFO:Logger:Epoch 49, Train Loss: 0.0434
INFO:Logger:Epoch 50, Train Loss: 0.0654
INFO:Logger:Epoch 51, Train Loss: 0.1246
INFO:Logger:Epoch 52, Train Loss: 0.0583
INFO:Logger:Epoch 53, Train Loss: 0.1240
INFO:Logger:Epoch 54, Train Loss: 0.1046
INFO:Logger:Epoch 55, Train Loss: 0.0931
INFO:Logger:Epoch 56, Train Loss: 0.0703
INFO:Logger:Epoch 57, Train Loss: 0.0930
INFO:Logger:Epoch 58, Train Loss: 0.1121
INFO:Logger:Epoch 59, Train Loss: 0.0754
INFO:Logger:Epoch 60, Train Loss: 0.1259
INFO:Logger:Epoch 61, Train Loss: 0.0976
INFO:Logger:Epoch 62, Train Loss: 0.1140
INFO:Logger:Epoch 63, Train Loss: 0.1274
INFO:Logger:Epoch 64, Train Loss: 0.1044
INFO:Logger:Epoch 65, Train Loss: 0.0755
INFO:Logger:Epoch 66, Train Loss: 0.1118
INFO:Logger:Epoch 67, Train Loss: 0.1255
INFO:Logger:Epoch 68, Train Loss: 0.1223
INFO:Logger:Epoch 69, Train Loss: 0.0880
INFO:Logger:Epoch 70, Train Loss: 0.0979
INFO:Logger:Epoch 71, Train Loss: 0.1074
INFO:Logger:Epoch 72, Train Loss: 0.1132
INFO:Logger:Epoch 73, Train Loss: 0.0846
INFO:Logger:Epoch 74, Train Loss: 0.1252
INFO:Logger:Epoch 75, Train Loss: 0.1111
INFO:Logger:Epoch 76, Train Loss: 0.1660
INFO:Logger:Epoch 77, Train Loss: 0.1090
INFO:Logger:Epoch 78, Train Loss: 0.0829
INFO:Logger:Epoch 79, Train Loss: 0.1097
INFO:Logger:Epoch 80, Train Loss: 0.1615
INFO:Logger:Epoch 81, Train Loss: 0.0871
INFO:Logger:Epoch 82, Train Loss: 0.1138
INFO:Logger:Epoch 83, Train Loss: 0.0754
INFO:Logger:Epoch 84, Train Loss: 0.1369
INFO:Logger:Epoch 85, Train Loss: 0.1020
INFO:Logger:Epoch 86, Train Loss: 0.0562
INFO:Logger:Epoch 87, Train Loss: 0.0872
INFO:Logger:Epoch 88, Train Loss: 0.1011
INFO:Logger:Epoch 89, Train Loss: 0.0571
INFO:Logger:Epoch 90, Train Loss: 0.0624
INFO:Logger:Epoch 91, Train Loss: 0.0980
INFO:Logger:Epoch 92, Train Loss: 0.0789
INFO:Logger:Epoch 93, Train Loss: 0.1065
INFO:Logger:Epoch 94, Train Loss: 0.1158
INFO:Logger:Epoch 95, Train Loss: 0.0957
INFO:Logger:Epoch 96, Train Loss: 0.0991
INFO:Logger:Epoch 97, Train Loss: 0.0944
INFO:Logger:Epoch 98, Train Loss: 0.0723
INFO:Logger:Epoch 99, Train Loss: 0.1608
INFO:Logger:Epoch 100, Train Loss: 0.1351
INFO:Logger:Test Error: 0.0663
INFO:Logger:Pearson Correlation Coefficient: 0.8298342036520374
INFO:Logger:Epoch 1, Train Loss: 2.8305
INFO:Logger:Epoch 2, Train Loss: 2.7018
INFO:Logger:Epoch 3, Train Loss: 3.5334
INFO:Logger:Epoch 4, Train Loss: 2.7914
INFO:Logger:Epoch 5, Train Loss: 2.5701
INFO:Logger:Epoch 6, Train Loss: 3.1165
INFO:Logger:Epoch 7, Train Loss: 2.7857
INFO:Logger:Epoch 8, Train Loss: 2.9484
INFO:Logger:Epoch 9, Train Loss: 2.0404
INFO:Logger:Epoch 10, Train Loss: 1.8101
INFO:Logger:Epoch 11, Train Loss: 2.7561
INFO:Logger:Epoch 12, Train Loss: 2.5768
INFO:Logger:Epoch 13, Train Loss: 0.8836
INFO:Logger:Epoch 14, Train Loss: 1.2676
INFO:Logger:Epoch 15, Train Loss: 0.4299
INFO:Logger:Epoch 16, Train Loss: 0.3516
INFO:Logger:Epoch 17, Train Loss: 0.7246
INFO:Logger:Epoch 18, Train Loss: 0.2382
INFO:Logger:Epoch 19, Train Loss: 0.2507
INFO:Logger:Epoch 20, Train Loss: 0.1947
INFO:Logger:Epoch 21, Train Loss: 0.1873
INFO:Logger:Epoch 22, Train Loss: 0.1668
INFO:Logger:Epoch 23, Train Loss: 0.1805
INFO:Logger:Epoch 24, Train Loss: 0.1423
INFO:Logger:Epoch 25, Train Loss: 0.1577
INFO:Logger:Epoch 26, Train Loss: 0.1778
INFO:Logger:Epoch 27, Train Loss: 0.2551
INFO:Logger:Epoch 28, Train Loss: 0.1583
INFO:Logger:Epoch 29, Train Loss: 0.2823
INFO:Logger:Epoch 30, Train Loss: 0.1685
INFO:Logger:Epoch 31, Train Loss: 0.3192
INFO:Logger:Epoch 32, Train Loss: 0.1844
INFO:Logger:Epoch 33, Train Loss: 0.1596
INFO:Logger:Epoch 34, Train Loss: 0.1598
INFO:Logger:Epoch 35, Train Loss: 0.2032
INFO:Logger:Epoch 36, Train Loss: 0.1800
INFO:Logger:Epoch 37, Train Loss: 0.1895
INFO:Logger:Epoch 38, Train Loss: 0.1436
INFO:Logger:Epoch 39, Train Loss: 0.1654
INFO:Logger:Epoch 40, Train Loss: 0.2077
INFO:Logger:Epoch 41, Train Loss: 0.2272
INFO:Logger:Epoch 42, Train Loss: 0.1692
INFO:Logger:Epoch 43, Train Loss: 0.1635
INFO:Logger:Epoch 44, Train Loss: 0.2543
INFO:Logger:Epoch 45, Train Loss: 0.1607
INFO:Logger:Epoch 46, Train Loss: 0.3434
INFO:Logger:Epoch 47, Train Loss: 0.3194
INFO:Logger:Epoch 48, Train Loss: 0.1786
INFO:Logger:Epoch 49, Train Loss: 0.3220
INFO:Logger:Epoch 50, Train Loss: 0.2098
INFO:Logger:Epoch 51, Train Loss: 0.2548
INFO:Logger:Epoch 52, Train Loss: 0.2135
INFO:Logger:Epoch 53, Train Loss: 0.2439
INFO:Logger:Epoch 54, Train Loss: 0.2653
INFO:Logger:Epoch 55, Train Loss: 0.2813
INFO:Logger:Epoch 56, Train Loss: 0.2530
INFO:Logger:Epoch 57, Train Loss: 0.2674
INFO:Logger:Epoch 58, Train Loss: 0.2643
INFO:Logger:Epoch 59, Train Loss: 0.2291
INFO:Logger:Epoch 60, Train Loss: 0.2493
INFO:Logger:Epoch 61, Train Loss: 0.3624
INFO:Logger:Epoch 62, Train Loss: 0.2558
INFO:Logger:Epoch 63, Train Loss: 0.3110
INFO:Logger:Epoch 64, Train Loss: 0.2534
INFO:Logger:Epoch 65, Train Loss: 0.2057
INFO:Logger:Epoch 66, Train Loss: 0.2547
INFO:Logger:Epoch 67, Train Loss: 0.2762
INFO:Logger:Epoch 68, Train Loss: 0.2447
INFO:Logger:Epoch 69, Train Loss: 0.2503
INFO:Logger:Epoch 70, Train Loss: 0.2585
INFO:Logger:Epoch 71, Train Loss: 0.2500
INFO:Logger:Epoch 72, Train Loss: 0.2394
INFO:Logger:Epoch 73, Train Loss: 0.2672
INFO:Logger:Epoch 74, Train Loss: 0.2612
INFO:Logger:Epoch 75, Train Loss: 0.2938
INFO:Logger:Epoch 76, Train Loss: 0.2352
INFO:Logger:Epoch 77, Train Loss: 0.2889
INFO:Logger:Epoch 78, Train Loss: 0.2571
INFO:Logger:Epoch 79, Train Loss: 0.2984
INFO:Logger:Epoch 80, Train Loss: 0.2499
INFO:Logger:Epoch 81, Train Loss: 0.2860
INFO:Logger:Epoch 82, Train Loss: 0.2990
INFO:Logger:Epoch 83, Train Loss: 0.3275
INFO:Logger:Epoch 84, Train Loss: 0.3339
INFO:Logger:Epoch 85, Train Loss: 0.3442
INFO:Logger:Epoch 86, Train Loss: 0.3430
INFO:Logger:Epoch 87, Train Loss: 0.2791
INFO:Logger:Epoch 88, Train Loss: 0.3325
INFO:Logger:Epoch 89, Train Loss: 0.3325
INFO:Logger:Epoch 90, Train Loss: 0.3281
INFO:Logger:Epoch 91, Train Loss: 0.2525
INFO:Logger:Epoch 92, Train Loss: 0.2937
INFO:Logger:Epoch 93, Train Loss: 0.3583
INFO:Logger:Epoch 94, Train Loss: 0.3005
INFO:Logger:Epoch 95, Train Loss: 0.3217
INFO:Logger:Epoch 96, Train Loss: 0.3202
INFO:Logger:Epoch 97, Train Loss: 0.3488
INFO:Logger:Epoch 98, Train Loss: 0.2507
INFO:Logger:Epoch 99, Train Loss: 0.2598
INFO:Logger:Epoch 100, Train Loss: 0.2740
INFO:Logger:Test Error: 0.0399
INFO:Logger:Pearson Correlation Coefficient: 0.9054228221100268
INFO:Logger:Epoch 1, Train Loss: 0.1725
INFO:Logger:Epoch 2, Train Loss: 0.1969
INFO:Logger:Epoch 3, Train Loss: 0.2423
INFO:Logger:Epoch 4, Train Loss: 0.2908
INFO:Logger:Epoch 5, Train Loss: 0.3414
INFO:Logger:Epoch 6, Train Loss: 0.3468
INFO:Logger:Epoch 7, Train Loss: 0.3092
INFO:Logger:Epoch 8, Train Loss: 0.2405
INFO:Logger:Epoch 9, Train Loss: 0.2519
INFO:Logger:Epoch 10, Train Loss: 0.2076
INFO:Logger:Epoch 11, Train Loss: 0.2220
INFO:Logger:Epoch 12, Train Loss: 0.1414
INFO:Logger:Epoch 13, Train Loss: 0.2912
INFO:Logger:Epoch 14, Train Loss: 0.3667
INFO:Logger:Epoch 15, Train Loss: 0.2410
INFO:Logger:Epoch 16, Train Loss: 0.2219
INFO:Logger:Epoch 17, Train Loss: 0.2328
INFO:Logger:Epoch 18, Train Loss: 0.1063
INFO:Logger:Epoch 19, Train Loss: 0.1091
INFO:Logger:Epoch 20, Train Loss: 0.1870
INFO:Logger:Epoch 21, Train Loss: 0.0859
INFO:Logger:Epoch 22, Train Loss: 0.1009
INFO:Logger:Epoch 23, Train Loss: 0.0936
INFO:Logger:Epoch 24, Train Loss: 0.0875
INFO:Logger:Epoch 25, Train Loss: 0.1001
INFO:Logger:Epoch 26, Train Loss: 0.0868
INFO:Logger:Epoch 27, Train Loss: 0.0812
INFO:Logger:Epoch 28, Train Loss: 0.0873
INFO:Logger:Epoch 29, Train Loss: 0.1242
INFO:Logger:Epoch 30, Train Loss: 0.0893
INFO:Logger:Epoch 31, Train Loss: 0.0642
INFO:Logger:Epoch 32, Train Loss: 0.0674
INFO:Logger:Epoch 33, Train Loss: 0.0670
INFO:Logger:Epoch 34, Train Loss: 0.0708
INFO:Logger:Epoch 35, Train Loss: 0.0678
INFO:Logger:Epoch 36, Train Loss: 0.0678
INFO:Logger:Epoch 37, Train Loss: 0.0823
INFO:Logger:Epoch 38, Train Loss: 0.0708
INFO:Logger:Epoch 39, Train Loss: 0.0718
INFO:Logger:Epoch 40, Train Loss: 0.0681
INFO:Logger:Epoch 41, Train Loss: 0.0717
INFO:Logger:Epoch 42, Train Loss: 0.0646
INFO:Logger:Epoch 43, Train Loss: 0.0627
INFO:Logger:Epoch 44, Train Loss: 0.0739
INFO:Logger:Epoch 45, Train Loss: 0.0644
INFO:Logger:Epoch 46, Train Loss: 0.0676
INFO:Logger:Epoch 47, Train Loss: 0.0633
INFO:Logger:Epoch 48, Train Loss: 0.0613
INFO:Logger:Epoch 49, Train Loss: 0.0702
INFO:Logger:Epoch 50, Train Loss: 0.0740
INFO:Logger:Epoch 51, Train Loss: 0.0592
INFO:Logger:Epoch 52, Train Loss: 0.0589
INFO:Logger:Epoch 53, Train Loss: 0.0695
INFO:Logger:Epoch 54, Train Loss: 0.0704
INFO:Logger:Epoch 55, Train Loss: 0.0838
INFO:Logger:Epoch 56, Train Loss: 0.0938
INFO:Logger:Epoch 57, Train Loss: 0.0731
INFO:Logger:Epoch 58, Train Loss: 0.0697
INFO:Logger:Epoch 59, Train Loss: 0.0656
INFO:Logger:Epoch 60, Train Loss: 0.0639
INFO:Logger:Epoch 61, Train Loss: 0.0624
INFO:Logger:Epoch 62, Train Loss: 0.0678
INFO:Logger:Epoch 63, Train Loss: 0.0695
INFO:Logger:Epoch 64, Train Loss: 0.0678
INFO:Logger:Epoch 65, Train Loss: 0.0606
INFO:Logger:Epoch 66, Train Loss: 0.0574
INFO:Logger:Epoch 67, Train Loss: 0.0679
INFO:Logger:Epoch 68, Train Loss: 0.0808
INFO:Logger:Epoch 69, Train Loss: 0.0630
INFO:Logger:Epoch 70, Train Loss: 0.0680
INFO:Logger:Epoch 71, Train Loss: 0.0530
INFO:Logger:Epoch 72, Train Loss: 0.0528
INFO:Logger:Epoch 73, Train Loss: 0.0600
INFO:Logger:Epoch 74, Train Loss: 0.0544
INFO:Logger:Epoch 75, Train Loss: 0.0551
INFO:Logger:Epoch 76, Train Loss: 0.0503
INFO:Logger:Epoch 77, Train Loss: 0.0494
INFO:Logger:Epoch 78, Train Loss: 0.0450
INFO:Logger:Epoch 79, Train Loss: 0.0528
INFO:Logger:Epoch 80, Train Loss: 0.0571
INFO:Logger:Epoch 81, Train Loss: 0.0882
INFO:Logger:Epoch 82, Train Loss: 0.1257
INFO:Logger:Epoch 83, Train Loss: 0.0514
INFO:Logger:Epoch 84, Train Loss: 0.1055
INFO:Logger:Epoch 85, Train Loss: 0.0656
INFO:Logger:Epoch 86, Train Loss: 0.0617
INFO:Logger:Epoch 87, Train Loss: 0.0598
INFO:Logger:Epoch 88, Train Loss: 0.1449
INFO:Logger:Epoch 89, Train Loss: 0.1088
INFO:Logger:Epoch 90, Train Loss: 0.0820
INFO:Logger:Epoch 91, Train Loss: 0.1119
INFO:Logger:Epoch 92, Train Loss: 0.1260
INFO:Logger:Epoch 93, Train Loss: 0.2127
INFO:Logger:Epoch 94, Train Loss: 0.1364
INFO:Logger:Epoch 95, Train Loss: 0.0760
INFO:Logger:Epoch 96, Train Loss: 0.1568
INFO:Logger:Epoch 97, Train Loss: 0.1343
INFO:Logger:Epoch 98, Train Loss: 0.1375
INFO:Logger:Epoch 99, Train Loss: 0.1679
INFO:Logger:Epoch 100, Train Loss: 0.1539
INFO:Logger:Test Error: 0.0598
INFO:Logger:Pearson Correlation Coefficient: 0.8855335098679369
INFO:Logger:Epoch 1, Train Loss: 0.2446
INFO:Logger:Epoch 2, Train Loss: 0.2933
INFO:Logger:Epoch 3, Train Loss: 0.3643
INFO:Logger:Epoch 4, Train Loss: 0.1829
INFO:Logger:Epoch 5, Train Loss: 0.1466
INFO:Logger:Epoch 6, Train Loss: 0.0997
INFO:Logger:Epoch 7, Train Loss: 0.1075
INFO:Logger:Epoch 8, Train Loss: 0.0391
INFO:Logger:Epoch 9, Train Loss: 0.2915
INFO:Logger:Epoch 10, Train Loss: 0.1389
INFO:Logger:Epoch 11, Train Loss: 0.0102
INFO:Logger:Epoch 12, Train Loss: 0.0584
INFO:Logger:Epoch 13, Train Loss: 0.0493
INFO:Logger:Epoch 14, Train Loss: 0.0179
INFO:Logger:Epoch 15, Train Loss: 0.0189
INFO:Logger:Epoch 16, Train Loss: 0.0412
INFO:Logger:Epoch 17, Train Loss: 0.0151
INFO:Logger:Epoch 18, Train Loss: 0.0336
INFO:Logger:Epoch 19, Train Loss: 0.0121
INFO:Logger:Epoch 20, Train Loss: 0.0124
INFO:Logger:Epoch 21, Train Loss: 0.0219
INFO:Logger:Epoch 22, Train Loss: 0.0214
INFO:Logger:Epoch 23, Train Loss: 0.0121
INFO:Logger:Epoch 24, Train Loss: 0.0205
INFO:Logger:Epoch 25, Train Loss: 0.0193
INFO:Logger:Epoch 26, Train Loss: 0.0147
INFO:Logger:Epoch 27, Train Loss: 0.0118
INFO:Logger:Epoch 28, Train Loss: 0.0146
INFO:Logger:Epoch 29, Train Loss: 0.0257
INFO:Logger:Epoch 30, Train Loss: 0.0128
INFO:Logger:Epoch 31, Train Loss: 0.0230
INFO:Logger:Epoch 32, Train Loss: 0.0264
INFO:Logger:Epoch 33, Train Loss: 0.0140
INFO:Logger:Epoch 34, Train Loss: 0.0372
INFO:Logger:Epoch 35, Train Loss: 0.0164
INFO:Logger:Epoch 36, Train Loss: 0.0122
INFO:Logger:Epoch 37, Train Loss: 0.0220
INFO:Logger:Epoch 38, Train Loss: 0.0210
INFO:Logger:Epoch 39, Train Loss: 0.0146
INFO:Logger:Epoch 40, Train Loss: 0.0128
INFO:Logger:Epoch 41, Train Loss: 0.0238
INFO:Logger:Epoch 42, Train Loss: 0.0308
INFO:Logger:Epoch 43, Train Loss: 0.0198
INFO:Logger:Epoch 44, Train Loss: 0.0151
INFO:Logger:Epoch 45, Train Loss: 0.0202
INFO:Logger:Epoch 46, Train Loss: 0.0536
INFO:Logger:Epoch 47, Train Loss: 0.0196
INFO:Logger:Epoch 48, Train Loss: 0.0517
INFO:Logger:Epoch 49, Train Loss: 0.0233
INFO:Logger:Epoch 50, Train Loss: 0.0253
INFO:Logger:Epoch 51, Train Loss: 0.0155
INFO:Logger:Epoch 52, Train Loss: 0.0165
INFO:Logger:Epoch 53, Train Loss: 0.0540
INFO:Logger:Epoch 54, Train Loss: 0.0227
INFO:Logger:Epoch 55, Train Loss: 0.0218
INFO:Logger:Epoch 56, Train Loss: 0.0178
INFO:Logger:Epoch 57, Train Loss: 0.0160
INFO:Logger:Epoch 58, Train Loss: 0.0294
INFO:Logger:Epoch 59, Train Loss: 0.0249
INFO:Logger:Epoch 60, Train Loss: 0.0209
INFO:Logger:Epoch 61, Train Loss: 0.0225
INFO:Logger:Epoch 62, Train Loss: 0.0378
INFO:Logger:Epoch 63, Train Loss: 0.0126
INFO:Logger:Epoch 64, Train Loss: 0.0168
INFO:Logger:Epoch 65, Train Loss: 0.0154
INFO:Logger:Epoch 66, Train Loss: 0.0120
INFO:Logger:Epoch 67, Train Loss: 0.0117
INFO:Logger:Epoch 68, Train Loss: 0.0198
INFO:Logger:Epoch 69, Train Loss: 0.0296
INFO:Logger:Epoch 70, Train Loss: 0.0260
INFO:Logger:Epoch 71, Train Loss: 0.0303
INFO:Logger:Epoch 72, Train Loss: 0.0162
INFO:Logger:Epoch 73, Train Loss: 0.0220
INFO:Logger:Epoch 74, Train Loss: 0.0227
INFO:Logger:Epoch 75, Train Loss: 0.0184
INFO:Logger:Epoch 76, Train Loss: 0.0370
INFO:Logger:Epoch 77, Train Loss: 0.0333
INFO:Logger:Epoch 78, Train Loss: 0.0332
INFO:Logger:Epoch 79, Train Loss: 0.0220
INFO:Logger:Epoch 80, Train Loss: 0.0253
INFO:Logger:Epoch 81, Train Loss: 0.0335
INFO:Logger:Epoch 82, Train Loss: 0.0299
INFO:Logger:Epoch 83, Train Loss: 0.0341
INFO:Logger:Epoch 84, Train Loss: 0.0393
INFO:Logger:Epoch 85, Train Loss: 0.0330
INFO:Logger:Epoch 86, Train Loss: 0.0266
INFO:Logger:Epoch 87, Train Loss: 0.0246
INFO:Logger:Epoch 88, Train Loss: 0.0229
INFO:Logger:Epoch 89, Train Loss: 0.0285
INFO:Logger:Epoch 90, Train Loss: 0.0373
INFO:Logger:Epoch 91, Train Loss: 0.0354
INFO:Logger:Epoch 92, Train Loss: 0.0256
INFO:Logger:Epoch 93, Train Loss: 0.0323
INFO:Logger:Epoch 94, Train Loss: 0.0254
INFO:Logger:Epoch 95, Train Loss: 0.0279
INFO:Logger:Epoch 96, Train Loss: 0.0254
INFO:Logger:Epoch 97, Train Loss: 0.0395
INFO:Logger:Epoch 98, Train Loss: 0.0258
INFO:Logger:Epoch 99, Train Loss: 0.0246
INFO:Logger:Epoch 100, Train Loss: 0.0316
INFO:Logger:Test Error: 0.0502
INFO:Logger:Pearson Correlation Coefficient: 0.8711666725920489
INFO:Logger:Epoch 1, Train Loss: 0.7776
INFO:Logger:Epoch 2, Train Loss: 0.5124
INFO:Logger:Epoch 3, Train Loss: 0.3545
INFO:Logger:Epoch 4, Train Loss: 0.4990
INFO:Logger:Epoch 5, Train Loss: 0.2111
INFO:Logger:Epoch 6, Train Loss: 0.4163
INFO:Logger:Epoch 7, Train Loss: 0.1464
INFO:Logger:Epoch 8, Train Loss: 0.2110
INFO:Logger:Epoch 9, Train Loss: 0.2439
INFO:Logger:Epoch 10, Train Loss: 0.2396
INFO:Logger:Epoch 11, Train Loss: 0.1152
INFO:Logger:Epoch 12, Train Loss: 0.1060
INFO:Logger:Epoch 13, Train Loss: 0.1083
INFO:Logger:Epoch 14, Train Loss: 0.1267
INFO:Logger:Epoch 15, Train Loss: 0.3702
INFO:Logger:Epoch 16, Train Loss: 0.1098
INFO:Logger:Epoch 17, Train Loss: 0.1410
INFO:Logger:Epoch 18, Train Loss: 0.1277
INFO:Logger:Epoch 19, Train Loss: 0.1150
INFO:Logger:Epoch 20, Train Loss: 0.1502
INFO:Logger:Epoch 21, Train Loss: 0.3085
INFO:Logger:Epoch 22, Train Loss: 0.2213
INFO:Logger:Epoch 23, Train Loss: 0.4105
INFO:Logger:Epoch 24, Train Loss: 0.2956
INFO:Logger:Epoch 25, Train Loss: 0.1331
INFO:Logger:Epoch 26, Train Loss: 0.2205
INFO:Logger:Epoch 27, Train Loss: 0.1868
INFO:Logger:Epoch 28, Train Loss: 0.1043
INFO:Logger:Epoch 29, Train Loss: 0.1190
INFO:Logger:Epoch 30, Train Loss: 0.1900
INFO:Logger:Epoch 31, Train Loss: 0.2570
INFO:Logger:Epoch 32, Train Loss: 0.2204
INFO:Logger:Epoch 33, Train Loss: 0.2487
INFO:Logger:Epoch 34, Train Loss: 0.2608
INFO:Logger:Epoch 35, Train Loss: 0.2662
INFO:Logger:Epoch 36, Train Loss: 0.2338
INFO:Logger:Epoch 37, Train Loss: 0.2275
INFO:Logger:Epoch 38, Train Loss: 0.2259
INFO:Logger:Epoch 39, Train Loss: 0.2059
INFO:Logger:Epoch 40, Train Loss: 0.1321
INFO:Logger:Epoch 41, Train Loss: 0.2612
INFO:Logger:Epoch 42, Train Loss: 0.1969
INFO:Logger:Epoch 43, Train Loss: 0.3477
INFO:Logger:Epoch 44, Train Loss: 0.3518
INFO:Logger:Epoch 45, Train Loss: 0.2400
INFO:Logger:Epoch 46, Train Loss: 0.1938
INFO:Logger:Epoch 47, Train Loss: 0.2213
INFO:Logger:Epoch 48, Train Loss: 0.1930
INFO:Logger:Epoch 49, Train Loss: 0.2498
INFO:Logger:Epoch 50, Train Loss: 0.3333
INFO:Logger:Epoch 51, Train Loss: 0.1428
INFO:Logger:Epoch 52, Train Loss: 0.2293
INFO:Logger:Epoch 53, Train Loss: 0.1752
INFO:Logger:Epoch 54, Train Loss: 0.2881
INFO:Logger:Epoch 55, Train Loss: 0.2528
INFO:Logger:Epoch 56, Train Loss: 0.2864
INFO:Logger:Epoch 57, Train Loss: 0.3684
INFO:Logger:Epoch 58, Train Loss: 0.2322
INFO:Logger:Epoch 59, Train Loss: 0.2529
INFO:Logger:Epoch 60, Train Loss: 0.3908
INFO:Logger:Epoch 61, Train Loss: 0.2171
INFO:Logger:Epoch 62, Train Loss: 0.2449
INFO:Logger:Epoch 63, Train Loss: 0.2253
INFO:Logger:Epoch 64, Train Loss: 0.1766
INFO:Logger:Epoch 65, Train Loss: 0.2099
INFO:Logger:Epoch 66, Train Loss: 0.2652
INFO:Logger:Epoch 67, Train Loss: 0.1748
INFO:Logger:Epoch 68, Train Loss: 0.3599
INFO:Logger:Epoch 69, Train Loss: 0.2422
INFO:Logger:Epoch 70, Train Loss: 0.2609
INFO:Logger:Epoch 71, Train Loss: 0.4277
INFO:Logger:Epoch 72, Train Loss: 0.1829
INFO:Logger:Epoch 73, Train Loss: 0.1865
INFO:Logger:Epoch 74, Train Loss: 0.2131
INFO:Logger:Epoch 75, Train Loss: 0.0888
INFO:Logger:Epoch 76, Train Loss: 0.2310
INFO:Logger:Epoch 77, Train Loss: 0.2203
INFO:Logger:Epoch 78, Train Loss: 0.2176
INFO:Logger:Epoch 79, Train Loss: 0.1351
INFO:Logger:Epoch 80, Train Loss: 0.2391
INFO:Logger:Epoch 81, Train Loss: 0.1474
INFO:Logger:Epoch 82, Train Loss: 0.1133
INFO:Logger:Epoch 83, Train Loss: 0.1678
INFO:Logger:Epoch 84, Train Loss: 0.1087
INFO:Logger:Epoch 85, Train Loss: 0.0790
INFO:Logger:Epoch 86, Train Loss: 0.1541
INFO:Logger:Epoch 87, Train Loss: 0.2088
INFO:Logger:Epoch 88, Train Loss: 0.1760
INFO:Logger:Epoch 89, Train Loss: 0.1757
INFO:Logger:Epoch 90, Train Loss: 0.2001
INFO:Logger:Epoch 91, Train Loss: 0.1852
INFO:Logger:Epoch 92, Train Loss: 0.1507
INFO:Logger:Epoch 93, Train Loss: 0.1469
INFO:Logger:Epoch 94, Train Loss: 0.1367
INFO:Logger:Epoch 95, Train Loss: 0.1410
INFO:Logger:Epoch 96, Train Loss: 0.1346
INFO:Logger:Epoch 97, Train Loss: 0.1385
INFO:Logger:Epoch 98, Train Loss: 0.1321
INFO:Logger:Epoch 99, Train Loss: 0.1400
INFO:Logger:Epoch 100, Train Loss: 0.1742
INFO:Logger:Test Error: 0.0404
INFO:Logger:Pearson Correlation Coefficient: 0.8915033421331116
INFO:Logger:PCC: 0.877 ± 0.026
